#
# There is insufficient memory for the Java Runtime Environment to continue.
# Native memory allocation (malloc) failed to allocate 461136 bytes. Error detail: Chunk::new
# Possible reasons:
#   The system is out of physical RAM or swap space
#   This process is running with CompressedOops enabled, and the Java Heap may be blocking the growth of the native heap
# Possible solutions:
#   Reduce memory load on the system
#   Increase physical memory or swap space
#   Check if swap backing store is full
#   Decrease Java heap size (-Xmx/-Xms)
#   Decrease number of Java threads
#   Decrease Java thread stack sizes (-Xss)
#   Set larger code cache with -XX:ReservedCodeCacheSize=
#   JVM is running with Unscaled Compressed Oops mode in which the Java heap is
#     placed in the first 4GB address space. The Java Heap base address is the
#     maximum limit for the native heap growth. Please use -XX:HeapBaseMinAddress
#     to set the Java Heap base and to place the Java Heap above 4GB virtual address.
# This output file may be truncated or incomplete.
#
#  Out of Memory Error (arena.cpp:168), pid=3744, tid=9424
#
# JRE version: OpenJDK Runtime Environment Temurin-21.0.6+7 (21.0.6+7) (build 21.0.6+7-LTS)
# Java VM: OpenJDK 64-Bit Server VM Temurin-21.0.6+7 (21.0.6+7-LTS, mixed mode, sharing, tiered, compressed oops, compressed class ptrs, parallel gc, windows-amd64)
# No core dump will be written. Minidumps are not enabled by default on client versions of Windows
#

---------------  S U M M A R Y ------------

Command Line: --add-modules=ALL-SYSTEM --add-opens=java.base/java.util=ALL-UNNAMED --add-opens=java.base/java.lang=ALL-UNNAMED --add-opens=java.base/sun.nio.fs=ALL-UNNAMED -Declipse.application=org.eclipse.jdt.ls.core.id1 -Dosgi.bundles.defaultStartLevel=4 -Declipse.product=org.eclipse.jdt.ls.core.product -Djava.import.generatesMetadataFilesAtProjectRoot=false -DDetectVMInstallationsJob.disabled=true -Dfile.encoding=utf8 -XX:+UseParallelGC -XX:GCTimeRatio=4 -XX:AdaptiveSizePolicyWeight=90 -Dsun.zip.disableMemoryMapping=true -Xmx1G -Xms100m -Xlog:disable -javaagent:c:\Users\1\.vscode\extensions\redhat.java-1.40.0-win32-x64\lombok\lombok-1.18.36.jar c:\Users\1\.vscode\extensions\redhat.java-1.40.0-win32-x64\server\plugins\org.eclipse.equinox.launcher_1.6.1000.v20250131-0606.jar -configuration c:\Users\1\AppData\Roaming\Code\User\globalStorage\redhat.java\1.40.0\config_ss_win -data c:\Users\1\AppData\Roaming\Code\User\workspaceStorage\b045f5d33f511c6176c922133368f7d6\redhat.java\ss_ws --pipe=\\.\pipe\lsp-511cda60519f0a493640f9931a6320dc-sock

Host: Intel(R) Core(TM) i5-4590 CPU @ 3.30GHz, 4 cores, 7G,  Windows 10 , 64 bit Build 19041 (10.0.19041.5438)
Time: Sun Mar  2 16:37:26 2025 Hora est. Pacífico, Sudamérica elapsed time: 1.351975 seconds (0d 0h 0m 1s)

---------------  T H R E A D  ---------------

Current thread (0x0000011af65b5290):  JavaThread "C2 CompilerThread1" daemon [_thread_in_native, id=9424, stack(0x0000001a0f400000,0x0000001a0f500000) (1024K)]


Current CompileTask:
C2:1352 1307       4       jdk.internal.jimage.ImageLocation::verify (218 bytes)

Stack: [0x0000001a0f400000,0x0000001a0f500000]
Native frames: (J=compiled Java code, j=interpreted, Vv=VM code, C=native code)
V  [jvm.dll+0x6cdee9]
V  [jvm.dll+0x8a83d1]
V  [jvm.dll+0x8aa8fe]
V  [jvm.dll+0x8aafe3]
V  [jvm.dll+0x27f706]
V  [jvm.dll+0xc500d]
V  [jvm.dll+0xc5543]
V  [jvm.dll+0x3b678c]
V  [jvm.dll+0x1e0009]
V  [jvm.dll+0x247b42]
V  [jvm.dll+0x246fcf]
V  [jvm.dll+0x1c75ee]
V  [jvm.dll+0x25685a]
V  [jvm.dll+0x254dfa]
V  [jvm.dll+0x3f0256]
V  [jvm.dll+0x851f8b]
V  [jvm.dll+0x6cc5ed]
C  [ucrtbase.dll+0x21bb2]
C  [KERNEL32.DLL+0x17374]
C  [ntdll.dll+0x4cc91]


---------------  P R O C E S S  ---------------

Threads class SMR info:
_java_thread_list=0x0000011af650f9d0, length=12, elements={
0x0000011ae11c1f80, 0x0000011af54e6550, 0x0000011af54ea630, 0x0000011af54eb790,
0x0000011af54ee830, 0x0000011af54f0890, 0x0000011af54f24a0, 0x0000011af54fc1d0,
0x0000011af54fcd10, 0x0000011af62ad450, 0x0000011af62ac730, 0x0000011af65b5290
}

Java Threads: ( => current thread )
  0x0000011ae11c1f80 JavaThread "main"                              [_thread_in_vm, id=10076, stack(0x0000001a0e600000,0x0000001a0e700000) (1024K)]
  0x0000011af54e6550 JavaThread "Reference Handler"          daemon [_thread_blocked, id=8280, stack(0x0000001a0ea00000,0x0000001a0eb00000) (1024K)]
  0x0000011af54ea630 JavaThread "Finalizer"                  daemon [_thread_blocked, id=10904, stack(0x0000001a0eb00000,0x0000001a0ec00000) (1024K)]
  0x0000011af54eb790 JavaThread "Signal Dispatcher"          daemon [_thread_blocked, id=10660, stack(0x0000001a0ec00000,0x0000001a0ed00000) (1024K)]
  0x0000011af54ee830 JavaThread "Attach Listener"            daemon [_thread_blocked, id=4372, stack(0x0000001a0ed00000,0x0000001a0ee00000) (1024K)]
  0x0000011af54f0890 JavaThread "Service Thread"             daemon [_thread_blocked, id=8308, stack(0x0000001a0ee00000,0x0000001a0ef00000) (1024K)]
  0x0000011af54f24a0 JavaThread "Monitor Deflation Thread"   daemon [_thread_blocked, id=1984, stack(0x0000001a0ef00000,0x0000001a0f000000) (1024K)]
  0x0000011af54fc1d0 JavaThread "C2 CompilerThread0"         daemon [_thread_in_native, id=16132, stack(0x0000001a0f000000,0x0000001a0f100000) (1024K)]
  0x0000011af54fcd10 JavaThread "C1 CompilerThread0"         daemon [_thread_blocked, id=1288, stack(0x0000001a0f100000,0x0000001a0f200000) (1024K)]
  0x0000011af62ad450 JavaThread "Common-Cleaner"             daemon [_thread_blocked, id=14740, stack(0x0000001a0f200000,0x0000001a0f300000) (1024K)]
  0x0000011af62ac730 JavaThread "Notification Thread"        daemon [_thread_blocked, id=17608, stack(0x0000001a0f300000,0x0000001a0f400000) (1024K)]
=>0x0000011af65b5290 JavaThread "C2 CompilerThread1"         daemon [_thread_in_native, id=9424, stack(0x0000001a0f400000,0x0000001a0f500000) (1024K)]
Total: 12

Other Threads:
  0x0000011ae127ee70 VMThread "VM Thread"                           [id=16448, stack(0x0000001a0e900000,0x0000001a0ea00000) (1024K)]
  0x0000011ae122b600 WatcherThread "VM Periodic Task Thread"        [id=6572, stack(0x0000001a0e800000,0x0000001a0e900000) (1024K)]
  0x0000011ae11dfdc0 WorkerThread "GC Thread#0"                     [id=11024, stack(0x0000001a0e700000,0x0000001a0e800000) (1024K)]
  0x0000011af657b4a0 WorkerThread "GC Thread#1"                     [id=7700, stack(0x0000001a0f500000,0x0000001a0f600000) (1024K)]
  0x0000011af657b840 WorkerThread "GC Thread#2"                     [id=6212, stack(0x0000001a0f600000,0x0000001a0f700000) (1024K)]
  0x0000011af65ec960 WorkerThread "GC Thread#3"                     [id=6320, stack(0x0000001a0f700000,0x0000001a0f800000) (1024K)]
Total: 6

Threads with active compile tasks:
C2 CompilerThread0  1367 1351   !   4       lombok.patcher.ScriptManager$OurClassFileTransformer::transform (364 bytes)
C2 CompilerThread1  1367 1307       4       jdk.internal.jimage.ImageLocation::verify (218 bytes)
Total: 2

VM state: not at safepoint (normal execution)

VM Mutex/Monitor currently owned by a thread: None

Heap address: 0x00000000c0000000, size: 1024 MB, Compressed Oops mode: 32-bit

CDS archive(s) mapped at: [0x0000011a80000000-0x0000011a80ba0000-0x0000011a80ba0000), size 12189696, SharedBaseAddress: 0x0000011a80000000, ArchiveRelocationMode: 1.
Compressed class space mapped at: 0x0000011a81000000-0x0000011ac1000000, reserved size: 1073741824
Narrow klass base: 0x0000011a80000000, Narrow klass shift: 0, Narrow klass range: 0x100000000

GC Precious Log:
 CardTable entry size: 512
 CPUs: 4 total, 4 available
 Memory: 8082M
 Large Page Support: Disabled
 NUMA Support: Disabled
 Compressed Oops: Enabled (32-bit)
 Alignments: Space 512K, Generation 512K, Heap 2M
 Heap Min Capacity: 100M
 Heap Initial Capacity: 100M
 Heap Max Capacity: 1G
 Pre-touch: Disabled
 Parallel Workers: 4

Heap:
 PSYoungGen      total 29696K, used 13948K [0x00000000eab00000, 0x00000000ecc00000, 0x0000000100000000)
  eden space 25600K, 44% used [0x00000000eab00000,0x00000000eb6083f0,0x00000000ec400000)
  from space 4096K, 76% used [0x00000000ec400000,0x00000000ec7117f0,0x00000000ec800000)
  to   space 4096K, 0% used [0x00000000ec800000,0x00000000ec800000,0x00000000ecc00000)
 ParOldGen       total 68608K, used 16K [0x00000000c0000000, 0x00000000c4300000, 0x00000000eab00000)
  object space 68608K, 0% used [0x00000000c0000000,0x00000000c0004000,0x00000000c4300000)
 Metaspace       used 6243K, committed 6464K, reserved 1114112K
  class space    used 593K, committed 704K, reserved 1048576K

Card table byte_map: [0x0000011ae0ba0000,0x0000011ae0db0000] _byte_map_base: 0x0000011ae05a0000

Marking Bits: (ParMarkBitMap*) 0x00007fff898b3260
 Begin Bits: [0x0000011af33c0000, 0x0000011af43c0000)
 End Bits:   [0x0000011af43c0000, 0x0000011af53c0000)

Polling page: 0x0000011ae0990000

Metaspace:

Usage:
  Non-class:      5.52 MB used.
      Class:    593.85 KB used.
       Both:      6.10 MB used.

Virtual space:
  Non-class space:       64.00 MB reserved,       5.62 MB (  9%) committed,  1 nodes.
      Class space:        1.00 GB reserved,     704.00 KB ( <1%) committed,  1 nodes.
             Both:        1.06 GB reserved,       6.31 MB ( <1%) committed. 

Chunk freelists:
   Non-Class:  9.81 MB
       Class:  15.34 MB
        Both:  25.16 MB

MaxMetaspaceSize: unlimited
CompressedClassSpaceSize: 1.00 GB
Initial GC threshold: 21.00 MB
Current GC threshold: 21.00 MB
CDS: on
 - commit_granule_bytes: 65536.
 - commit_granule_words: 8192.
 - virtual_space_node_default_size: 8388608.
 - enlarge_chunks_in_place: 1.
 - use_allocation_guard: 0.


Internal statistics:

num_allocs_failed_limit: 0.
num_arena_births: 148.
num_arena_deaths: 0.
num_vsnodes_births: 2.
num_vsnodes_deaths: 0.
num_space_committed: 101.
num_space_uncommitted: 0.
num_chunks_returned_to_freelist: 0.
num_chunks_taken_from_freelist: 263.
num_chunk_merges: 0.
num_chunk_splits: 182.
num_chunks_enlarged: 131.
num_inconsistent_stats: 0.

CodeHeap 'non-profiled nmethods': size=120000Kb used=615Kb max_used=615Kb free=119384Kb
 bounds [0x0000011aebe90000, 0x0000011aec100000, 0x0000011af33c0000]
CodeHeap 'profiled nmethods': size=120000Kb used=2365Kb max_used=2365Kb free=117634Kb
 bounds [0x0000011ae43c0000, 0x0000011ae4630000, 0x0000011aeb8f0000]
CodeHeap 'non-nmethods': size=5760Kb used=1203Kb max_used=1240Kb free=4556Kb
 bounds [0x0000011aeb8f0000, 0x0000011aebb60000, 0x0000011aebe90000]
 total_blobs=1827 nmethods=1360 adapters=374
 compilation: enabled
              stopped_count=0, restarted_count=0
 full_count=0

Compilation events (20 events):
Event: 1.336 Thread 0x0000011af54fcd10 1343       3       org.lombokweb.asm.ClassReader::readInt (52 bytes)
Event: 1.336 Thread 0x0000011af54fcd10 nmethod 1343 0x0000011ae4602510 code [0x0000011ae46026c0, 0x0000011ae4602898]
Event: 1.336 Thread 0x0000011af54fcd10 1344       3       org.lombokweb.asm.SymbolTable::addConstantNameAndType (28 bytes)
Event: 1.336 Thread 0x0000011af54fcd10 nmethod 1344 0x0000011ae4602a10 code [0x0000011ae4602c00, 0x0000011ae4602f38]
Event: 1.336 Thread 0x0000011af54fcd10 1345       3       org.lombokweb.asm.SymbolTable::addConstantUtf8Reference (20 bytes)
Event: 1.336 Thread 0x0000011af54fcd10 nmethod 1345 0x0000011ae4603190 code [0x0000011ae4603360, 0x0000011ae4603630]
Event: 1.337 Thread 0x0000011af54fcd10 1346       1       org.lombokweb.asm.MethodWriter::hasAsmInstructions (5 bytes)
Event: 1.337 Thread 0x0000011af54fcd10 nmethod 1346 0x0000011aebf25d10 code [0x0000011aebf25ea0, 0x0000011aebf25f70]
Event: 1.337 Thread 0x0000011af54fcd10 1347       3       lombok.patcher.scripts.MethodLevelPatchScript::patch (21 bytes)
Event: 1.338 Thread 0x0000011af54fcd10 nmethod 1347 0x0000011ae4603810 code [0x0000011ae46039e0, 0x0000011ae4603c68]
Event: 1.339 Thread 0x0000011af54fcd10 1348       3       java.security.Provider$ServiceKey::equals (53 bytes)
Event: 1.339 Thread 0x0000011af54fcd10 nmethod 1348 0x0000011ae4603d90 code [0x0000011ae4603f80, 0x0000011ae4604410]
Event: 1.339 Thread 0x0000011af54fcd10 1349       3       java.util.ArrayList::addAll (76 bytes)
Event: 1.340 Thread 0x0000011af54fcd10 nmethod 1349 0x0000011ae4604590 code [0x0000011ae4604780, 0x0000011ae4604c10]
Event: 1.341 Thread 0x0000011af54fc1d0 nmethod 1337 0x0000011aebf26010 code [0x0000011aebf261e0, 0x0000011aebf26950]
Event: 1.341 Thread 0x0000011af54fc1d0 1338       4       org.lombokweb.asm.ClassReader::getItem (7 bytes)
Event: 1.342 Thread 0x0000011af54fc1d0 nmethod 1338 0x0000011aebf26d10 code [0x0000011aebf26ea0, 0x0000011aebf26f68]
Event: 1.344 Thread 0x0000011af54fcd10 1350       1       java.lang.reflect.Method::getReturnType (5 bytes)
Event: 1.344 Thread 0x0000011af54fcd10 nmethod 1350 0x0000011aebf27010 code [0x0000011aebf271a0, 0x0000011aebf27268]
Event: 1.346 Thread 0x0000011af54fc1d0 1351   !   4       lombok.patcher.ScriptManager$OurClassFileTransformer::transform (364 bytes)

GC Heap History (2 events):
Event: 1.050 GC heap before
{Heap before GC invocations=1 (full 0):
 PSYoungGen      total 29696K, used 25600K [0x00000000eab00000, 0x00000000ecc00000, 0x0000000100000000)
  eden space 25600K, 100% used [0x00000000eab00000,0x00000000ec400000,0x00000000ec400000)
  from space 4096K, 0% used [0x00000000ec800000,0x00000000ec800000,0x00000000ecc00000)
  to   space 4096K, 0% used [0x00000000ec400000,0x00000000ec400000,0x00000000ec800000)
 ParOldGen       total 68608K, used 0K [0x00000000c0000000, 0x00000000c4300000, 0x00000000eab00000)
  object space 68608K, 0% used [0x00000000c0000000,0x00000000c0000000,0x00000000c4300000)
 Metaspace       used 4347K, committed 4544K, reserved 1114112K
  class space    used 438K, committed 512K, reserved 1048576K
}
Event: 1.055 GC heap after
{Heap after GC invocations=1 (full 0):
 PSYoungGen      total 29696K, used 3141K [0x00000000eab00000, 0x00000000ecc00000, 0x0000000100000000)
  eden space 25600K, 0% used [0x00000000eab00000,0x00000000eab00000,0x00000000ec400000)
  from space 4096K, 76% used [0x00000000ec400000,0x00000000ec7117f0,0x00000000ec800000)
  to   space 4096K, 0% used [0x00000000ec800000,0x00000000ec800000,0x00000000ecc00000)
 ParOldGen       total 68608K, used 16K [0x00000000c0000000, 0x00000000c4300000, 0x00000000eab00000)
  object space 68608K, 0% used [0x00000000c0000000,0x00000000c0004000,0x00000000c4300000)
 Metaspace       used 4347K, committed 4544K, reserved 1114112K
  class space    used 438K, committed 512K, reserved 1048576K
}

Dll operation events (8 events):
Event: 0.007 Loaded shared library c:\Users\1\.vscode\extensions\redhat.java-1.40.0-win32-x64\jre\21.0.6-win32-x86_64\bin\java.dll
Event: 0.030 Loaded shared library c:\Users\1\.vscode\extensions\redhat.java-1.40.0-win32-x64\jre\21.0.6-win32-x86_64\bin\zip.dll
Event: 0.112 Loaded shared library C:\Users\1\.vscode\extensions\redhat.java-1.40.0-win32-x64\jre\21.0.6-win32-x86_64\bin\instrument.dll
Event: 0.117 Loaded shared library C:\Users\1\.vscode\extensions\redhat.java-1.40.0-win32-x64\jre\21.0.6-win32-x86_64\bin\net.dll
Event: 0.118 Loaded shared library C:\Users\1\.vscode\extensions\redhat.java-1.40.0-win32-x64\jre\21.0.6-win32-x86_64\bin\nio.dll
Event: 0.122 Loaded shared library C:\Users\1\.vscode\extensions\redhat.java-1.40.0-win32-x64\jre\21.0.6-win32-x86_64\bin\zip.dll
Event: 0.147 Loaded shared library C:\Users\1\.vscode\extensions\redhat.java-1.40.0-win32-x64\jre\21.0.6-win32-x86_64\bin\jimage.dll
Event: 0.316 Loaded shared library c:\Users\1\.vscode\extensions\redhat.java-1.40.0-win32-x64\jre\21.0.6-win32-x86_64\bin\verify.dll

Deoptimization events (20 events):
Event: 1.289 Thread 0x0000011ae11c1f80 Uncommon trap: trap_request=0xffffffbe fr.pc=0x0000011aebf1cadc relative=0x000000000000141c
Event: 1.289 Thread 0x0000011ae11c1f80 Uncommon trap: reason=profile_predicate action=maybe_recompile pc=0x0000011aebf1cadc method=jdk.internal.jimage.ImageStringsReader.stringFromByteBufferMatches(Ljava/nio/ByteBuffer;ILjava/lang/String;I)I @ 19 c2
Event: 1.289 Thread 0x0000011ae11c1f80 DEOPT PACKING pc=0x0000011aebf1cadc sp=0x0000001a0e6f72a0
Event: 1.289 Thread 0x0000011ae11c1f80 DEOPT UNPACKING pc=0x0000011aeb943aa2 sp=0x0000001a0e6f6fc8 mode 2
Event: 1.289 Thread 0x0000011ae11c1f80 Uncommon trap: trap_request=0xffffffbe fr.pc=0x0000011aebf1cadc relative=0x000000000000141c
Event: 1.289 Thread 0x0000011ae11c1f80 Uncommon trap: reason=profile_predicate action=maybe_recompile pc=0x0000011aebf1cadc method=jdk.internal.jimage.ImageStringsReader.stringFromByteBufferMatches(Ljava/nio/ByteBuffer;ILjava/lang/String;I)I @ 19 c2
Event: 1.289 Thread 0x0000011ae11c1f80 DEOPT PACKING pc=0x0000011aebf1cadc sp=0x0000001a0e6f72a0
Event: 1.289 Thread 0x0000011ae11c1f80 DEOPT UNPACKING pc=0x0000011aeb943aa2 sp=0x0000001a0e6f6fc8 mode 2
Event: 1.289 Thread 0x0000011ae11c1f80 Uncommon trap: trap_request=0xffffffbe fr.pc=0x0000011aebf1cadc relative=0x000000000000141c
Event: 1.289 Thread 0x0000011ae11c1f80 Uncommon trap: reason=profile_predicate action=maybe_recompile pc=0x0000011aebf1cadc method=jdk.internal.jimage.ImageStringsReader.stringFromByteBufferMatches(Ljava/nio/ByteBuffer;ILjava/lang/String;I)I @ 19 c2
Event: 1.289 Thread 0x0000011ae11c1f80 DEOPT PACKING pc=0x0000011aebf1cadc sp=0x0000001a0e6f72a0
Event: 1.289 Thread 0x0000011ae11c1f80 DEOPT UNPACKING pc=0x0000011aeb943aa2 sp=0x0000001a0e6f6fc8 mode 2
Event: 1.290 Thread 0x0000011ae11c1f80 Uncommon trap: trap_request=0xffffffc6 fr.pc=0x0000011aebece158 relative=0x0000000000000298
Event: 1.290 Thread 0x0000011ae11c1f80 Uncommon trap: reason=bimorphic_or_optimized_type_check action=maybe_recompile pc=0x0000011aebece158 method=java.util.Collections$UnmodifiableCollection$1.next()Ljava/lang/Object; @ 4 c2
Event: 1.290 Thread 0x0000011ae11c1f80 DEOPT PACKING pc=0x0000011aebece158 sp=0x0000001a0e6f88e0
Event: 1.290 Thread 0x0000011ae11c1f80 DEOPT UNPACKING pc=0x0000011aeb943aa2 sp=0x0000001a0e6f8890 mode 2
Event: 1.290 Thread 0x0000011ae11c1f80 Uncommon trap: trap_request=0xffffffc6 fr.pc=0x0000011aebece158 relative=0x0000000000000298
Event: 1.290 Thread 0x0000011ae11c1f80 Uncommon trap: reason=bimorphic_or_optimized_type_check action=maybe_recompile pc=0x0000011aebece158 method=java.util.Collections$UnmodifiableCollection$1.next()Ljava/lang/Object; @ 4 c2
Event: 1.290 Thread 0x0000011ae11c1f80 DEOPT PACKING pc=0x0000011aebece158 sp=0x0000001a0e6f88e0
Event: 1.290 Thread 0x0000011ae11c1f80 DEOPT UNPACKING pc=0x0000011aeb943aa2 sp=0x0000001a0e6f8890 mode 2

Classes loaded (20 events):
Event: 1.169 Loading class java/util/concurrent/Semaphore$NonfairSync
Event: 1.169 Loading class java/util/concurrent/Semaphore$Sync
Event: 1.170 Loading class java/util/concurrent/Semaphore$Sync done
Event: 1.170 Loading class java/util/concurrent/Semaphore$NonfairSync done
Event: 1.203 Loading class java/lang/TypeNotPresentException
Event: 1.203 Loading class java/lang/TypeNotPresentException done
Event: 1.337 Loading class java/security/InvalidKeyException
Event: 1.338 Loading class java/security/KeyException
Event: 1.338 Loading class java/security/GeneralSecurityException
Event: 1.338 Loading class java/security/GeneralSecurityException done
Event: 1.338 Loading class java/security/KeyException done
Event: 1.338 Loading class java/security/InvalidKeyException done
Event: 1.338 Loading class java/security/SignatureException
Event: 1.338 Loading class java/security/SignatureException done
Event: 1.338 Loading class java/security/cert/CertificateException
Event: 1.338 Loading class java/security/cert/CertificateException done
Event: 1.338 Loading class java/security/NoSuchAlgorithmException
Event: 1.338 Loading class java/security/NoSuchAlgorithmException done
Event: 1.338 Loading class java/security/NoSuchProviderException
Event: 1.338 Loading class java/security/NoSuchProviderException done

Classes unloaded (0 events):
No events

Classes redefined (0 events):
No events

Internal exceptions (20 events):
Event: 0.942 Thread 0x0000011ae11c1f80 Exception <a 'java/lang/NoSuchMethodError'{0x00000000ebe49c60}: 'java.lang.ClassLoader java.lang.ClassLoader.getPlatformClassLoader(java.lang.Class)'> (0x00000000ebe49c60) 
thrown [s\src\hotspot\share\interpreter\linkResolver.cpp, line 773]
Event: 0.997 Thread 0x0000011ae11c1f80 Exception <a 'java/lang/ClassNotFoundException'{0x00000000ec252fc8}: sun/net/www/protocol/c/Handler> (0x00000000ec252fc8) 
thrown [s\src\hotspot\share\classfile\systemDictionary.cpp, line 312]
Event: 0.998 Thread 0x0000011ae11c1f80 Exception <a 'java/lang/ClassNotFoundException'{0x00000000ec254300}: sun/net/www/protocol/d/Handler> (0x00000000ec254300) 
thrown [s\src\hotspot\share\classfile\systemDictionary.cpp, line 312]
Event: 0.998 Thread 0x0000011ae11c1f80 Exception <a 'java/lang/ClassNotFoundException'{0x00000000ec2554c0}: sun/net/www/protocol/c/Handler> (0x00000000ec2554c0) 
thrown [s\src\hotspot\share\classfile\systemDictionary.cpp, line 312]
Event: 1.003 Thread 0x0000011ae11c1f80 Exception <a 'java/io/FileNotFoundException'{0x00000000ec279fe0}> (0x00000000ec279fe0) 
thrown [s\src\hotspot\share\prims\jni.cpp, line 520]
Event: 1.037 Thread 0x0000011ae11c1f80 Implicit null exception at 0x0000011aebee5449 to 0x0000011aebee5db4
Event: 1.037 Thread 0x0000011ae11c1f80 Implicit null exception at 0x0000011aebef4e1a to 0x0000011aebef5024
Event: 1.037 Thread 0x0000011ae11c1f80 Exception <a 'java/lang/NoSuchMethodError'{0x00000000ec3a56a0}: 'void java.lang.invoke.DirectMethodHandle$Holder.invokeStatic(java.lang.Object, java.lang.Object, java.lang.Object, java.lang.Object)'> (0x00000000ec3a56a0) 
thrown [s\src\hotspot\share\interpreter\linkResolver.cpp, line 773]
Event: 1.038 Thread 0x0000011ae11c1f80 Implicit null exception at 0x0000011aebee8c3c to 0x0000011aebee8ecc
Event: 1.089 Thread 0x0000011ae11c1f80 Exception <a 'java/lang/NoSuchMethodError'{0x00000000eace5cb0}: 'long java.lang.invoke.DirectMethodHandle$Holder.invokeStatic(java.lang.Object, java.lang.Object, int)'> (0x00000000eace5cb0) 
thrown [s\src\hotspot\share\interpreter\linkResolver.cpp, line 773]
Event: 1.090 Thread 0x0000011ae11c1f80 Exception <a 'java/lang/NoSuchMethodError'{0x00000000eaced818}: 'java.lang.Object java.lang.invoke.DirectMethodHandle$Holder.invokeSpecial(java.lang.Object, java.lang.Object, java.lang.Object, java.lang.Object, long)'> (0x00000000eaced818) 
thrown [s\src\hotspot\share\interpreter\linkResolver.cpp, line 773]
Event: 1.092 Thread 0x0000011ae11c1f80 Exception <a 'java/lang/NoSuchMethodError'{0x00000000eacfb468}: 'java.lang.Object java.lang.invoke.DirectMethodHandle$Holder.invokeSpecial(java.lang.Object, java.lang.Object, java.lang.Object, int, java.lang.Object)'> (0x00000000eacfb468) 
thrown [s\src\hotspot\share\interpreter\linkResolver.cpp, line 773]
Event: 1.095 Thread 0x0000011ae11c1f80 Exception <a 'java/lang/NoSuchMethodError'{0x00000000ead14ee0}: 'java.lang.Object java.lang.invoke.Invokers$Holder.invokeExact_MT(java.lang.Object, java.lang.Object, java.lang.Object, java.lang.Object, java.lang.Object, java.lang.Object)'> (0x00000000ead14ee0) 
thrown [s\src\hotspot\share\interpreter\linkResolver.cpp, line 773]
Event: 1.099 Thread 0x0000011ae11c1f80 Exception <a 'java/lang/NoSuchMethodError'{0x00000000ead2e790}: 'int java.lang.invoke.DirectMethodHandle$Holder.invokeStaticInit(java.lang.Object, java.lang.Object, java.lang.Object, java.lang.Object)'> (0x00000000ead2e790) 
thrown [s\src\hotspot\share\interpreter\linkResolver.cpp, line 773]
Event: 1.100 Thread 0x0000011ae11c1f80 Exception <a 'java/lang/NoSuchMethodError'{0x00000000ead371e0}: 'java.lang.Object java.lang.invoke.DirectMethodHandle$Holder.invokeInterface(java.lang.Object, java.lang.Object)'> (0x00000000ead371e0) 
thrown [s\src\hotspot\share\interpreter\linkResolver.cpp, line 773]
Event: 1.100 Thread 0x0000011ae11c1f80 Exception <a 'java/lang/IncompatibleClassChangeError'{0x00000000ead3a718}: Found class java.lang.Object, but interface was expected> (0x00000000ead3a718) 
thrown [s\src\hotspot\share\interpreter\linkResolver.cpp, line 840]
Event: 1.101 Thread 0x0000011ae11c1f80 Exception <a 'java/lang/NoSuchMethodError'{0x00000000ead3e8d0}: 'void java.lang.invoke.DirectMethodHandle$Holder.invokeStatic(java.lang.Object, java.lang.Object)'> (0x00000000ead3e8d0) 
thrown [s\src\hotspot\share\interpreter\linkResolver.cpp, line 773]
Event: 1.101 Thread 0x0000011ae11c1f80 Exception <a 'java/lang/NoSuchMethodError'{0x00000000ead41c78}: 'void java.lang.invoke.DirectMethodHandle$Holder.invokeStaticInit(java.lang.Object, java.lang.Object)'> (0x00000000ead41c78) 
thrown [s\src\hotspot\share\interpreter\linkResolver.cpp, line 773]
Event: 1.102 Thread 0x0000011ae11c1f80 Exception <a 'java/lang/NoSuchMethodError'{0x00000000ead48cd8}: 'int java.lang.invoke.DirectMethodHandle$Holder.invokeStaticInit(java.lang.Object, java.lang.Object)'> (0x00000000ead48cd8) 
thrown [s\src\hotspot\share\interpreter\linkResolver.cpp, line 773]
Event: 1.141 Thread 0x0000011ae11c1f80 Exception <a 'java/lang/NoSuchMethodError'{0x00000000eae85f78}: 'void java.lang.invoke.DirectMethodHandle$Holder.invokeSpecial(java.lang.Object, java.lang.Object, java.lang.Object)'> (0x00000000eae85f78) 
thrown [s\src\hotspot\share\interpreter\linkResolver.cpp, line 773]

ZGC Phase Switch (0 events):
No events

VM Operations (12 events):
Event: 0.058 Executing VM operation: HandshakeAllThreads (Deoptimize)
Event: 0.058 Executing VM operation: HandshakeAllThreads (Deoptimize) done
Event: 0.165 Executing VM operation: HandshakeAllThreads (Deoptimize)
Event: 0.165 Executing VM operation: HandshakeAllThreads (Deoptimize) done
Event: 0.713 Executing VM operation: HandshakeAllThreads (Deoptimize)
Event: 0.713 Executing VM operation: HandshakeAllThreads (Deoptimize) done
Event: 0.733 Executing VM operation: HandshakeAllThreads (Deoptimize)
Event: 0.733 Executing VM operation: HandshakeAllThreads (Deoptimize) done
Event: 1.007 Executing VM operation: ICBufferFull
Event: 1.007 Executing VM operation: ICBufferFull done
Event: 1.050 Executing VM operation: ParallelGCFailedAllocation (Allocation Failure)
Event: 1.055 Executing VM operation: ParallelGCFailedAllocation (Allocation Failure) done

Memory protections (0 events):
No events

Nmethod flushes (0 events):
No events

Events (12 events):
Event: 0.020 Thread 0x0000011ae11c1f80 Thread added: 0x0000011ae11c1f80
Event: 0.031 Thread 0x0000011ae11c1f80 Thread added: 0x0000011af54e6550
Event: 0.031 Thread 0x0000011ae11c1f80 Thread added: 0x0000011af54ea630
Event: 0.032 Thread 0x0000011ae11c1f80 Thread added: 0x0000011af54eb790
Event: 0.032 Thread 0x0000011ae11c1f80 Thread added: 0x0000011af54ee830
Event: 0.032 Thread 0x0000011ae11c1f80 Thread added: 0x0000011af54f0890
Event: 0.032 Thread 0x0000011ae11c1f80 Thread added: 0x0000011af54f24a0
Event: 0.032 Thread 0x0000011ae11c1f80 Thread added: 0x0000011af54fc1d0
Event: 0.032 Thread 0x0000011ae11c1f80 Thread added: 0x0000011af54fcd10
Event: 0.050 Thread 0x0000011ae11c1f80 Thread added: 0x0000011af62ad450
Event: 0.422 Thread 0x0000011ae11c1f80 Thread added: 0x0000011af62ac730
Event: 0.583 Thread 0x0000011af54fcd10 Thread added: 0x0000011af65b5290


Dynamic libraries:
0x00007ff7b5fa0000 - 0x00007ff7b5fae000 	c:\Users\1\.vscode\extensions\redhat.java-1.40.0-win32-x64\jre\21.0.6-win32-x86_64\bin\java.exe
0x00007fffe1130000 - 0x00007fffe1328000 	C:\WINDOWS\SYSTEM32\ntdll.dll
0x00007fffdf570000 - 0x00007fffdf632000 	C:\WINDOWS\System32\KERNEL32.DLL
0x00007fffde920000 - 0x00007fffdec1f000 	C:\WINDOWS\System32\KERNELBASE.dll
0x00007fffdef90000 - 0x00007fffdf090000 	C:\WINDOWS\System32\ucrtbase.dll
0x00007fffd3690000 - 0x00007fffd36a8000 	c:\Users\1\.vscode\extensions\redhat.java-1.40.0-win32-x64\jre\21.0.6-win32-x86_64\bin\jli.dll
0x00007fffdf750000 - 0x00007fffdf8ed000 	C:\WINDOWS\System32\USER32.dll
0x00007fffdf090000 - 0x00007fffdf0b2000 	C:\WINDOWS\System32\win32u.dll
0x00007fffdf150000 - 0x00007fffdf17b000 	C:\WINDOWS\System32\GDI32.dll
0x00007fffdee70000 - 0x00007fffdef8a000 	C:\WINDOWS\System32\gdi32full.dll
0x00007fffdec20000 - 0x00007fffdecbd000 	C:\WINDOWS\System32\msvcp_win.dll
0x00007fffd3670000 - 0x00007fffd368e000 	c:\Users\1\.vscode\extensions\redhat.java-1.40.0-win32-x64\jre\21.0.6-win32-x86_64\bin\VCRUNTIME140.dll
0x00007fffd2a70000 - 0x00007fffd2d0a000 	C:\WINDOWS\WinSxS\amd64_microsoft.windows.common-controls_6595b64144ccf1df_6.0.19041.4355_none_60b8b9eb71f62e16\COMCTL32.dll
0x00007fffdf4b0000 - 0x00007fffdf54e000 	C:\WINDOWS\System32\msvcrt.dll
0x00007fffe0290000 - 0x00007fffe02bf000 	C:\WINDOWS\System32\IMM32.DLL
0x00007fffdb820000 - 0x00007fffdb82c000 	c:\Users\1\.vscode\extensions\redhat.java-1.40.0-win32-x64\jre\21.0.6-win32-x86_64\bin\vcruntime140_1.dll
0x00007fffd35e0000 - 0x00007fffd366d000 	c:\Users\1\.vscode\extensions\redhat.java-1.40.0-win32-x64\jre\21.0.6-win32-x86_64\bin\msvcp140.dll
0x00007fff88c00000 - 0x00007fff89990000 	c:\Users\1\.vscode\extensions\redhat.java-1.40.0-win32-x64\jre\21.0.6-win32-x86_64\bin\server\jvm.dll
0x00007fffdfa20000 - 0x00007fffdfacf000 	C:\WINDOWS\System32\ADVAPI32.dll
0x00007fffe0730000 - 0x00007fffe07cf000 	C:\WINDOWS\System32\sechost.dll
0x00007fffdf8f0000 - 0x00007fffdfa13000 	C:\WINDOWS\System32\RPCRT4.dll
0x00007fffde7d0000 - 0x00007fffde7f7000 	C:\WINDOWS\System32\bcrypt.dll
0x00007fffdf6e0000 - 0x00007fffdf74b000 	C:\WINDOWS\System32\WS2_32.dll
0x00007fffde580000 - 0x00007fffde5cb000 	C:\WINDOWS\SYSTEM32\POWRPROF.dll
0x00007fffd0f90000 - 0x00007fffd0fb7000 	C:\WINDOWS\SYSTEM32\WINMM.dll
0x00007fffd4360000 - 0x00007fffd436a000 	C:\WINDOWS\SYSTEM32\VERSION.dll
0x00007fffde560000 - 0x00007fffde572000 	C:\WINDOWS\SYSTEM32\UMPDC.dll
0x00007fffdc670000 - 0x00007fffdc682000 	C:\WINDOWS\SYSTEM32\kernel.appcore.dll
0x00007fffd3c70000 - 0x00007fffd3c7a000 	c:\Users\1\.vscode\extensions\redhat.java-1.40.0-win32-x64\jre\21.0.6-win32-x86_64\bin\jimage.dll
0x00007fffcde20000 - 0x00007fffce004000 	C:\WINDOWS\SYSTEM32\DBGHELP.DLL
0x00007fffcd910000 - 0x00007fffcd944000 	C:\WINDOWS\SYSTEM32\dbgcore.DLL
0x00007fffdf0c0000 - 0x00007fffdf142000 	C:\WINDOWS\System32\bcryptPrimitives.dll
0x00007fffd35d0000 - 0x00007fffd35df000 	c:\Users\1\.vscode\extensions\redhat.java-1.40.0-win32-x64\jre\21.0.6-win32-x86_64\bin\instrument.dll
0x00007fffd34b0000 - 0x00007fffd34cf000 	c:\Users\1\.vscode\extensions\redhat.java-1.40.0-win32-x64\jre\21.0.6-win32-x86_64\bin\java.dll
0x00007fffe07d0000 - 0x00007fffe0f3d000 	C:\WINDOWS\System32\SHELL32.dll
0x00007fffdc870000 - 0x00007fffdd014000 	C:\WINDOWS\SYSTEM32\windows.storage.dll
0x00007fffe03d0000 - 0x00007fffe0725000 	C:\WINDOWS\System32\combase.dll
0x00007fffde130000 - 0x00007fffde15f000 	C:\WINDOWS\SYSTEM32\Wldp.dll
0x00007fffe1020000 - 0x00007fffe10ed000 	C:\WINDOWS\System32\OLEAUT32.dll
0x00007fffe02c0000 - 0x00007fffe036d000 	C:\WINDOWS\System32\SHCORE.dll
0x00007fffe0160000 - 0x00007fffe01b5000 	C:\WINDOWS\System32\shlwapi.dll
0x00007fffde700000 - 0x00007fffde724000 	C:\WINDOWS\SYSTEM32\profapi.dll
0x00007fffd3490000 - 0x00007fffd34a8000 	c:\Users\1\.vscode\extensions\redhat.java-1.40.0-win32-x64\jre\21.0.6-win32-x86_64\bin\zip.dll
0x00007fffd3350000 - 0x00007fffd3360000 	C:\Users\1\.vscode\extensions\redhat.java-1.40.0-win32-x64\jre\21.0.6-win32-x86_64\bin\net.dll
0x00007fffd78b0000 - 0x00007fffd79ba000 	C:\WINDOWS\SYSTEM32\WINHTTP.dll
0x00007fffdde90000 - 0x00007fffddefc000 	C:\WINDOWS\system32\mswsock.dll
0x00007fffd3330000 - 0x00007fffd3346000 	C:\Users\1\.vscode\extensions\redhat.java-1.40.0-win32-x64\jre\21.0.6-win32-x86_64\bin\nio.dll
0x00007fffd3320000 - 0x00007fffd3330000 	c:\Users\1\.vscode\extensions\redhat.java-1.40.0-win32-x64\jre\21.0.6-win32-x86_64\bin\verify.dll

dbghelp: loaded successfully - version: 4.0.5 - missing functions: none
symbol engine: initialized successfully - sym options: 0x614 - pdb path: .;c:\Users\1\.vscode\extensions\redhat.java-1.40.0-win32-x64\jre\21.0.6-win32-x86_64\bin;C:\WINDOWS\SYSTEM32;C:\WINDOWS\WinSxS\amd64_microsoft.windows.common-controls_6595b64144ccf1df_6.0.19041.4355_none_60b8b9eb71f62e16;c:\Users\1\.vscode\extensions\redhat.java-1.40.0-win32-x64\jre\21.0.6-win32-x86_64\bin\server

VM Arguments:
jvm_args: --add-modules=ALL-SYSTEM --add-opens=java.base/java.util=ALL-UNNAMED --add-opens=java.base/java.lang=ALL-UNNAMED --add-opens=java.base/sun.nio.fs=ALL-UNNAMED -Declipse.application=org.eclipse.jdt.ls.core.id1 -Dosgi.bundles.defaultStartLevel=4 -Declipse.product=org.eclipse.jdt.ls.core.product -Djava.import.generatesMetadataFilesAtProjectRoot=false -DDetectVMInstallationsJob.disabled=true -Dfile.encoding=utf8 -XX:+UseParallelGC -XX:GCTimeRatio=4 -XX:AdaptiveSizePolicyWeight=90 -Dsun.zip.disableMemoryMapping=true -Xmx1G -Xms100m -Xlog:disable -javaagent:c:\Users\1\.vscode\extensions\redhat.java-1.40.0-win32-x64\lombok\lombok-1.18.36.jar 
java_command: c:\Users\1\.vscode\extensions\redhat.java-1.40.0-win32-x64\server\plugins\org.eclipse.equinox.launcher_1.6.1000.v20250131-0606.jar -configuration c:\Users\1\AppData\Roaming\Code\User\globalStorage\redhat.java\1.40.0\config_ss_win -data c:\Users\1\AppData\Roaming\Code\User\workspaceStorage\b045f5d33f511c6176c922133368f7d6\redhat.java\ss_ws --pipe=\\.\pipe\lsp-511cda60519f0a493640f9931a6320dc-sock
java_class_path (initial): c:\Users\1\.vscode\extensions\redhat.java-1.40.0-win32-x64\server\plugins\org.eclipse.equinox.launcher_1.6.1000.v20250131-0606.jar
Launcher Type: SUN_STANDARD

[Global flags]
    uintx AdaptiveSizePolicyWeight                 = 90                                        {product} {command line}
     intx CICompilerCount                          = 3                                         {product} {ergonomic}
    uintx GCTimeRatio                              = 4                                         {product} {command line}
   size_t InitialHeapSize                          = 104857600                                 {product} {command line}
   size_t MaxHeapSize                              = 1073741824                                {product} {command line}
   size_t MaxNewSize                               = 357564416                                 {product} {ergonomic}
   size_t MinHeapDeltaBytes                        = 524288                                    {product} {ergonomic}
   size_t MinHeapSize                              = 104857600                                 {product} {command line}
   size_t NewSize                                  = 34603008                                  {product} {ergonomic}
    uintx NonNMethodCodeHeapSize                   = 5832780                                {pd product} {ergonomic}
    uintx NonProfiledCodeHeapSize                  = 122912730                              {pd product} {ergonomic}
   size_t OldSize                                  = 70254592                                  {product} {ergonomic}
    uintx ProfiledCodeHeapSize                     = 122912730                              {pd product} {ergonomic}
    uintx ReservedCodeCacheSize                    = 251658240                              {pd product} {ergonomic}
     bool SegmentedCodeCache                       = true                                      {product} {ergonomic}
   size_t SoftMaxHeapSize                          = 1073741824                             {manageable} {ergonomic}
     bool UseCompressedOops                        = true                           {product lp64_product} {ergonomic}
     bool UseLargePagesIndividualAllocation        = false                                  {pd product} {ergonomic}
     bool UseParallelGC                            = true                                      {product} {command line}

Logging:
Log output configuration:
 #0: stdout all=off uptime,level,tags foldmultilines=false
 #1: stderr all=off uptime,level,tags foldmultilines=false

Environment Variables:
JAVA_HOME=C:\Program Files\Java\jdk-19
PATH=C:\Program Files\Common Files\Oracle\Java\javapath;C:\WINDOWS\system32;C:\WINDOWS;C:\WINDOWS\System32\Wbem;C:\WINDOWS\System32\WindowsPowerShell\v1.0\;C:\WINDOWS\System32\OpenSSH\;C:\Program Files\Git\cmd;C:\ProgramData\chocolatey\bin;C:\Program Files\nodejs\;C:\Users\1\AppData\Local\Programs\Python\Python311\Scripts\;C:\Users\1\AppData\Local\Programs\Python\Python311\;C:\Program Files\MySQL\MySQL Shell 8.0\bin\;C:\Users\1\AppData\Local\Microsoft\WindowsApps;C:\Users\1\AppData\Local\Programs\Microsoft VS Code\bin;C:\Users\1\AppData\Roaming\npm;
USERNAME=1
OS=Windows_NT
PROCESSOR_IDENTIFIER=Intel64 Family 6 Model 60 Stepping 3, GenuineIntel
TMP=C:\Users\1\AppData\Local\Temp
TEMP=C:\Users\1\AppData\Local\Temp




Periodic native trim disabled

---------------  S Y S T E M  ---------------

OS:
 Windows 10 , 64 bit Build 19041 (10.0.19041.5438)
OS uptime: 13 days 5:49 hours

CPU: total 4 (initial active 4) (4 cores per cpu, 1 threads per core) family 6 model 60 stepping 3 microcode 0x27, cx8, cmov, fxsr, mmx, sse, sse2, sse3, ssse3, sse4.1, sse4.2, popcnt, lzcnt, tsc, tscinvbit, avx, avx2, aes, erms, clmul, bmi1, bmi2, fma, vzeroupper, clflush, rdtscp, f16c
Processor Information for the first 4 processors :
  Max Mhz: 3301, Current Mhz: 3301, Mhz Limit: 3301

Memory: 4k page, system-wide physical 8082M (1756M free)
TotalPageFile size 10130M (AvailPageFile size 2M)
current process WorkingSet (physical memory assigned to process): 86M, peak: 86M
current process commit charge ("private bytes"): 193M, peak: 193M

vm_info: OpenJDK 64-Bit Server VM (21.0.6+7-LTS) for windows-amd64 JRE (21.0.6+7-LTS), built on 2025-01-21T00:00:00Z by "admin" with MS VC++ 17.7 (VS2022)

END.
