#
# There is insufficient memory for the Java Runtime Environment to continue.
# Native memory allocation (malloc) failed to allocate 1565936 bytes. Error detail: Chunk::new
# Possible reasons:
#   The system is out of physical RAM or swap space
#   This process is running with CompressedOops enabled, and the Java Heap may be blocking the growth of the native heap
# Possible solutions:
#   Reduce memory load on the system
#   Increase physical memory or swap space
#   Check if swap backing store is full
#   Decrease Java heap size (-Xmx/-Xms)
#   Decrease number of Java threads
#   Decrease Java thread stack sizes (-Xss)
#   Set larger code cache with -XX:ReservedCodeCacheSize=
#   JVM is running with Unscaled Compressed Oops mode in which the Java heap is
#     placed in the first 4GB address space. The Java Heap base address is the
#     maximum limit for the native heap growth. Please use -XX:HeapBaseMinAddress
#     to set the Java Heap base and to place the Java Heap above 4GB virtual address.
# This output file may be truncated or incomplete.
#
#  Out of Memory Error (arena.cpp:168), pid=5812, tid=17072
#
# JRE version: OpenJDK Runtime Environment Temurin-21.0.6+7 (21.0.6+7) (build 21.0.6+7-LTS)
# Java VM: OpenJDK 64-Bit Server VM Temurin-21.0.6+7 (21.0.6+7-LTS, mixed mode, sharing, tiered, compressed oops, compressed class ptrs, parallel gc, windows-amd64)
# No core dump will be written. Minidumps are not enabled by default on client versions of Windows
#

---------------  S U M M A R Y ------------

Command Line: --add-modules=ALL-SYSTEM --add-opens=java.base/java.util=ALL-UNNAMED --add-opens=java.base/java.lang=ALL-UNNAMED --add-opens=java.base/sun.nio.fs=ALL-UNNAMED -Declipse.application=org.eclipse.jdt.ls.core.id1 -Dosgi.bundles.defaultStartLevel=4 -Declipse.product=org.eclipse.jdt.ls.core.product -Djava.import.generatesMetadataFilesAtProjectRoot=false -DDetectVMInstallationsJob.disabled=true -Dfile.encoding=utf8 -XX:+UseParallelGC -XX:GCTimeRatio=4 -XX:AdaptiveSizePolicyWeight=90 -Dsun.zip.disableMemoryMapping=true -Xmx1G -Xms100m -Xlog:disable -javaagent:c:\Users\1\.vscode\extensions\redhat.java-1.40.0-win32-x64\lombok\lombok-1.18.36.jar c:\Users\1\.vscode\extensions\redhat.java-1.40.0-win32-x64\server\plugins\org.eclipse.equinox.launcher_1.6.1000.v20250131-0606.jar -configuration c:\Users\1\AppData\Roaming\Code\User\globalStorage\redhat.java\1.40.0\config_ss_win -data c:\Users\1\AppData\Roaming\Code\User\workspaceStorage\b045f5d33f511c6176c922133368f7d6\redhat.java\ss_ws --pipe=\\.\pipe\lsp-39bd613e125f2459ecf716a5c17adcfe-sock

Host: Intel(R) Core(TM) i5-4590 CPU @ 3.30GHz, 4 cores, 7G,  Windows 10 , 64 bit Build 19041 (10.0.19041.5438)
Time: Sun Mar  2 17:04:00 2025 Hora est. Pacífico, Sudamérica elapsed time: 3.971966 seconds (0d 0h 0m 3s)

---------------  T H R E A D  ---------------

Current thread (0x000002c76120ea40):  JavaThread "C2 CompilerThread0" daemon [_thread_in_native, id=17072, stack(0x000000cb75300000,0x000000cb75400000) (1024K)]


Current CompileTask:
C2:3972 2659       4       org.lombokweb.asm.ClassReader::readMethod (1070 bytes)

Stack: [0x000000cb75300000,0x000000cb75400000]
Native frames: (J=compiled Java code, j=interpreted, Vv=VM code, C=native code)
V  [jvm.dll+0x6cdee9]
V  [jvm.dll+0x8a83d1]
V  [jvm.dll+0x8aa8fe]
V  [jvm.dll+0x8aafe3]
V  [jvm.dll+0x27f706]
V  [jvm.dll+0xc500d]
V  [jvm.dll+0xc5543]
V  [jvm.dll+0x3b6752]
V  [jvm.dll+0x382935]
V  [jvm.dll+0x381d9a]
V  [jvm.dll+0x2479f0]
V  [jvm.dll+0x246fcf]
V  [jvm.dll+0x1c75ee]
V  [jvm.dll+0x25685a]
V  [jvm.dll+0x254dfa]
V  [jvm.dll+0x3f0256]
V  [jvm.dll+0x851f8b]
V  [jvm.dll+0x6cc5ed]
C  [ucrtbase.dll+0x21bb2]
C  [KERNEL32.DLL+0x17374]
C  [ntdll.dll+0x4cc91]


---------------  P R O C E S S  ---------------

Threads class SMR info:
_java_thread_list=0x000002c767a26cc0, length=21, elements={
0x000002c74cee1f80, 0x000002c74cfae000, 0x000002c761206d00, 0x000002c761208560,
0x000002c76120b380, 0x000002c76120d1c0, 0x000002c76120dc10, 0x000002c76120ea40,
0x000002c76127fe00, 0x000002c7660240a0, 0x000002c76625f100, 0x000002c76699f540,
0x000002c7666c3220, 0x000002c7666c3880, 0x000002c766b8d030, 0x000002c766911af0,
0x000002c766a029a0, 0x000002c76689acb0, 0x000002c766deb260, 0x000002c766e79140,
0x000002c767aa31a0
}

Java Threads: ( => current thread )
  0x000002c74cee1f80 JavaThread "main"                              [_thread_blocked, id=6644, stack(0x000000cb74900000,0x000000cb74a00000) (1024K)]
  0x000002c74cfae000 JavaThread "Reference Handler"          daemon [_thread_blocked, id=16568, stack(0x000000cb74d00000,0x000000cb74e00000) (1024K)]
  0x000002c761206d00 JavaThread "Finalizer"                  daemon [_thread_blocked, id=11904, stack(0x000000cb74e00000,0x000000cb74f00000) (1024K)]
  0x000002c761208560 JavaThread "Signal Dispatcher"          daemon [_thread_blocked, id=9308, stack(0x000000cb74f00000,0x000000cb75000000) (1024K)]
  0x000002c76120b380 JavaThread "Attach Listener"            daemon [_thread_blocked, id=17468, stack(0x000000cb75000000,0x000000cb75100000) (1024K)]
  0x000002c76120d1c0 JavaThread "Service Thread"             daemon [_thread_blocked, id=2832, stack(0x000000cb75100000,0x000000cb75200000) (1024K)]
  0x000002c76120dc10 JavaThread "Monitor Deflation Thread"   daemon [_thread_blocked, id=17144, stack(0x000000cb75200000,0x000000cb75300000) (1024K)]
=>0x000002c76120ea40 JavaThread "C2 CompilerThread0"         daemon [_thread_in_native, id=17072, stack(0x000000cb75300000,0x000000cb75400000) (1024K)]
  0x000002c76127fe00 JavaThread "C1 CompilerThread0"         daemon [_thread_in_vm, id=16484, stack(0x000000cb75400000,0x000000cb75500000) (1024K)]
  0x000002c7660240a0 JavaThread "Common-Cleaner"             daemon [_thread_blocked, id=2848, stack(0x000000cb75500000,0x000000cb75600000) (1024K)]
  0x000002c76625f100 JavaThread "Notification Thread"        daemon [_thread_blocked, id=15264, stack(0x000000cb75600000,0x000000cb75700000) (1024K)]
  0x000002c76699f540 JavaThread "Active Thread: Equinox Container: 8533a382-330f-4192-b8c1-d3e35e288b74"        [_thread_blocked, id=16780, stack(0x000000cb75b00000,0x000000cb75c00000) (1024K)]
  0x000002c7666c3220 JavaThread "Framework Event Dispatcher: Equinox Container: 8533a382-330f-4192-b8c1-d3e35e288b74" daemon [_thread_blocked, id=10580, stack(0x000000cb75c00000,0x000000cb75d00000) (1024K)]
  0x000002c7666c3880 JavaThread "Start Level: Equinox Container: 8533a382-330f-4192-b8c1-d3e35e288b74" daemon [_thread_in_Java, id=17980, stack(0x000000cb75d00000,0x000000cb75e00000) (1024K)]
  0x000002c766b8d030 JavaThread "SCR Component Actor"        daemon [_thread_blocked, id=1424, stack(0x000000cb75700000,0x000000cb75800000) (1024K)]
  0x000002c766911af0 JavaThread "SCR Component Registry"     daemon [_thread_blocked, id=6892, stack(0x000000cb75e00000,0x000000cb75f00000) (1024K)]
  0x000002c766a029a0 JavaThread "Worker-JM"                         [_thread_blocked, id=10524, stack(0x000000cb76000000,0x000000cb76100000) (1024K)]
  0x000002c76689acb0 JavaThread "JNA Cleaner"                daemon [_thread_blocked, id=2244, stack(0x000000cb75f00000,0x000000cb76000000) (1024K)]
  0x000002c766deb260 JavaThread "Worker-0"                          [_thread_blocked, id=8920, stack(0x000000cb76100000,0x000000cb76200000) (1024K)]
  0x000002c766e79140 JavaThread "Worker-1"                          [_thread_blocked, id=8584, stack(0x000000cb76200000,0x000000cb76300000) (1024K)]
  0x000002c767aa31a0 JavaThread "C2 CompilerThread1"         daemon [_thread_in_native, id=17944, stack(0x000000cb76300000,0x000000cb76400000) (1024K)]
Total: 21

Other Threads:
  0x000002c74cf9e5e0 VMThread "VM Thread"                           [id=16528, stack(0x000000cb74c00000,0x000000cb74d00000) (1024K)]
  0x000002c74cf4c430 WatcherThread "VM Periodic Task Thread"        [id=17040, stack(0x000000cb74b00000,0x000000cb74c00000) (1024K)]
  0x000002c74ceff530 WorkerThread "GC Thread#0"                     [id=2448, stack(0x000000cb74a00000,0x000000cb74b00000) (1024K)]
  0x000002c7663dbf50 WorkerThread "GC Thread#1"                     [id=18192, stack(0x000000cb75800000,0x000000cb75900000) (1024K)]
  0x000002c76671ed60 WorkerThread "GC Thread#2"                     [id=15296, stack(0x000000cb75900000,0x000000cb75a00000) (1024K)]
  0x000002c76671f100 WorkerThread "GC Thread#3"                     [id=11136, stack(0x000000cb75a00000,0x000000cb75b00000) (1024K)]
Total: 6

Threads with active compile tasks:
C2 CompilerThread0  3988 2659       4       org.lombokweb.asm.ClassReader::readMethod (1070 bytes)
C1 CompilerThread0  3988 2946       3       java.util.TreeMap::fixAfterInsertion (267 bytes)
C2 CompilerThread1  3988 2908       4       jdk.internal.module.SystemModuleFinders$SystemModuleReader::find (59 bytes)
Total: 3

VM state: not at safepoint (normal execution)

VM Mutex/Monitor currently owned by a thread: None

Heap address: 0x00000000c0000000, size: 1024 MB, Compressed Oops mode: 32-bit

CDS archive(s) mapped at: [0x000002c700000000-0x000002c700ba0000-0x000002c700ba0000), size 12189696, SharedBaseAddress: 0x000002c700000000, ArchiveRelocationMode: 1.
Compressed class space mapped at: 0x000002c701000000-0x000002c741000000, reserved size: 1073741824
Narrow klass base: 0x000002c700000000, Narrow klass shift: 0, Narrow klass range: 0x100000000

GC Precious Log:
 CardTable entry size: 512
 CPUs: 4 total, 4 available
 Memory: 8082M
 Large Page Support: Disabled
 NUMA Support: Disabled
 Compressed Oops: Enabled (32-bit)
 Alignments: Space 512K, Generation 512K, Heap 2M
 Heap Min Capacity: 100M
 Heap Initial Capacity: 100M
 Heap Max Capacity: 1G
 Pre-touch: Disabled
 Parallel Workers: 4

Heap:
 PSYoungGen      total 27648K, used 10568K [0x00000000eab00000, 0x00000000eca00000, 0x0000000100000000)
  eden space 24576K, 30% used [0x00000000eab00000,0x00000000eb2548e8,0x00000000ec300000)
  from space 3072K, 99% used [0x00000000ec480000,0x00000000ec77d7d8,0x00000000ec780000)
  to   space 2560K, 0% used [0x00000000ec780000,0x00000000ec780000,0x00000000eca00000)
 ParOldGen       total 68608K, used 8382K [0x00000000c0000000, 0x00000000c4300000, 0x00000000eab00000)
  object space 68608K, 12% used [0x00000000c0000000,0x00000000c082f9c0,0x00000000c4300000)
 Metaspace       used 24204K, committed 24960K, reserved 1114112K
  class space    used 2256K, committed 2560K, reserved 1048576K

Card table byte_map: [0x000002c74c890000,0x000002c74caa0000] _byte_map_base: 0x000002c74c290000

Marking Bits: (ParMarkBitMap*) 0x00007fff8e1b3260
 Begin Bits: [0x000002c75f0e0000, 0x000002c7600e0000)
 End Bits:   [0x000002c7600e0000, 0x000002c7610e0000)

Polling page: 0x000002c74aeb0000

Metaspace:

Usage:
  Non-class:     21.43 MB used.
      Class:      2.20 MB used.
       Both:     23.64 MB used.

Virtual space:
  Non-class space:       64.00 MB reserved,      21.88 MB ( 34%) committed,  1 nodes.
      Class space:        1.00 GB reserved,       2.50 MB ( <1%) committed,  1 nodes.
             Both:        1.06 GB reserved,      24.38 MB (  2%) committed. 

Chunk freelists:
   Non-Class:  9.98 MB
       Class:  13.43 MB
        Both:  23.42 MB

MaxMetaspaceSize: unlimited
CompressedClassSpaceSize: 1.00 GB
Initial GC threshold: 21.00 MB
Current GC threshold: 35.00 MB
CDS: on
 - commit_granule_bytes: 65536.
 - commit_granule_words: 8192.
 - virtual_space_node_default_size: 8388608.
 - enlarge_chunks_in_place: 1.
 - use_allocation_guard: 0.


Internal statistics:

num_allocs_failed_limit: 3.
num_arena_births: 516.
num_arena_deaths: 14.
num_vsnodes_births: 2.
num_vsnodes_deaths: 0.
num_space_committed: 390.
num_space_uncommitted: 0.
num_chunks_returned_to_freelist: 17.
num_chunks_taken_from_freelist: 1424.
num_chunk_merges: 7.
num_chunk_splits: 935.
num_chunks_enlarged: 594.
num_inconsistent_stats: 0.

CodeHeap 'non-profiled nmethods': size=120000Kb used=1270Kb max_used=1270Kb free=118729Kb
 bounds [0x000002c757bb0000, 0x000002c757e20000, 0x000002c75f0e0000]
CodeHeap 'profiled nmethods': size=120000Kb used=5913Kb max_used=5913Kb free=114086Kb
 bounds [0x000002c7500e0000, 0x000002c7506b0000, 0x000002c757610000]
CodeHeap 'non-nmethods': size=5760Kb used=1321Kb max_used=1337Kb free=4438Kb
 bounds [0x000002c757610000, 0x000002c757880000, 0x000002c757bb0000]
 total_blobs=3548 nmethods=2936 adapters=518
 compilation: enabled
              stopped_count=0, restarted_count=0
 full_count=0

Compilation events (20 events):
Event: 3.967 Thread 0x000002c76127fe00 2924       3       com.sun.org.apache.xerces.internal.dom.NodeImpl::isOwned (16 bytes)
Event: 3.967 Thread 0x000002c76127fe00 nmethod 2924 0x000002c75069ec90 code [0x000002c75069ee20, 0x000002c75069ef88]
Event: 3.968 Thread 0x000002c76127fe00 2925       3       com.sun.org.apache.xerces.internal.dom.NodeImpl::needsSyncData (15 bytes)
Event: 3.968 Thread 0x000002c76127fe00 nmethod 2925 0x000002c75069f010 code [0x000002c75069f1a0, 0x000002c75069f308]
Event: 3.968 Thread 0x000002c76127fe00 2926       3       com.sun.org.apache.xerces.internal.dom.AttrImpl::getNodeName (16 bytes)
Event: 3.968 Thread 0x000002c76127fe00 nmethod 2926 0x000002c75069f390 code [0x000002c75069f540, 0x000002c75069f800]
Event: 3.968 Thread 0x000002c76127fe00 2927       1       com.sun.org.apache.xerces.internal.dom.DocumentImpl::getMutationEvents (5 bytes)
Event: 3.968 Thread 0x000002c76127fe00 nmethod 2927 0x000002c757cea390 code [0x000002c757cea520, 0x000002c757cea5f0]
Event: 3.968 Thread 0x000002c76127fe00 2928       3       java.util.Collection::stream (11 bytes)
Event: 3.969 Thread 0x000002c76127fe00 nmethod 2928 0x000002c75069f910 code [0x000002c75069fac0, 0x000002c75069fcc0]
Event: 3.969 Thread 0x000002c76127fe00 2929       1       java.util.Collections$EmptyEnumeration::hasMoreElements (2 bytes)
Event: 3.969 Thread 0x000002c76127fe00 nmethod 2929 0x000002c757cea690 code [0x000002c757cea820, 0x000002c757cea8e8]
Event: 3.969 Thread 0x000002c767aa31a0 nmethod 2910% 0x000002c757cea990 code [0x000002c757ceac00, 0x000002c757ceba98]
Event: 3.969 Thread 0x000002c767aa31a0 2912       4       java.util.HashMap::putVal (300 bytes)
Event: 3.969 Thread 0x000002c76127fe00 2930       3       jdk.internal.misc.CDS::isDumpingArchive (4 bytes)
Event: 3.969 Thread 0x000002c76127fe00 nmethod 2930 0x000002c75069fd90 code [0x000002c75069ff20, 0x000002c7506a0010]
Event: 3.969 Thread 0x000002c76127fe00 2931       3       java.lang.invoke.InnerClassLambdaMetafactory::getLoadOpcode (26 bytes)
Event: 3.969 Thread 0x000002c76127fe00 nmethod 2931 0x000002c7506a0090 code [0x000002c7506a0260, 0x000002c7506a0470]
Event: 3.969 Thread 0x000002c76127fe00 2932       3       java.lang.invoke.InnerClassLambdaMetafactory::getParameterSize (27 bytes)
Event: 3.969 Thread 0x000002c76127fe00 nmethod 2932 0x000002c7506a0590 code [0x000002c7506a0740, 0x000002c7506a0938]

GC Heap History (16 events):
Event: 0.984 GC heap before
{Heap before GC invocations=1 (full 0):
 PSYoungGen      total 29696K, used 25600K [0x00000000eab00000, 0x00000000ecc00000, 0x0000000100000000)
  eden space 25600K, 100% used [0x00000000eab00000,0x00000000ec400000,0x00000000ec400000)
  from space 4096K, 0% used [0x00000000ec800000,0x00000000ec800000,0x00000000ecc00000)
  to   space 4096K, 0% used [0x00000000ec400000,0x00000000ec400000,0x00000000ec800000)
 ParOldGen       total 68608K, used 0K [0x00000000c0000000, 0x00000000c4300000, 0x00000000eab00000)
  object space 68608K, 0% used [0x00000000c0000000,0x00000000c0000000,0x00000000c4300000)
 Metaspace       used 4356K, committed 4544K, reserved 1114112K
  class space    used 438K, committed 512K, reserved 1048576K
}
Event: 0.990 GC heap after
{Heap after GC invocations=1 (full 0):
 PSYoungGen      total 29696K, used 3173K [0x00000000eab00000, 0x00000000ecc00000, 0x0000000100000000)
  eden space 25600K, 0% used [0x00000000eab00000,0x00000000eab00000,0x00000000ec400000)
  from space 4096K, 77% used [0x00000000ec400000,0x00000000ec7197f0,0x00000000ec800000)
  to   space 4096K, 0% used [0x00000000ec800000,0x00000000ec800000,0x00000000ecc00000)
 ParOldGen       total 68608K, used 16K [0x00000000c0000000, 0x00000000c4300000, 0x00000000eab00000)
  object space 68608K, 0% used [0x00000000c0000000,0x00000000c0004000,0x00000000c4300000)
 Metaspace       used 4356K, committed 4544K, reserved 1114112K
  class space    used 438K, committed 512K, reserved 1048576K
}
Event: 2.169 GC heap before
{Heap before GC invocations=2 (full 0):
 PSYoungGen      total 29696K, used 28773K [0x00000000eab00000, 0x00000000ecc00000, 0x0000000100000000)
  eden space 25600K, 100% used [0x00000000eab00000,0x00000000ec400000,0x00000000ec400000)
  from space 4096K, 77% used [0x00000000ec400000,0x00000000ec7197f0,0x00000000ec800000)
  to   space 4096K, 0% used [0x00000000ec800000,0x00000000ec800000,0x00000000ecc00000)
 ParOldGen       total 68608K, used 16K [0x00000000c0000000, 0x00000000c4300000, 0x00000000eab00000)
  object space 68608K, 0% used [0x00000000c0000000,0x00000000c0004000,0x00000000c4300000)
 Metaspace       used 8249K, committed 8576K, reserved 1114112K
  class space    used 815K, committed 960K, reserved 1048576K
}
Event: 2.173 GC heap after
{Heap after GC invocations=2 (full 0):
 PSYoungGen      total 29696K, used 4091K [0x00000000eab00000, 0x00000000ecc00000, 0x0000000100000000)
  eden space 25600K, 0% used [0x00000000eab00000,0x00000000eab00000,0x00000000ec400000)
  from space 4096K, 99% used [0x00000000ec800000,0x00000000ecbfeea8,0x00000000ecc00000)
  to   space 4096K, 0% used [0x00000000ec400000,0x00000000ec400000,0x00000000ec800000)
 ParOldGen       total 68608K, used 850K [0x00000000c0000000, 0x00000000c4300000, 0x00000000eab00000)
  object space 68608K, 1% used [0x00000000c0000000,0x00000000c00d4958,0x00000000c4300000)
 Metaspace       used 8249K, committed 8576K, reserved 1114112K
  class space    used 815K, committed 960K, reserved 1048576K
}
Event: 2.654 GC heap before
{Heap before GC invocations=3 (full 0):
 PSYoungGen      total 29696K, used 29691K [0x00000000eab00000, 0x00000000ecc00000, 0x0000000100000000)
  eden space 25600K, 100% used [0x00000000eab00000,0x00000000ec400000,0x00000000ec400000)
  from space 4096K, 99% used [0x00000000ec800000,0x00000000ecbfeea8,0x00000000ecc00000)
  to   space 4096K, 0% used [0x00000000ec400000,0x00000000ec400000,0x00000000ec800000)
 ParOldGen       total 68608K, used 850K [0x00000000c0000000, 0x00000000c4300000, 0x00000000eab00000)
  object space 68608K, 1% used [0x00000000c0000000,0x00000000c00d4958,0x00000000c4300000)
 Metaspace       used 13040K, committed 13568K, reserved 1114112K
  class space    used 1307K, committed 1536K, reserved 1048576K
}
Event: 2.662 GC heap after
{Heap after GC invocations=3 (full 0):
 PSYoungGen      total 29696K, used 4067K [0x00000000eab00000, 0x00000000ecc00000, 0x0000000100000000)
  eden space 25600K, 0% used [0x00000000eab00000,0x00000000eab00000,0x00000000ec400000)
  from space 4096K, 99% used [0x00000000ec400000,0x00000000ec7f8df8,0x00000000ec800000)
  to   space 4096K, 0% used [0x00000000ec800000,0x00000000ec800000,0x00000000ecc00000)
 ParOldGen       total 68608K, used 2714K [0x00000000c0000000, 0x00000000c4300000, 0x00000000eab00000)
  object space 68608K, 3% used [0x00000000c0000000,0x00000000c02a69b0,0x00000000c4300000)
 Metaspace       used 13040K, committed 13568K, reserved 1114112K
  class space    used 1307K, committed 1536K, reserved 1048576K
}
Event: 3.279 GC heap before
{Heap before GC invocations=4 (full 0):
 PSYoungGen      total 29696K, used 29469K [0x00000000eab00000, 0x00000000ecc00000, 0x0000000100000000)
  eden space 25600K, 99% used [0x00000000eab00000,0x00000000ec3ce668,0x00000000ec400000)
  from space 4096K, 99% used [0x00000000ec400000,0x00000000ec7f8df8,0x00000000ec800000)
  to   space 4096K, 0% used [0x00000000ec800000,0x00000000ec800000,0x00000000ecc00000)
 ParOldGen       total 68608K, used 2714K [0x00000000c0000000, 0x00000000c4300000, 0x00000000eab00000)
  object space 68608K, 3% used [0x00000000c0000000,0x00000000c02a69b0,0x00000000c4300000)
 Metaspace       used 16918K, committed 17600K, reserved 1114112K
  class space    used 1697K, committed 1984K, reserved 1048576K
}
Event: 3.287 GC heap after
{Heap after GC invocations=4 (full 0):
 PSYoungGen      total 29696K, used 4064K [0x00000000eab00000, 0x00000000ecc00000, 0x0000000100000000)
  eden space 25600K, 0% used [0x00000000eab00000,0x00000000eab00000,0x00000000ec400000)
  from space 4096K, 99% used [0x00000000ec800000,0x00000000ecbf8280,0x00000000ecc00000)
  to   space 4096K, 0% used [0x00000000ec400000,0x00000000ec400000,0x00000000ec800000)
 ParOldGen       total 68608K, used 5705K [0x00000000c0000000, 0x00000000c4300000, 0x00000000eab00000)
  object space 68608K, 8% used [0x00000000c0000000,0x00000000c0592470,0x00000000c4300000)
 Metaspace       used 16918K, committed 17600K, reserved 1114112K
  class space    used 1697K, committed 1984K, reserved 1048576K
}
Event: 3.509 GC heap before
{Heap before GC invocations=5 (full 0):
 PSYoungGen      total 29696K, used 29664K [0x00000000eab00000, 0x00000000ecc00000, 0x0000000100000000)
  eden space 25600K, 100% used [0x00000000eab00000,0x00000000ec400000,0x00000000ec400000)
  from space 4096K, 99% used [0x00000000ec800000,0x00000000ecbf8280,0x00000000ecc00000)
  to   space 4096K, 0% used [0x00000000ec400000,0x00000000ec400000,0x00000000ec800000)
 ParOldGen       total 68608K, used 5705K [0x00000000c0000000, 0x00000000c4300000, 0x00000000eab00000)
  object space 68608K, 8% used [0x00000000c0000000,0x00000000c0592470,0x00000000c4300000)
 Metaspace       used 20222K, committed 20800K, reserved 1114112K
  class space    used 1936K, committed 2176K, reserved 1048576K
}
Event: 3.512 GC heap after
{Heap after GC invocations=5 (full 0):
 PSYoungGen      total 29184K, used 4093K [0x00000000eab00000, 0x00000000ecf80000, 0x0000000100000000)
  eden space 25088K, 0% used [0x00000000eab00000,0x00000000eab00000,0x00000000ec380000)
  from space 4096K, 99% used [0x00000000ec400000,0x00000000ec7ff638,0x00000000ec800000)
  to   space 6144K, 0% used [0x00000000ec980000,0x00000000ec980000,0x00000000ecf80000)
 ParOldGen       total 68608K, used 6924K [0x00000000c0000000, 0x00000000c4300000, 0x00000000eab00000)
  object space 68608K, 10% used [0x00000000c0000000,0x00000000c06c30c8,0x00000000c4300000)
 Metaspace       used 20222K, committed 20800K, reserved 1114112K
  class space    used 1936K, committed 2176K, reserved 1048576K
}
Event: 3.552 GC heap before
{Heap before GC invocations=6 (full 0):
 PSYoungGen      total 29184K, used 8838K [0x00000000eab00000, 0x00000000ecf80000, 0x0000000100000000)
  eden space 25088K, 18% used [0x00000000eab00000,0x00000000eafa2538,0x00000000ec380000)
  from space 4096K, 99% used [0x00000000ec400000,0x00000000ec7ff638,0x00000000ec800000)
  to   space 6144K, 0% used [0x00000000ec980000,0x00000000ec980000,0x00000000ecf80000)
 ParOldGen       total 68608K, used 6924K [0x00000000c0000000, 0x00000000c4300000, 0x00000000eab00000)
  object space 68608K, 10% used [0x00000000c0000000,0x00000000c06c30c8,0x00000000c4300000)
 Metaspace       used 20907K, committed 21504K, reserved 1114112K
  class space    used 1984K, committed 2240K, reserved 1048576K
}
Event: 3.557 GC heap after
{Heap after GC invocations=6 (full 0):
 PSYoungGen      total 29184K, used 4005K [0x00000000eab00000, 0x00000000ecd80000, 0x0000000100000000)
  eden space 25088K, 0% used [0x00000000eab00000,0x00000000eab00000,0x00000000ec380000)
  from space 4096K, 97% used [0x00000000ec980000,0x00000000ecd69778,0x00000000ecd80000)
  to   space 4608K, 0% used [0x00000000ec480000,0x00000000ec480000,0x00000000ec900000)
 ParOldGen       total 68608K, used 6924K [0x00000000c0000000, 0x00000000c4300000, 0x00000000eab00000)
  object space 68608K, 10% used [0x00000000c0000000,0x00000000c06c30c8,0x00000000c4300000)
 Metaspace       used 20907K, committed 21504K, reserved 1114112K
  class space    used 1984K, committed 2240K, reserved 1048576K
}
Event: 3.557 GC heap before
{Heap before GC invocations=7 (full 1):
 PSYoungGen      total 29184K, used 4005K [0x00000000eab00000, 0x00000000ecd80000, 0x0000000100000000)
  eden space 25088K, 0% used [0x00000000eab00000,0x00000000eab00000,0x00000000ec380000)
  from space 4096K, 97% used [0x00000000ec980000,0x00000000ecd69778,0x00000000ecd80000)
  to   space 4608K, 0% used [0x00000000ec480000,0x00000000ec480000,0x00000000ec900000)
 ParOldGen       total 68608K, used 6924K [0x00000000c0000000, 0x00000000c4300000, 0x00000000eab00000)
  object space 68608K, 10% used [0x00000000c0000000,0x00000000c06c30c8,0x00000000c4300000)
 Metaspace       used 20907K, committed 21504K, reserved 1114112K
  class space    used 1984K, committed 2240K, reserved 1048576K
}
Event: 3.580 GC heap after
{Heap after GC invocations=7 (full 1):
 PSYoungGen      total 29184K, used 0K [0x00000000eab00000, 0x00000000ecd80000, 0x0000000100000000)
  eden space 25088K, 0% used [0x00000000eab00000,0x00000000eab00000,0x00000000ec380000)
  from space 4096K, 0% used [0x00000000ec980000,0x00000000ec980000,0x00000000ecd80000)
  to   space 4608K, 0% used [0x00000000ec480000,0x00000000ec480000,0x00000000ec900000)
 ParOldGen       total 68608K, used 8374K [0x00000000c0000000, 0x00000000c4300000, 0x00000000eab00000)
  object space 68608K, 12% used [0x00000000c0000000,0x00000000c082d9c0,0x00000000c4300000)
 Metaspace       used 20894K, committed 21504K, reserved 1114112K
  class space    used 1981K, committed 2240K, reserved 1048576K
}
Event: 3.836 GC heap before
{Heap before GC invocations=8 (full 1):
 PSYoungGen      total 29184K, used 25088K [0x00000000eab00000, 0x00000000ecd80000, 0x0000000100000000)
  eden space 25088K, 100% used [0x00000000eab00000,0x00000000ec380000,0x00000000ec380000)
  from space 4096K, 0% used [0x00000000ec980000,0x00000000ec980000,0x00000000ecd80000)
  to   space 4608K, 0% used [0x00000000ec480000,0x00000000ec480000,0x00000000ec900000)
 ParOldGen       total 68608K, used 8374K [0x00000000c0000000, 0x00000000c4300000, 0x00000000eab00000)
  object space 68608K, 12% used [0x00000000c0000000,0x00000000c082d9c0,0x00000000c4300000)
 Metaspace       used 22728K, committed 23360K, reserved 1114112K
  class space    used 2116K, committed 2368K, reserved 1048576K
}
Event: 3.838 GC heap after
{Heap after GC invocations=8 (full 1):
 PSYoungGen      total 27648K, used 3061K [0x00000000eab00000, 0x00000000eca00000, 0x0000000100000000)
  eden space 24576K, 0% used [0x00000000eab00000,0x00000000eab00000,0x00000000ec300000)
  from space 3072K, 99% used [0x00000000ec480000,0x00000000ec77d7d8,0x00000000ec780000)
  to   space 2560K, 0% used [0x00000000ec780000,0x00000000ec780000,0x00000000eca00000)
 ParOldGen       total 68608K, used 8382K [0x00000000c0000000, 0x00000000c4300000, 0x00000000eab00000)
  object space 68608K, 12% used [0x00000000c0000000,0x00000000c082f9c0,0x00000000c4300000)
 Metaspace       used 22728K, committed 23360K, reserved 1114112K
  class space    used 2116K, committed 2368K, reserved 1048576K
}

Dll operation events (10 events):
Event: 0.022 Loaded shared library c:\Users\1\.vscode\extensions\redhat.java-1.40.0-win32-x64\jre\21.0.6-win32-x86_64\bin\java.dll
Event: 0.048 Loaded shared library c:\Users\1\.vscode\extensions\redhat.java-1.40.0-win32-x64\jre\21.0.6-win32-x86_64\bin\zip.dll
Event: 0.133 Loaded shared library C:\Users\1\.vscode\extensions\redhat.java-1.40.0-win32-x64\jre\21.0.6-win32-x86_64\bin\instrument.dll
Event: 0.137 Loaded shared library C:\Users\1\.vscode\extensions\redhat.java-1.40.0-win32-x64\jre\21.0.6-win32-x86_64\bin\net.dll
Event: 0.139 Loaded shared library C:\Users\1\.vscode\extensions\redhat.java-1.40.0-win32-x64\jre\21.0.6-win32-x86_64\bin\nio.dll
Event: 0.143 Loaded shared library C:\Users\1\.vscode\extensions\redhat.java-1.40.0-win32-x64\jre\21.0.6-win32-x86_64\bin\zip.dll
Event: 0.159 Loaded shared library C:\Users\1\.vscode\extensions\redhat.java-1.40.0-win32-x64\jre\21.0.6-win32-x86_64\bin\jimage.dll
Event: 0.238 Loaded shared library c:\Users\1\.vscode\extensions\redhat.java-1.40.0-win32-x64\jre\21.0.6-win32-x86_64\bin\verify.dll
Event: 1.974 Loaded shared library C:\Users\1\AppData\Roaming\Code\User\globalStorage\redhat.java\1.40.0\config_ss_win\org.eclipse.equinox.launcher\org.eclipse.equinox.launcher.win32.win32.x86_64_1.2.1200.v20250212-0927\eclipse_11909.dll
Event: 2.943 Loaded shared library C:\Users\1\AppData\Local\Temp\jna-49\jna360364285172328965.dll

Deoptimization events (20 events):
Event: 3.857 Thread 0x000002c7666c3880 Uncommon trap: trap_request=0xffffff45 fr.pc=0x000002c757cbf480 relative=0x00000000000003a0
Event: 3.857 Thread 0x000002c7666c3880 Uncommon trap: reason=unstable_if action=reinterpret pc=0x000002c757cbf480 method=java.util.regex.Pattern$BmpCharPropertyGreedy.match(Ljava/util/regex/Matcher;ILjava/lang/CharSequence;)Z @ 12 c2
Event: 3.857 Thread 0x000002c7666c3880 DEOPT PACKING pc=0x000002c757cbf480 sp=0x000000cb75dfd860
Event: 3.857 Thread 0x000002c7666c3880 DEOPT UNPACKING pc=0x000002c757663aa2 sp=0x000000cb75dfd7f8 mode 2
Event: 3.900 Thread 0x000002c7666c3880 DEOPT PACKING pc=0x000002c7506543c9 sp=0x000000cb75df8ca0
Event: 3.900 Thread 0x000002c7666c3880 DEOPT UNPACKING pc=0x000002c757664242 sp=0x000000cb75df8110 mode 0
Event: 3.902 Thread 0x000002c7666c3880 DEOPT PACKING pc=0x000002c7506543c9 sp=0x000000cb75df8ca0
Event: 3.902 Thread 0x000002c7666c3880 DEOPT UNPACKING pc=0x000002c757664242 sp=0x000000cb75df8110 mode 0
Event: 3.902 Thread 0x000002c7666c3880 DEOPT PACKING pc=0x000002c7506543c9 sp=0x000000cb75df8ca0
Event: 3.902 Thread 0x000002c7666c3880 DEOPT UNPACKING pc=0x000002c757664242 sp=0x000000cb75df8110 mode 0
Event: 3.902 Thread 0x000002c7666c3880 DEOPT PACKING pc=0x000002c7506543c9 sp=0x000000cb75df8ca0
Event: 3.902 Thread 0x000002c7666c3880 DEOPT UNPACKING pc=0x000002c757664242 sp=0x000000cb75df8110 mode 0
Event: 3.902 Thread 0x000002c7666c3880 DEOPT PACKING pc=0x000002c7506543c9 sp=0x000000cb75df8d20
Event: 3.902 Thread 0x000002c7666c3880 DEOPT UNPACKING pc=0x000002c757664242 sp=0x000000cb75df8190 mode 0
Event: 3.903 Thread 0x000002c7666c3880 DEOPT PACKING pc=0x000002c7506543c9 sp=0x000000cb75df8d20
Event: 3.903 Thread 0x000002c7666c3880 DEOPT UNPACKING pc=0x000002c757664242 sp=0x000000cb75df8190 mode 0
Event: 3.903 Thread 0x000002c7666c3880 DEOPT PACKING pc=0x000002c7506543c9 sp=0x000000cb75df8d20
Event: 3.903 Thread 0x000002c7666c3880 DEOPT UNPACKING pc=0x000002c757664242 sp=0x000000cb75df8190 mode 0
Event: 3.903 Thread 0x000002c7666c3880 DEOPT PACKING pc=0x000002c7506543c9 sp=0x000000cb75df8d20
Event: 3.903 Thread 0x000002c7666c3880 DEOPT UNPACKING pc=0x000002c757664242 sp=0x000000cb75df8190 mode 0

Classes loaded (20 events):
Event: 3.968 Loading class javax/xml/transform/FactoryFinder done
Event: 3.968 Loading class javax/xml/transform/FactoryFinder$1
Event: 3.968 Loading class javax/xml/transform/FactoryFinder$1 done
Event: 3.969 Loading class com/sun/org/apache/xalan/internal/xsltc/trax/TransformerFactoryImpl
Event: 3.970 Loading class com/sun/org/apache/xalan/internal/xsltc/compiler/SourceLoader
Event: 3.970 Loading class com/sun/org/apache/xalan/internal/xsltc/compiler/SourceLoader done
Event: 3.970 Loading class javax/xml/transform/sax/SAXTransformerFactory
Event: 3.970 Loading class javax/xml/transform/sax/SAXTransformerFactory done
Event: 3.970 Loading class com/sun/org/apache/xalan/internal/xsltc/trax/TransformerFactoryImpl done
Event: 3.970 Loading class jdk/xml/internal/TransformErrorListener
Event: 3.970 Loading class javax/xml/transform/ErrorListener
Event: 3.970 Loading class javax/xml/transform/ErrorListener done
Event: 3.970 Loading class jdk/xml/internal/TransformErrorListener done
Event: 3.971 Loading class javax/xml/catalog/CatalogFeatures
Event: 3.971 Loading class javax/xml/catalog/CatalogFeatures done
Event: 3.971 Loading class javax/xml/catalog/CatalogFeatures$Builder
Event: 3.971 Loading class javax/xml/catalog/CatalogFeatures$Builder done
Event: 3.971 Loading class jdk/xml/internal/JdkXmlFeatures
Event: 3.971 Loading class jdk/xml/internal/JdkXmlFeatures done
Event: 3.971 Loading class jdk/xml/internal/JdkXmlFeatures$XmlFeature

Classes unloaded (7 events):
Event: 3.562 Thread 0x000002c74cf9e5e0 Unloading class 0x000002c701185000 'java/lang/invoke/LambdaForm$MH+0x000002c701185000'
Event: 3.562 Thread 0x000002c74cf9e5e0 Unloading class 0x000002c701184c00 'java/lang/invoke/LambdaForm$MH+0x000002c701184c00'
Event: 3.562 Thread 0x000002c74cf9e5e0 Unloading class 0x000002c701184800 'java/lang/invoke/LambdaForm$MH+0x000002c701184800'
Event: 3.562 Thread 0x000002c74cf9e5e0 Unloading class 0x000002c701184400 'java/lang/invoke/LambdaForm$MH+0x000002c701184400'
Event: 3.562 Thread 0x000002c74cf9e5e0 Unloading class 0x000002c701184000 'java/lang/invoke/LambdaForm$BMH+0x000002c701184000'
Event: 3.562 Thread 0x000002c74cf9e5e0 Unloading class 0x000002c701183c00 'java/lang/invoke/LambdaForm$DMH+0x000002c701183c00'
Event: 3.562 Thread 0x000002c74cf9e5e0 Unloading class 0x000002c701182c00 'java/lang/invoke/LambdaForm$DMH+0x000002c701182c00'

Classes redefined (0 events):
No events

Internal exceptions (20 events):
Event: 2.971 Thread 0x000002c7666c3880 Exception <a 'java/lang/NoSuchMethodError'{0x00000000eb661480}: 'void java.lang.invoke.Invokers$Holder.invokeExact_MT(java.lang.Object, java.lang.Object, int, java.lang.Object)'> (0x00000000eb661480) 
thrown [s\src\hotspot\share\interpreter\linkResolver.cpp, line 773]
Event: 2.983 Thread 0x000002c7666c3880 Exception <a 'java/lang/NoSuchMethodError'{0x00000000eb749380}: 'java.lang.Object java.lang.invoke.DirectMethodHandle$Holder.invokeSpecial(java.lang.Object, java.lang.Object, java.lang.Object, long, java.lang.Object)'> (0x00000000eb749380) 
thrown [s\src\hotspot\share\interpreter\linkResolver.cpp, line 773]
Event: 2.983 Thread 0x000002c7666c3880 Exception <a 'java/lang/NoSuchMethodError'{0x00000000eb750b10}: 'java.lang.Object java.lang.invoke.DirectMethodHandle$Holder.newInvokeSpecial(java.lang.Object, java.lang.Object, java.lang.Object, long)'> (0x00000000eb750b10) 
thrown [s\src\hotspot\share\interpreter\linkResolver.cpp, line 773]
Event: 2.983 Thread 0x000002c7666c3880 Exception <a 'java/lang/NoSuchMethodError'{0x00000000eb754970}: 'java.lang.Object java.lang.invoke.Invokers$Holder.linkToTargetMethod(java.lang.Object, java.lang.Object, long, java.lang.Object)'> (0x00000000eb754970) 
thrown [s\src\hotspot\share\interpreter\linkResolver.cpp, line 773]
Event: 2.996 Thread 0x000002c7666c3880 Exception <a 'java/lang/NoSuchMethodError'{0x00000000eb7ad300}: 'int java.lang.invoke.DirectMethodHandle$Holder.invokeStaticInit(java.lang.Object, java.lang.Object, java.lang.Object)'> (0x00000000eb7ad300) 
thrown [s\src\hotspot\share\interpreter\linkResolver.cpp, line 773]
Event: 3.077 Thread 0x000002c7666c3880 Exception <a 'java/lang/IncompatibleClassChangeError'{0x00000000eb9f39a0}: Found class java.lang.Object, but interface was expected> (0x00000000eb9f39a0) 
thrown [s\src\hotspot\share\interpreter\linkResolver.cpp, line 840]
Event: 3.110 Thread 0x000002c7666c3880 Exception <a 'java/lang/NoSuchMethodError'{0x00000000eba09230}: 'java.lang.Object java.lang.invoke.DirectMethodHandle$Holder.invokeSpecial(java.lang.Object, java.lang.Object, java.lang.Object, int, java.lang.Object, java.lang.Object)'> (0x00000000eba09230) 
thrown [s\src\hotspot\share\interpreter\linkResolver.cpp, line 773]
Event: 3.110 Thread 0x000002c7666c3880 Exception <a 'java/lang/NoSuchMethodError'{0x00000000eba14f70}: 'java.lang.Object java.lang.invoke.DirectMethodHandle$Holder.newInvokeSpecial(java.lang.Object, java.lang.Object, java.lang.Object, int, java.lang.Object)'> (0x00000000eba14f70) 
thrown [s\src\hotspot\share\interpreter\linkResolver.cpp, line 773]
Event: 3.111 Thread 0x000002c7666c3880 Exception <a 'java/lang/NoSuchMethodError'{0x00000000eba18a60}: 'java.lang.Object java.lang.invoke.Invokers$Holder.linkToTargetMethod(java.lang.Object, java.lang.Object, int, java.lang.Object, java.lang.Object)'> (0x00000000eba18a60) 
thrown [s\src\hotspot\share\interpreter\linkResolver.cpp, line 773]
Event: 3.111 Thread 0x000002c766deb260 Exception <a 'java/lang/NoSuchMethodError'{0x00000000eb7c0428}: 'java.lang.Object java.lang.invoke.DirectMethodHandle$Holder.invokeSpecial(java.lang.Object, java.lang.Object, int, java.lang.Object, java.lang.Object)'> (0x00000000eb7c0428) 
thrown [s\src\hotspot\share\interpreter\linkResolver.cpp, line 773]
Event: 3.112 Thread 0x000002c766deb260 Exception <a 'java/lang/NoSuchMethodError'{0x00000000eb7c7160}: 'java.lang.Object java.lang.invoke.DirectMethodHandle$Holder.newInvokeSpecial(java.lang.Object, java.lang.Object, int, java.lang.Object)'> (0x00000000eb7c7160) 
thrown [s\src\hotspot\share\interpreter\linkResolver.cpp, line 773]
Event: 3.138 Thread 0x000002c7666c3880 Exception <a 'java/lang/NoSuchMethodError'{0x00000000ebb19e48}: 'void java.lang.invoke.DirectMethodHandle$Holder.invokeSpecial(java.lang.Object, java.lang.Object, java.lang.Object, java.lang.Object, java.lang.Object)'> (0x00000000ebb19e48) 
thrown [s\src\hotspot\share\interpreter\linkResolver.cpp, line 773]
Event: 3.171 Thread 0x000002c7666c3880 Exception <a 'java/lang/NoSuchMethodError'{0x00000000ebd413d0}: 'double java.lang.invoke.DirectMethodHandle$Holder.invokeStatic(java.lang.Object, java.lang.Object)'> (0x00000000ebd413d0) 
thrown [s\src\hotspot\share\interpreter\linkResolver.cpp, line 773]
Event: 3.171 Thread 0x000002c7666c3880 Exception <a 'java/lang/NoSuchMethodError'{0x00000000ebd44a90}: 'double java.lang.invoke.DirectMethodHandle$Holder.invokeStaticInit(java.lang.Object, java.lang.Object)'> (0x00000000ebd44a90) 
thrown [s\src\hotspot\share\interpreter\linkResolver.cpp, line 773]
Event: 3.488 Thread 0x000002c7666c3880 Implicit null exception at 0x000002c757cc7af5 to 0x000002c757cc7bd0
Event: 3.789 Thread 0x000002c7666c3880 Exception <a 'java/lang/ClassNotFoundException'{0x00000000ebf4fcb8}: com/sun/org/apache/xerces/internal/impl/msg/spi/DOMMessagesProvider> (0x00000000ebf4fcb8) 
thrown [s\src\hotspot\share\classfile\systemDictionary.cpp, line 312]
Event: 3.791 Thread 0x000002c7666c3880 Exception <a 'java/lang/ClassNotFoundException'{0x00000000ebf7de70}: com/sun/org/apache/xerces/internal/impl/msg/spi/XMLSerializerMessagesProvider> (0x00000000ebf7de70) 
thrown [s\src\hotspot\share\classfile\systemDictionary.cpp, line 312]
Event: 3.792 Thread 0x000002c7666c3880 Exception <a 'java/lang/ClassNotFoundException'{0x00000000ebf96438}: com/sun/org/apache/xerces/internal/impl/msg/spi/XMLMessagesProvider> (0x00000000ebf96438) 
thrown [s\src\hotspot\share\classfile\systemDictionary.cpp, line 312]
Event: 3.816 Thread 0x000002c7666c3880 Exception <a 'java/lang/NoSuchMethodError'{0x00000000ec1ca178}: 'java.lang.Object java.lang.invoke.DirectMethodHandle$Holder.newInvokeSpecial(java.lang.Object, int, java.lang.Object, java.lang.Object)'> (0x00000000ec1ca178) 
thrown [s\src\hotspot\share\interpreter\linkResolver.cpp, line 773]
Event: 3.852 Thread 0x000002c7666c3880 Exception <a 'sun/nio/fs/WindowsException'{0x00000000eabb5e68}> (0x00000000eabb5e68) 
thrown [s\src\hotspot\share\prims\jni.cpp, line 520]

ZGC Phase Switch (0 events):
No events

VM Operations (20 events):
Event: 3.016 Executing VM operation: HandshakeAllThreads (Deoptimize)
Event: 3.016 Executing VM operation: HandshakeAllThreads (Deoptimize) done
Event: 3.279 Executing VM operation: ParallelGCFailedAllocation (Allocation Failure)
Event: 3.287 Executing VM operation: ParallelGCFailedAllocation (Allocation Failure) done
Event: 3.508 Executing VM operation: ParallelGCFailedAllocation (Allocation Failure)
Event: 3.512 Executing VM operation: ParallelGCFailedAllocation (Allocation Failure) done
Event: 3.552 Executing VM operation: CollectForMetadataAllocation (Metadata GC Threshold)
Event: 3.580 Executing VM operation: CollectForMetadataAllocation (Metadata GC Threshold) done
Event: 3.752 Executing VM operation: HandshakeAllThreads (Deoptimize)
Event: 3.752 Executing VM operation: HandshakeAllThreads (Deoptimize) done
Event: 3.836 Executing VM operation: ParallelGCFailedAllocation (Allocation Failure)
Event: 3.838 Executing VM operation: ParallelGCFailedAllocation (Allocation Failure) done
Event: 3.840 Executing VM operation: HandshakeAllThreads (Deoptimize)
Event: 3.844 Executing VM operation: HandshakeAllThreads (Deoptimize) done
Event: 3.846 Executing VM operation: HandshakeAllThreads (Deoptimize)
Event: 3.846 Executing VM operation: HandshakeAllThreads (Deoptimize) done
Event: 3.905 Executing VM operation: HandshakeAllThreads (Deoptimize)
Event: 3.905 Executing VM operation: HandshakeAllThreads (Deoptimize) done
Event: 3.909 Executing VM operation: HandshakeAllThreads (Deoptimize)
Event: 3.909 Executing VM operation: HandshakeAllThreads (Deoptimize) done

Memory protections (0 events):
No events

Nmethod flushes (0 events):
No events

Events (20 events):
Event: 0.546 Thread 0x000002c76127fe00 Thread added: 0x000002c7662b4760
Event: 1.072 Thread 0x000002c7662b4760 Thread exited: 0x000002c7662b4760
Event: 1.292 Thread 0x000002c76127fe00 Thread added: 0x000002c766635a90
Event: 1.672 Thread 0x000002c74cee1f80 Thread added: 0x000002c76699f540
Event: 1.894 Thread 0x000002c74cee1f80 Thread added: 0x000002c7666c3220
Event: 1.902 Thread 0x000002c74cee1f80 Thread added: 0x000002c7666c3880
Event: 2.004 Thread 0x000002c766635a90 Thread exited: 0x000002c766635a90
Event: 2.091 Thread 0x000002c7666c3880 Thread added: 0x000002c766b8d030
Event: 2.252 Thread 0x000002c7666c3880 Thread added: 0x000002c766911af0
Event: 2.319 Thread 0x000002c76127fe00 Thread added: 0x000002c76689acb0
Event: 2.501 Thread 0x000002c7666c3880 Thread added: 0x000002c766a029a0
Event: 2.955 Thread 0x000002c76689acb0 Thread exited: 0x000002c76689acb0
Event: 2.962 Thread 0x000002c7666c3880 Thread added: 0x000002c76689acb0
Event: 2.986 Thread 0x000002c7666c3880 Thread added: 0x000002c766deb260
Event: 3.112 Thread 0x000002c7666c3880 Thread added: 0x000002c766e79140
Event: 3.302 Thread 0x000002c76127fe00 Thread added: 0x000002c766f31df0
Event: 3.419 Thread 0x000002c766f31df0 Thread exited: 0x000002c766f31df0
Event: 3.682 Thread 0x000002c76127fe00 Thread added: 0x000002c767aa31a0
Event: 3.803 Thread 0x000002c7666c3880 Thread added: 0x000002c766e77070
Event: 3.887 Thread 0x000002c766e77070 Thread exited: 0x000002c766e77070


Dynamic libraries:
0x00007ff7b5fa0000 - 0x00007ff7b5fae000 	c:\Users\1\.vscode\extensions\redhat.java-1.40.0-win32-x64\jre\21.0.6-win32-x86_64\bin\java.exe
0x00007fffe1130000 - 0x00007fffe1328000 	C:\WINDOWS\SYSTEM32\ntdll.dll
0x00007fffdf570000 - 0x00007fffdf632000 	C:\WINDOWS\System32\KERNEL32.DLL
0x00007fffde920000 - 0x00007fffdec1f000 	C:\WINDOWS\System32\KERNELBASE.dll
0x00007fffdef90000 - 0x00007fffdf090000 	C:\WINDOWS\System32\ucrtbase.dll
0x00007fffdb820000 - 0x00007fffdb838000 	c:\Users\1\.vscode\extensions\redhat.java-1.40.0-win32-x64\jre\21.0.6-win32-x86_64\bin\jli.dll
0x00007fffdf750000 - 0x00007fffdf8ed000 	C:\WINDOWS\System32\USER32.dll
0x00007fffdf090000 - 0x00007fffdf0b2000 	C:\WINDOWS\System32\win32u.dll
0x00007fffdf150000 - 0x00007fffdf17b000 	C:\WINDOWS\System32\GDI32.dll
0x00007fffdee70000 - 0x00007fffdef8a000 	C:\WINDOWS\System32\gdi32full.dll
0x00007fffdec20000 - 0x00007fffdecbd000 	C:\WINDOWS\System32\msvcp_win.dll
0x00007fffdb880000 - 0x00007fffdb89e000 	c:\Users\1\.vscode\extensions\redhat.java-1.40.0-win32-x64\jre\21.0.6-win32-x86_64\bin\VCRUNTIME140.dll
0x00007fffd2a70000 - 0x00007fffd2d0a000 	C:\WINDOWS\WinSxS\amd64_microsoft.windows.common-controls_6595b64144ccf1df_6.0.19041.4355_none_60b8b9eb71f62e16\COMCTL32.dll
0x00007fffdf4b0000 - 0x00007fffdf54e000 	C:\WINDOWS\System32\msvcrt.dll
0x00007fffe0290000 - 0x00007fffe02bf000 	C:\WINDOWS\System32\IMM32.DLL
0x00007fffdb140000 - 0x00007fffdb14c000 	c:\Users\1\.vscode\extensions\redhat.java-1.40.0-win32-x64\jre\21.0.6-win32-x86_64\bin\vcruntime140_1.dll
0x00007fffd13b0000 - 0x00007fffd143d000 	c:\Users\1\.vscode\extensions\redhat.java-1.40.0-win32-x64\jre\21.0.6-win32-x86_64\bin\msvcp140.dll
0x00007fff8d500000 - 0x00007fff8e290000 	c:\Users\1\.vscode\extensions\redhat.java-1.40.0-win32-x64\jre\21.0.6-win32-x86_64\bin\server\jvm.dll
0x00007fffdfa20000 - 0x00007fffdfacf000 	C:\WINDOWS\System32\ADVAPI32.dll
0x00007fffe0730000 - 0x00007fffe07cf000 	C:\WINDOWS\System32\sechost.dll
0x00007fffdf8f0000 - 0x00007fffdfa13000 	C:\WINDOWS\System32\RPCRT4.dll
0x00007fffde7d0000 - 0x00007fffde7f7000 	C:\WINDOWS\System32\bcrypt.dll
0x00007fffdf6e0000 - 0x00007fffdf74b000 	C:\WINDOWS\System32\WS2_32.dll
0x00007fffde580000 - 0x00007fffde5cb000 	C:\WINDOWS\SYSTEM32\POWRPROF.dll
0x00007fffd0f90000 - 0x00007fffd0fb7000 	C:\WINDOWS\SYSTEM32\WINMM.dll
0x00007fffd4360000 - 0x00007fffd436a000 	C:\WINDOWS\SYSTEM32\VERSION.dll
0x00007fffde560000 - 0x00007fffde572000 	C:\WINDOWS\SYSTEM32\UMPDC.dll
0x00007fffdc670000 - 0x00007fffdc682000 	C:\WINDOWS\SYSTEM32\kernel.appcore.dll
0x00007fffda7a0000 - 0x00007fffda7aa000 	c:\Users\1\.vscode\extensions\redhat.java-1.40.0-win32-x64\jre\21.0.6-win32-x86_64\bin\jimage.dll
0x00007fffcde20000 - 0x00007fffce004000 	C:\WINDOWS\SYSTEM32\DBGHELP.DLL
0x00007fffcd910000 - 0x00007fffcd944000 	C:\WINDOWS\SYSTEM32\dbgcore.DLL
0x00007fffdf0c0000 - 0x00007fffdf142000 	C:\WINDOWS\System32\bcryptPrimitives.dll
0x00007fffda790000 - 0x00007fffda79f000 	c:\Users\1\.vscode\extensions\redhat.java-1.40.0-win32-x64\jre\21.0.6-win32-x86_64\bin\instrument.dll
0x00007fffd77a0000 - 0x00007fffd77bf000 	c:\Users\1\.vscode\extensions\redhat.java-1.40.0-win32-x64\jre\21.0.6-win32-x86_64\bin\java.dll
0x00007fffe07d0000 - 0x00007fffe0f3d000 	C:\WINDOWS\System32\SHELL32.dll
0x00007fffdc870000 - 0x00007fffdd014000 	C:\WINDOWS\SYSTEM32\windows.storage.dll
0x00007fffe03d0000 - 0x00007fffe0725000 	C:\WINDOWS\System32\combase.dll
0x00007fffde130000 - 0x00007fffde15f000 	C:\WINDOWS\SYSTEM32\Wldp.dll
0x00007fffe1020000 - 0x00007fffe10ed000 	C:\WINDOWS\System32\OLEAUT32.dll
0x00007fffe02c0000 - 0x00007fffe036d000 	C:\WINDOWS\System32\SHCORE.dll
0x00007fffe0160000 - 0x00007fffe01b5000 	C:\WINDOWS\System32\shlwapi.dll
0x00007fffde700000 - 0x00007fffde724000 	C:\WINDOWS\SYSTEM32\profapi.dll
0x00007fffd70b0000 - 0x00007fffd70c8000 	c:\Users\1\.vscode\extensions\redhat.java-1.40.0-win32-x64\jre\21.0.6-win32-x86_64\bin\zip.dll
0x00007fffda770000 - 0x00007fffda780000 	C:\Users\1\.vscode\extensions\redhat.java-1.40.0-win32-x64\jre\21.0.6-win32-x86_64\bin\net.dll
0x00007fffd78b0000 - 0x00007fffd79ba000 	C:\WINDOWS\SYSTEM32\WINHTTP.dll
0x00007fffdde90000 - 0x00007fffddefc000 	C:\WINDOWS\system32\mswsock.dll
0x00007fffd6170000 - 0x00007fffd6186000 	C:\Users\1\.vscode\extensions\redhat.java-1.40.0-win32-x64\jre\21.0.6-win32-x86_64\bin\nio.dll
0x00007fffd61d0000 - 0x00007fffd61e0000 	c:\Users\1\.vscode\extensions\redhat.java-1.40.0-win32-x64\jre\21.0.6-win32-x86_64\bin\verify.dll
0x00007fffd3310000 - 0x00007fffd3355000 	C:\Users\1\AppData\Roaming\Code\User\globalStorage\redhat.java\1.40.0\config_ss_win\org.eclipse.equinox.launcher\org.eclipse.equinox.launcher.win32.win32.x86_64_1.2.1200.v20250212-0927\eclipse_11909.dll
0x00007fffdf1e0000 - 0x00007fffdf30b000 	C:\WINDOWS\System32\ole32.dll
0x00007fffde080000 - 0x00007fffde098000 	C:\WINDOWS\SYSTEM32\CRYPTSP.dll
0x00007fffdd7b0000 - 0x00007fffdd7e4000 	C:\WINDOWS\system32\rsaenh.dll
0x00007fffde680000 - 0x00007fffde6ae000 	C:\WINDOWS\SYSTEM32\USERENV.dll
0x00007fffde0a0000 - 0x00007fffde0ac000 	C:\WINDOWS\SYSTEM32\CRYPTBASE.dll
0x00007fffddb70000 - 0x00007fffddbab000 	C:\WINDOWS\SYSTEM32\IPHLPAPI.DLL
0x00007fffdf640000 - 0x00007fffdf648000 	C:\WINDOWS\System32\NSI.dll
0x00007fffd14d0000 - 0x00007fffd1519000 	C:\Users\1\AppData\Local\Temp\jna-49\jna360364285172328965.dll
0x00007fffe01c0000 - 0x00007fffe01c8000 	C:\WINDOWS\System32\PSAPI.DLL

dbghelp: loaded successfully - version: 4.0.5 - missing functions: none
symbol engine: initialized successfully - sym options: 0x614 - pdb path: .;c:\Users\1\.vscode\extensions\redhat.java-1.40.0-win32-x64\jre\21.0.6-win32-x86_64\bin;C:\WINDOWS\SYSTEM32;C:\WINDOWS\WinSxS\amd64_microsoft.windows.common-controls_6595b64144ccf1df_6.0.19041.4355_none_60b8b9eb71f62e16;c:\Users\1\.vscode\extensions\redhat.java-1.40.0-win32-x64\jre\21.0.6-win32-x86_64\bin\server;C:\Users\1\AppData\Roaming\Code\User\globalStorage\redhat.java\1.40.0\config_ss_win\org.eclipse.equinox.launcher\org.eclipse.equinox.launcher.win32.win32.x86_64_1.2.1200.v20250212-0927;C:\Users\1\AppData\Local\Temp\jna-49

VM Arguments:
jvm_args: --add-modules=ALL-SYSTEM --add-opens=java.base/java.util=ALL-UNNAMED --add-opens=java.base/java.lang=ALL-UNNAMED --add-opens=java.base/sun.nio.fs=ALL-UNNAMED -Declipse.application=org.eclipse.jdt.ls.core.id1 -Dosgi.bundles.defaultStartLevel=4 -Declipse.product=org.eclipse.jdt.ls.core.product -Djava.import.generatesMetadataFilesAtProjectRoot=false -DDetectVMInstallationsJob.disabled=true -Dfile.encoding=utf8 -XX:+UseParallelGC -XX:GCTimeRatio=4 -XX:AdaptiveSizePolicyWeight=90 -Dsun.zip.disableMemoryMapping=true -Xmx1G -Xms100m -Xlog:disable -javaagent:c:\Users\1\.vscode\extensions\redhat.java-1.40.0-win32-x64\lombok\lombok-1.18.36.jar 
java_command: c:\Users\1\.vscode\extensions\redhat.java-1.40.0-win32-x64\server\plugins\org.eclipse.equinox.launcher_1.6.1000.v20250131-0606.jar -configuration c:\Users\1\AppData\Roaming\Code\User\globalStorage\redhat.java\1.40.0\config_ss_win -data c:\Users\1\AppData\Roaming\Code\User\workspaceStorage\b045f5d33f511c6176c922133368f7d6\redhat.java\ss_ws --pipe=\\.\pipe\lsp-39bd613e125f2459ecf716a5c17adcfe-sock
java_class_path (initial): c:\Users\1\.vscode\extensions\redhat.java-1.40.0-win32-x64\server\plugins\org.eclipse.equinox.launcher_1.6.1000.v20250131-0606.jar
Launcher Type: SUN_STANDARD

[Global flags]
    uintx AdaptiveSizePolicyWeight                 = 90                                        {product} {command line}
     intx CICompilerCount                          = 3                                         {product} {ergonomic}
    uintx GCTimeRatio                              = 4                                         {product} {command line}
   size_t InitialHeapSize                          = 104857600                                 {product} {command line}
   size_t MaxHeapSize                              = 1073741824                                {product} {command line}
   size_t MaxNewSize                               = 357564416                                 {product} {ergonomic}
   size_t MinHeapDeltaBytes                        = 524288                                    {product} {ergonomic}
   size_t MinHeapSize                              = 104857600                                 {product} {command line}
   size_t NewSize                                  = 34603008                                  {product} {ergonomic}
    uintx NonNMethodCodeHeapSize                   = 5832780                                {pd product} {ergonomic}
    uintx NonProfiledCodeHeapSize                  = 122912730                              {pd product} {ergonomic}
   size_t OldSize                                  = 70254592                                  {product} {ergonomic}
    uintx ProfiledCodeHeapSize                     = 122912730                              {pd product} {ergonomic}
    uintx ReservedCodeCacheSize                    = 251658240                              {pd product} {ergonomic}
     bool SegmentedCodeCache                       = true                                      {product} {ergonomic}
   size_t SoftMaxHeapSize                          = 1073741824                             {manageable} {ergonomic}
     bool UseCompressedOops                        = true                           {product lp64_product} {ergonomic}
     bool UseLargePagesIndividualAllocation        = false                                  {pd product} {ergonomic}
     bool UseParallelGC                            = true                                      {product} {command line}

Logging:
Log output configuration:
 #0: stdout all=off uptime,level,tags foldmultilines=false
 #1: stderr all=off uptime,level,tags foldmultilines=false

Environment Variables:
JAVA_HOME=C:\Program Files\Java\jdk-19
PATH=C:\Program Files\Common Files\Oracle\Java\javapath;C:\WINDOWS\system32;C:\WINDOWS;C:\WINDOWS\System32\Wbem;C:\WINDOWS\System32\WindowsPowerShell\v1.0\;C:\WINDOWS\System32\OpenSSH\;C:\Program Files\Git\cmd;C:\ProgramData\chocolatey\bin;C:\Program Files\nodejs\;C:\Users\1\AppData\Local\Programs\Python\Python311\Scripts\;C:\Users\1\AppData\Local\Programs\Python\Python311\;C:\Program Files\MySQL\MySQL Shell 8.0\bin\;C:\Users\1\AppData\Local\Microsoft\WindowsApps;C:\Users\1\AppData\Local\Programs\Microsoft VS Code\bin;C:\Users\1\AppData\Roaming\npm;
USERNAME=1
OS=Windows_NT
PROCESSOR_IDENTIFIER=Intel64 Family 6 Model 60 Stepping 3, GenuineIntel
TMP=C:\Users\1\AppData\Local\Temp
TEMP=C:\Users\1\AppData\Local\Temp




Periodic native trim disabled

---------------  S Y S T E M  ---------------

OS:
 Windows 10 , 64 bit Build 19041 (10.0.19041.5438)
OS uptime: 13 days 6:15 hours

CPU: total 4 (initial active 4) (4 cores per cpu, 1 threads per core) family 6 model 60 stepping 3 microcode 0x27, cx8, cmov, fxsr, mmx, sse, sse2, sse3, ssse3, sse4.1, sse4.2, popcnt, lzcnt, tsc, tscinvbit, avx, avx2, aes, erms, clmul, bmi1, bmi2, fma, vzeroupper, clflush, rdtscp, f16c
Processor Information for the first 4 processors :
  Max Mhz: 3301, Current Mhz: 3301, Mhz Limit: 3301

Memory: 4k page, system-wide physical 8082M (1617M free)
TotalPageFile size 10130M (AvailPageFile size 5M)
current process WorkingSet (physical memory assigned to process): 154M, peak: 155M
current process commit charge ("private bytes"): 243M, peak: 247M

vm_info: OpenJDK 64-Bit Server VM (21.0.6+7-LTS) for windows-amd64 JRE (21.0.6+7-LTS), built on 2025-01-21T00:00:00Z by "admin" with MS VC++ 17.7 (VS2022)

END.
