#
# There is insufficient memory for the Java Runtime Environment to continue.
# Native memory allocation (malloc) failed to allocate 1954576 bytes. Error detail: Chunk::new
# Possible reasons:
#   The system is out of physical RAM or swap space
#   This process is running with CompressedOops enabled, and the Java Heap may be blocking the growth of the native heap
# Possible solutions:
#   Reduce memory load on the system
#   Increase physical memory or swap space
#   Check if swap backing store is full
#   Decrease Java heap size (-Xmx/-Xms)
#   Decrease number of Java threads
#   Decrease Java thread stack sizes (-Xss)
#   Set larger code cache with -XX:ReservedCodeCacheSize=
#   JVM is running with Unscaled Compressed Oops mode in which the Java heap is
#     placed in the first 4GB address space. The Java Heap base address is the
#     maximum limit for the native heap growth. Please use -XX:HeapBaseMinAddress
#     to set the Java Heap base and to place the Java Heap above 4GB virtual address.
# This output file may be truncated or incomplete.
#
#  Out of Memory Error (arena.cpp:168), pid=10524, tid=4460
#
# JRE version: OpenJDK Runtime Environment Temurin-21.0.6+7 (21.0.6+7) (build 21.0.6+7-LTS)
# Java VM: OpenJDK 64-Bit Server VM Temurin-21.0.6+7 (21.0.6+7-LTS, mixed mode, sharing, tiered, compressed oops, compressed class ptrs, parallel gc, windows-amd64)
# No core dump will be written. Minidumps are not enabled by default on client versions of Windows
#

---------------  S U M M A R Y ------------

Command Line: --add-modules=ALL-SYSTEM --add-opens=java.base/java.util=ALL-UNNAMED --add-opens=java.base/java.lang=ALL-UNNAMED --add-opens=java.base/sun.nio.fs=ALL-UNNAMED -Declipse.application=org.eclipse.jdt.ls.core.id1 -Dosgi.bundles.defaultStartLevel=4 -Declipse.product=org.eclipse.jdt.ls.core.product -Djava.import.generatesMetadataFilesAtProjectRoot=false -DDetectVMInstallationsJob.disabled=true -Dfile.encoding=utf8 -XX:+UseParallelGC -XX:GCTimeRatio=4 -XX:AdaptiveSizePolicyWeight=90 -Dsun.zip.disableMemoryMapping=true -Xmx1G -Xms100m -Xlog:disable -javaagent:c:\Users\1\.vscode\extensions\redhat.java-1.40.0-win32-x64\lombok\lombok-1.18.36.jar -XX:+HeapDumpOnOutOfMemoryError -XX:HeapDumpPath=c:\Users\1\AppData\Roaming\Code\User\workspaceStorage\b045f5d33f511c6176c922133368f7d6\redhat.java -Daether.dependencyCollector.impl=bf c:\Users\1\.vscode\extensions\redhat.java-1.40.0-win32-x64\server\plugins\org.eclipse.equinox.launcher_1.6.1000.v20250131-0606.jar -configuration c:\Users\1\AppData\Roaming\Code\User\globalStorage\redhat.java\1.40.0\config_win -data c:\Users\1\AppData\Roaming\Code\User\workspaceStorage\b045f5d33f511c6176c922133368f7d6\redhat.java\jdt_ws --pipe=\\.\pipe\lsp-fe56cbab6d186f2cbaf96bb614976ede-sock

Host: Intel(R) Core(TM) i5-4590 CPU @ 3.30GHz, 4 cores, 7G,  Windows 10 , 64 bit Build 19041 (10.0.19041.5438)
Time: Sun Mar  2 17:03:30 2025 Hora est. Pacífico, Sudamérica elapsed time: 26.941236 seconds (0d 0h 0m 26s)

---------------  T H R E A D  ---------------

Current thread (0x000002b0078b4ff0):  JavaThread "C2 CompilerThread1" daemon [_thread_in_native, id=4460, stack(0x000000b946400000,0x000000b946500000) (1024K)]


Current CompileTask:
C2:26941 9269 %     4       org.lombokweb.asm.ClassReader::readCode @ 2187 (5117 bytes)

Stack: [0x000000b946400000,0x000000b946500000]
Native frames: (J=compiled Java code, j=interpreted, Vv=VM code, C=native code)
V  [jvm.dll+0x6cdee9]
V  [jvm.dll+0x8a83d1]
V  [jvm.dll+0x8aa8fe]
V  [jvm.dll+0x8aafe3]
V  [jvm.dll+0x27f706]
V  [jvm.dll+0xc500d]
V  [jvm.dll+0xc5543]
V  [jvm.dll+0x3b6752]
V  [jvm.dll+0x1dfe13]
V  [jvm.dll+0x247b42]
V  [jvm.dll+0x246fcf]
V  [jvm.dll+0x1c75ee]
V  [jvm.dll+0x25685a]
V  [jvm.dll+0x254dfa]
V  [jvm.dll+0x3f0256]
V  [jvm.dll+0x851f8b]
V  [jvm.dll+0x6cc5ed]
C  [ucrtbase.dll+0x21bb2]
C  [KERNEL32.DLL+0x17374]
C  [ntdll.dll+0x4cc91]


---------------  P R O C E S S  ---------------

Threads class SMR info:
_java_thread_list=0x000002b00e88aa60, length=42, elements={
0x000002afb1163510, 0x000002afb122e400, 0x000002afc5487d30, 0x000002afc54898b0,
0x000002afc548aa10, 0x000002afc548f0d0, 0x000002afc54902c0, 0x000002afc549fe90,
0x000002afc54a19e0, 0x000002b00723adb0, 0x000002b00758b140, 0x000002b007a0b670,
0x000002b0074e4950, 0x000002b0076aea30, 0x000002b007d666b0, 0x000002b007c15aa0,
0x000002b00776c320, 0x000002b00787cdf0, 0x000002b00787d480, 0x000002b00787db10,
0x000002b00787e1a0, 0x000002b00787e830, 0x000002b00787eec0, 0x000002b00787fbe0,
0x000002b00787f550, 0x000002b00787c760, 0x000002b00d585eb0, 0x000002b00d57f5b0,
0x000002b00d583de0, 0x000002b00d580960, 0x000002b00d585190, 0x000002b00d583750,
0x000002b00d57ef20, 0x000002b00d57fc40, 0x000002b0078b4ff0, 0x000002b00d586540,
0x000002b00d584470, 0x000002b00d585820, 0x000002b00d582a30, 0x000002b00d5802d0,
0x000002b00d584b00, 0x000002b00d581d10
}

Java Threads: ( => current thread )
  0x000002afb1163510 JavaThread "main"                              [_thread_blocked, id=17828, stack(0x000000b944c00000,0x000000b944d00000) (1024K)]
  0x000002afb122e400 JavaThread "Reference Handler"          daemon [_thread_blocked, id=7900, stack(0x000000b945100000,0x000000b945200000) (1024K)]
  0x000002afc5487d30 JavaThread "Finalizer"                  daemon [_thread_blocked, id=8056, stack(0x000000b945200000,0x000000b945300000) (1024K)]
  0x000002afc54898b0 JavaThread "Signal Dispatcher"          daemon [_thread_blocked, id=7380, stack(0x000000b945300000,0x000000b945400000) (1024K)]
  0x000002afc548aa10 JavaThread "Attach Listener"            daemon [_thread_blocked, id=13728, stack(0x000000b945400000,0x000000b945500000) (1024K)]
  0x000002afc548f0d0 JavaThread "Service Thread"             daemon [_thread_blocked, id=17120, stack(0x000000b945500000,0x000000b945600000) (1024K)]
  0x000002afc54902c0 JavaThread "Monitor Deflation Thread"   daemon [_thread_blocked, id=10204, stack(0x000000b945600000,0x000000b945700000) (1024K)]
  0x000002afc549fe90 JavaThread "C2 CompilerThread0"         daemon [_thread_in_native, id=252, stack(0x000000b945700000,0x000000b945800000) (1024K)]
  0x000002afc54a19e0 JavaThread "C1 CompilerThread0"         daemon [_thread_in_native, id=13432, stack(0x000000b945800000,0x000000b945900000) (1024K)]
  0x000002b00723adb0 JavaThread "Common-Cleaner"             daemon [_thread_blocked, id=7396, stack(0x000000b945900000,0x000000b945a00000) (1024K)]
  0x000002b00758b140 JavaThread "Notification Thread"        daemon [_thread_blocked, id=15988, stack(0x000000b945a00000,0x000000b945b00000) (1024K)]
  0x000002b007a0b670 JavaThread "Active Thread: Equinox Container: 81b5b6c6-f6e9-48a2-91ff-cc49cd9d176c"        [_thread_blocked, id=10176, stack(0x000000b945f00000,0x000000b946000000) (1024K)]
  0x000002b0074e4950 JavaThread "Refresh Thread: Equinox Container: 81b5b6c6-f6e9-48a2-91ff-cc49cd9d176c" daemon [_thread_blocked, id=3244, stack(0x000000b945b00000,0x000000b945c00000) (1024K)]
  0x000002b0076aea30 JavaThread "Framework Event Dispatcher: Equinox Container: 81b5b6c6-f6e9-48a2-91ff-cc49cd9d176c" daemon [_thread_blocked, id=13708, stack(0x000000b946000000,0x000000b946100000) (1024K)]
  0x000002b007d666b0 JavaThread "Start Level: Equinox Container: 81b5b6c6-f6e9-48a2-91ff-cc49cd9d176c" daemon [_thread_blocked, id=13084, stack(0x000000b946100000,0x000000b946200000) (1024K)]
  0x000002b007c15aa0 JavaThread "Bundle File Closer"         daemon [_thread_blocked, id=1048, stack(0x000000b946200000,0x000000b946300000) (1024K)]
  0x000002b00776c320 JavaThread "SCR Component Actor"        daemon [_thread_blocked, id=14736, stack(0x000000b946300000,0x000000b946400000) (1024K)]
  0x000002b00787cdf0 JavaThread "Worker-JM"                         [_thread_blocked, id=12532, stack(0x000000b946600000,0x000000b946700000) (1024K)]
  0x000002b00787d480 JavaThread "Worker-0: Initialize workspace"        [_thread_blocked, id=8924, stack(0x000000b946700000,0x000000b946800000) (1024K)]
  0x000002b00787db10 JavaThread "Worker-1"                          [_thread_blocked, id=4052, stack(0x000000b946800000,0x000000b946900000) (1024K)]
  0x000002b00787e1a0 JavaThread "Java indexing"              daemon [_thread_in_Java, id=6852, stack(0x000000b946900000,0x000000b946a00000) (1024K)]
  0x000002b00787e830 JavaThread "JNA Cleaner"                daemon [_thread_blocked, id=7892, stack(0x000000b946a00000,0x000000b946b00000) (1024K)]
  0x000002b00787eec0 JavaThread "Worker-2: Refreshing workspace"        [_thread_blocked, id=12696, stack(0x000000b946d00000,0x000000b946e00000) (1024K)]
  0x000002b00787fbe0 JavaThread "Worker-3"                          [_thread_blocked, id=8108, stack(0x000000b946e00000,0x000000b946f00000) (1024K)]
  0x000002b00787f550 JavaThread "Worker-4: Java indexing... "        [_thread_blocked, id=8492, stack(0x000000b946f00000,0x000000b947000000) (1024K)]
  0x000002b00787c760 JavaThread "Thread-2"                   daemon [_thread_in_native, id=14964, stack(0x000000b947000000,0x000000b947100000) (1024K)]
  0x000002b00d585eb0 JavaThread "Thread-3"                   daemon [_thread_in_native, id=17372, stack(0x000000b947100000,0x000000b947200000) (1024K)]
  0x000002b00d57f5b0 JavaThread "Thread-4"                   daemon [_thread_in_native, id=13124, stack(0x000000b947200000,0x000000b947300000) (1024K)]
  0x000002b00d583de0 JavaThread "Thread-5"                   daemon [_thread_in_native, id=16360, stack(0x000000b947300000,0x000000b947400000) (1024K)]
  0x000002b00d580960 JavaThread "Thread-6"                   daemon [_thread_in_native, id=11324, stack(0x000000b947400000,0x000000b947500000) (1024K)]
  0x000002b00d585190 JavaThread "pool-2-thread-1"                   [_thread_blocked, id=16988, stack(0x000000b947500000,0x000000b947600000) (1024K)]
  0x000002b00d583750 JavaThread "Worker-5"                          [_thread_blocked, id=11772, stack(0x000000b947600000,0x000000b947700000) (1024K)]
  0x000002b00d57ef20 JavaThread "WorkspaceEventsHandler"            [_thread_blocked, id=16184, stack(0x000000b947700000,0x000000b947800000) (1024K)]
  0x000002b00d57fc40 JavaThread "pool-1-thread-1"                   [_thread_blocked, id=9792, stack(0x000000b947800000,0x000000b947900000) (1024K)]
=>0x000002b0078b4ff0 JavaThread "C2 CompilerThread1"         daemon [_thread_in_native, id=4460, stack(0x000000b946400000,0x000000b946500000) (1024K)]
  0x000002b00d586540 JavaThread "Worker-6"                          [_thread_blocked, id=6712, stack(0x000000b946500000,0x000000b946600000) (1024K)]
  0x000002b00d584470 JavaThread "Compiler Source File Reader" daemon [_thread_blocked, id=6228, stack(0x000000b947a00000,0x000000b947b00000) (1024K)]
  0x000002b00d585820 JavaThread "Compiler Source File Reader" daemon [_thread_blocked, id=11204, stack(0x000000b947b00000,0x000000b947c00000) (1024K)]
  0x000002b00d582a30 JavaThread "Compiler Processing Task"   daemon [_thread_blocked, id=16524, stack(0x000000b947c00000,0x000000b947d00000) (1024K)]
  0x000002b00d5802d0 JavaThread "Compiler Class File Writer" daemon [_thread_blocked, id=10348, stack(0x000000b947d00000,0x000000b947e00000) (1024K)]
  0x000002b00d584b00 JavaThread "Compiler Class File Writer" daemon [_thread_blocked, id=12136, stack(0x000000b947e00000,0x000000b947f00000) (1024K)]
  0x000002b00d581d10 JavaThread "ForkJoinPool.commonPool-worker-1" daemon [_thread_blocked, id=5812, stack(0x000000b947f00000,0x000000b948000000) (1024K)]
Total: 42

Other Threads:
  0x000002afb121f2b0 VMThread "VM Thread"                           [id=17208, stack(0x000000b944f00000,0x000000b945000000) (1024K)]
  0x000002afb11cba40 WatcherThread "VM Periodic Task Thread"        [id=10652, stack(0x000000b944e00000,0x000000b944f00000) (1024K)]
  0x000002afb11802b0 WorkerThread "GC Thread#0"                     [id=14840, stack(0x000000b944d00000,0x000000b944e00000) (1024K)]
  0x000002b007af1480 WorkerThread "GC Thread#1"                     [id=8812, stack(0x000000b945c00000,0x000000b945d00000) (1024K)]
  0x000002b007a34630 WorkerThread "GC Thread#2"                     [id=11228, stack(0x000000b945d00000,0x000000b945e00000) (1024K)]
  0x000002b007a349d0 WorkerThread "GC Thread#3"                     [id=11952, stack(0x000000b945e00000,0x000000b945f00000) (1024K)]
Total: 6

Threads with active compile tasks:
C2 CompilerThread0  26958 9580 % !   4       org.eclipse.jdt.internal.compiler.classfmt.ClassFileReader::<init> @ 81 (2135 bytes)
C2 CompilerThread1  26959 9269 %     4       org.lombokweb.asm.ClassReader::readCode @ 2187 (5117 bytes)
Total: 2

VM state: not at safepoint (normal execution)

VM Mutex/Monitor currently owned by a thread: None

Heap address: 0x00000000c0000000, size: 1024 MB, Compressed Oops mode: 32-bit

CDS archive(s) mapped at: [0x000002afc6000000-0x000002afc6ba0000-0x000002afc6ba0000), size 12189696, SharedBaseAddress: 0x000002afc6000000, ArchiveRelocationMode: 1.
Compressed class space mapped at: 0x000002afc7000000-0x000002b007000000, reserved size: 1073741824
Narrow klass base: 0x000002afc6000000, Narrow klass shift: 0, Narrow klass range: 0x100000000

GC Precious Log:
 CardTable entry size: 512
 CPUs: 4 total, 4 available
 Memory: 8082M
 Large Page Support: Disabled
 NUMA Support: Disabled
 Compressed Oops: Enabled (32-bit)
 Alignments: Space 512K, Generation 512K, Heap 2M
 Heap Min Capacity: 100M
 Heap Initial Capacity: 100M
 Heap Max Capacity: 1G
 Pre-touch: Disabled
 Parallel Workers: 4

Heap:
 PSYoungGen      total 19968K, used 6720K [0x00000000eab00000, 0x00000000ec280000, 0x0000000100000000)
  eden space 18944K, 30% used [0x00000000eab00000,0x00000000eb093b90,0x00000000ebd80000)
  from space 1024K, 98% used [0x00000000ebe00000,0x00000000ebefc748,0x00000000ebf00000)
  to   space 2560K, 0% used [0x00000000ec000000,0x00000000ec000000,0x00000000ec280000)
 ParOldGen       total 68608K, used 44692K [0x00000000c0000000, 0x00000000c4300000, 0x00000000eab00000)
  object space 68608K, 65% used [0x00000000c0000000,0x00000000c2ba50c0,0x00000000c4300000)
 Metaspace       used 65983K, committed 67456K, reserved 1114112K
  class space    used 7056K, committed 7680K, reserved 1048576K

Card table byte_map: [0x000002afb0b40000,0x000002afb0d50000] _byte_map_base: 0x000002afb0540000

Marking Bits: (ParMarkBitMap*) 0x00007fff8e1b3260
 Begin Bits: [0x000002afc3360000, 0x000002afc4360000)
 End Bits:   [0x000002afc4360000, 0x000002afc5360000)

Polling page: 0x000002afb0930000

Metaspace:

Usage:
  Non-class:     57.55 MB used.
      Class:      6.89 MB used.
       Both:     64.44 MB used.

Virtual space:
  Non-class space:       64.00 MB reserved,      58.38 MB ( 91%) committed,  1 nodes.
      Class space:        1.00 GB reserved,       7.50 MB ( <1%) committed,  1 nodes.
             Both:        1.06 GB reserved,      65.88 MB (  6%) committed. 

Chunk freelists:
   Non-Class:  4.95 MB
       Class:  8.44 MB
        Both:  13.39 MB

MaxMetaspaceSize: unlimited
CompressedClassSpaceSize: 1.00 GB
Initial GC threshold: 21.00 MB
Current GC threshold: 97.31 MB
CDS: on
 - commit_granule_bytes: 65536.
 - commit_granule_words: 8192.
 - virtual_space_node_default_size: 8388608.
 - enlarge_chunks_in_place: 1.
 - use_allocation_guard: 0.


Internal statistics:

num_allocs_failed_limit: 9.
num_arena_births: 1138.
num_arena_deaths: 16.
num_vsnodes_births: 2.
num_vsnodes_deaths: 0.
num_space_committed: 1054.
num_space_uncommitted: 0.
num_chunks_returned_to_freelist: 26.
num_chunks_taken_from_freelist: 3959.
num_chunk_merges: 13.
num_chunk_splits: 2492.
num_chunks_enlarged: 1503.
num_inconsistent_stats: 0.

CodeHeap 'non-profiled nmethods': size=120000Kb used=5328Kb max_used=5328Kb free=114671Kb
 bounds [0x000002afbbe30000, 0x000002afbc370000, 0x000002afc3360000]
CodeHeap 'profiled nmethods': size=120000Kb used=18865Kb max_used=18865Kb free=101134Kb
 bounds [0x000002afb4360000, 0x000002afb55d0000, 0x000002afbb890000]
CodeHeap 'non-nmethods': size=5760Kb used=1466Kb max_used=1521Kb free=4293Kb
 bounds [0x000002afbb890000, 0x000002afbbb00000, 0x000002afbbe30000]
 total_blobs=9663 nmethods=8881 adapters=688
 compilation: enabled
              stopped_count=0, restarted_count=0
 full_count=0

Compilation events (20 events):
Event: 26.878 Thread 0x000002afc54a19e0 9606       1       org.eclipse.core.internal.jobs.InternalJob::setWaitQueueStamp (6 bytes)
Event: 26.878 Thread 0x000002afc54a19e0 nmethod 9606 0x000002afbc363a10 code [0x000002afbc363ba0, 0x000002afbc363c68]
Event: 26.878 Thread 0x000002afc54a19e0 9607   !   3       org.eclipse.core.internal.localstore.UnifiedTree::addChildren (479 bytes)
Event: 26.881 Thread 0x000002afc54a19e0 nmethod 9607 0x000002afb55c1590 code [0x000002afb55c1c00, 0x000002afb55c5e68]
Event: 26.883 Thread 0x000002afc54a19e0 9608       1       org.eclipse.core.internal.jobs.InternalJob::setThread (6 bytes)
Event: 26.883 Thread 0x000002afc54a19e0 nmethod 9608 0x000002afbc363d10 code [0x000002afbc363ea0, 0x000002afbc363f88]
Event: 26.883 Thread 0x000002afc54a19e0 9609       3       org.eclipse.core.internal.jobs.InternalJob::internalSetState (15 bytes)
Event: 26.883 Thread 0x000002afc54a19e0 nmethod 9609 0x000002afb55c7590 code [0x000002afb55c7720, 0x000002afb55c7840]
Event: 26.884 Thread 0x000002afc54a19e0 9610       3       org.eclipse.core.internal.resources.CharsetManager$ResourceChangeListener::moveSettingsIfDerivedChanged (229 bytes)
Event: 26.885 Thread 0x000002afc54a19e0 nmethod 9610 0x000002afb55c7910 code [0x000002afb55c7c40, 0x000002afb55c9078]
Event: 26.885 Thread 0x000002afc54a19e0 9611       3       org.eclipse.jdt.internal.core.DeltaProcessor::rootInfo (39 bytes)
Event: 26.885 Thread 0x000002afc54a19e0 nmethod 9611 0x000002afb55c9a10 code [0x000002afb55c9c00, 0x000002afb55ca0e8]
Event: 26.885 Thread 0x000002afc54a19e0 9612       3       org.eclipse.jdt.internal.core.ExternalFoldersManager::isInternalPathForExternalFolder (13 bytes)
Event: 26.885 Thread 0x000002afc54a19e0 nmethod 9612 0x000002afb55ca290 code [0x000002afb55ca460, 0x000002afb55ca6c0]
Event: 26.885 Thread 0x000002afc54a19e0 9613       1       org.eclipse.jdt.internal.core.JavaElementDelta::getElement (5 bytes)
Event: 26.885 Thread 0x000002afc54a19e0 nmethod 9613 0x000002afbc364010 code [0x000002afbc3641a0, 0x000002afbc364268]
Event: 26.886 Thread 0x000002afc54a19e0 9614       3       org.eclipse.core.internal.resources.Resource::getFileExtension (41 bytes)
Event: 26.886 Thread 0x000002afc54a19e0 nmethod 9614 0x000002afb55ca890 code [0x000002afb55cab00, 0x000002afb55cb360]
Event: 26.887 Thread 0x000002afc54a19e0 9615       3       org.eclipse.lsp4j.jsonrpc.util.Preconditions::checkNotNull (26 bytes)
Event: 26.887 Thread 0x000002afc54a19e0 nmethod 9615 0x000002afb55cb690 code [0x000002afb55cb860, 0x000002afb55cbb00]

GC Heap History (20 events):
Event: 24.320 GC heap before
{Heap before GC invocations=29 (full 2):
 PSYoungGen      total 23040K, used 22816K [0x00000000eab00000, 0x00000000ec400000, 0x0000000100000000)
  eden space 20992K, 100% used [0x00000000eab00000,0x00000000ebf80000,0x00000000ebf80000)
  from space 2048K, 89% used [0x00000000ec200000,0x00000000ec3c8000,0x00000000ec400000)
  to   space 2048K, 0% used [0x00000000ec000000,0x00000000ec000000,0x00000000ec200000)
 ParOldGen       total 68608K, used 36639K [0x00000000c0000000, 0x00000000c4300000, 0x00000000eab00000)
  object space 68608K, 53% used [0x00000000c0000000,0x00000000c23c7dd0,0x00000000c4300000)
 Metaspace       used 56090K, committed 57344K, reserved 1114112K
  class space    used 6022K, committed 6592K, reserved 1048576K
}
Event: 24.324 GC heap after
{Heap after GC invocations=29 (full 2):
 PSYoungGen      total 23040K, used 1968K [0x00000000eab00000, 0x00000000ec380000, 0x0000000100000000)
  eden space 20992K, 0% used [0x00000000eab00000,0x00000000eab00000,0x00000000ebf80000)
  from space 2048K, 96% used [0x00000000ec000000,0x00000000ec1ec020,0x00000000ec200000)
  to   space 1536K, 0% used [0x00000000ec200000,0x00000000ec200000,0x00000000ec380000)
 ParOldGen       total 68608K, used 39188K [0x00000000c0000000, 0x00000000c4300000, 0x00000000eab00000)
  object space 68608K, 57% used [0x00000000c0000000,0x00000000c26452e0,0x00000000c4300000)
 Metaspace       used 56090K, committed 57344K, reserved 1114112K
  class space    used 6022K, committed 6592K, reserved 1048576K
}
Event: 24.528 GC heap before
{Heap before GC invocations=30 (full 2):
 PSYoungGen      total 23040K, used 22935K [0x00000000eab00000, 0x00000000ec380000, 0x0000000100000000)
  eden space 20992K, 99% used [0x00000000eab00000,0x00000000ebf79fa0,0x00000000ebf80000)
  from space 2048K, 96% used [0x00000000ec000000,0x00000000ec1ec020,0x00000000ec200000)
  to   space 1536K, 0% used [0x00000000ec200000,0x00000000ec200000,0x00000000ec380000)
 ParOldGen       total 68608K, used 39188K [0x00000000c0000000, 0x00000000c4300000, 0x00000000eab00000)
  object space 68608K, 57% used [0x00000000c0000000,0x00000000c26452e0,0x00000000c4300000)
 Metaspace       used 56546K, committed 57856K, reserved 1114112K
  class space    used 6066K, committed 6592K, reserved 1048576K
}
Event: 24.532 GC heap after
{Heap after GC invocations=30 (full 2):
 PSYoungGen      total 20992K, used 1521K [0x00000000eab00000, 0x00000000ec780000, 0x0000000100000000)
  eden space 19456K, 0% used [0x00000000eab00000,0x00000000eab00000,0x00000000ebe00000)
  from space 1536K, 99% used [0x00000000ec200000,0x00000000ec37c690,0x00000000ec380000)
  to   space 4096K, 0% used [0x00000000ebe00000,0x00000000ebe00000,0x00000000ec200000)
 ParOldGen       total 68608K, used 41204K [0x00000000c0000000, 0x00000000c4300000, 0x00000000eab00000)
  object space 68608K, 60% used [0x00000000c0000000,0x00000000c283d300,0x00000000c4300000)
 Metaspace       used 56546K, committed 57856K, reserved 1114112K
  class space    used 6066K, committed 6592K, reserved 1048576K
}
Event: 24.820 GC heap before
{Heap before GC invocations=31 (full 2):
 PSYoungGen      total 20992K, used 18209K [0x00000000eab00000, 0x00000000ec780000, 0x0000000100000000)
  eden space 19456K, 85% used [0x00000000eab00000,0x00000000ebb4bff8,0x00000000ebe00000)
  from space 1536K, 99% used [0x00000000ec200000,0x00000000ec37c690,0x00000000ec380000)
  to   space 4096K, 0% used [0x00000000ebe00000,0x00000000ebe00000,0x00000000ec200000)
 ParOldGen       total 68608K, used 41204K [0x00000000c0000000, 0x00000000c4300000, 0x00000000eab00000)
  object space 68608K, 60% used [0x00000000c0000000,0x00000000c283d300,0x00000000c4300000)
 Metaspace       used 58393K, committed 59776K, reserved 1114112K
  class space    used 6283K, committed 6912K, reserved 1048576K
}
Event: 24.824 GC heap after
{Heap after GC invocations=31 (full 2):
 PSYoungGen      total 20480K, used 864K [0x00000000eab00000, 0x00000000ec380000, 0x0000000100000000)
  eden space 19456K, 0% used [0x00000000eab00000,0x00000000eab00000,0x00000000ebe00000)
  from space 1024K, 84% used [0x00000000ebe00000,0x00000000ebed8000,0x00000000ebf00000)
  to   space 2048K, 0% used [0x00000000ec180000,0x00000000ec180000,0x00000000ec380000)
 ParOldGen       total 68608K, used 42710K [0x00000000c0000000, 0x00000000c4300000, 0x00000000eab00000)
  object space 68608K, 62% used [0x00000000c0000000,0x00000000c29b5990,0x00000000c4300000)
 Metaspace       used 58393K, committed 59776K, reserved 1114112K
  class space    used 6283K, committed 6912K, reserved 1048576K
}
Event: 24.824 GC heap before
{Heap before GC invocations=32 (full 3):
 PSYoungGen      total 20480K, used 864K [0x00000000eab00000, 0x00000000ec380000, 0x0000000100000000)
  eden space 19456K, 0% used [0x00000000eab00000,0x00000000eab00000,0x00000000ebe00000)
  from space 1024K, 84% used [0x00000000ebe00000,0x00000000ebed8000,0x00000000ebf00000)
  to   space 2048K, 0% used [0x00000000ec180000,0x00000000ec180000,0x00000000ec380000)
 ParOldGen       total 68608K, used 42710K [0x00000000c0000000, 0x00000000c4300000, 0x00000000eab00000)
  object space 68608K, 62% used [0x00000000c0000000,0x00000000c29b5990,0x00000000c4300000)
 Metaspace       used 58393K, committed 59776K, reserved 1114112K
  class space    used 6283K, committed 6912K, reserved 1048576K
}
Event: 24.912 GC heap after
{Heap after GC invocations=32 (full 3):
 PSYoungGen      total 20480K, used 0K [0x00000000eab00000, 0x00000000ec380000, 0x0000000100000000)
  eden space 19456K, 0% used [0x00000000eab00000,0x00000000eab00000,0x00000000ebe00000)
  from space 1024K, 0% used [0x00000000ebe00000,0x00000000ebe00000,0x00000000ebf00000)
  to   space 2048K, 0% used [0x00000000ec180000,0x00000000ec180000,0x00000000ec380000)
 ParOldGen       total 68608K, used 39031K [0x00000000c0000000, 0x00000000c4300000, 0x00000000eab00000)
  object space 68608K, 56% used [0x00000000c0000000,0x00000000c261dc88,0x00000000c4300000)
 Metaspace       used 58393K, committed 59776K, reserved 1114112K
  class space    used 6283K, committed 6912K, reserved 1048576K
}
Event: 25.386 GC heap before
{Heap before GC invocations=33 (full 3):
 PSYoungGen      total 20480K, used 19451K [0x00000000eab00000, 0x00000000ec380000, 0x0000000100000000)
  eden space 19456K, 99% used [0x00000000eab00000,0x00000000ebdfee78,0x00000000ebe00000)
  from space 1024K, 0% used [0x00000000ebe00000,0x00000000ebe00000,0x00000000ebf00000)
  to   space 2048K, 0% used [0x00000000ec180000,0x00000000ec180000,0x00000000ec380000)
 ParOldGen       total 68608K, used 39031K [0x00000000c0000000, 0x00000000c4300000, 0x00000000eab00000)
  object space 68608K, 56% used [0x00000000c0000000,0x00000000c261dc88,0x00000000c4300000)
 Metaspace       used 60184K, committed 61568K, reserved 1114112K
  class space    used 6478K, committed 7104K, reserved 1048576K
}
Event: 25.388 GC heap after
{Heap after GC invocations=33 (full 3):
 PSYoungGen      total 20992K, used 1374K [0x00000000eab00000, 0x00000000ec300000, 0x0000000100000000)
  eden space 19456K, 0% used [0x00000000eab00000,0x00000000eab00000,0x00000000ebe00000)
  from space 1536K, 89% used [0x00000000ec180000,0x00000000ec2d7880,0x00000000ec300000)
  to   space 1536K, 0% used [0x00000000ec000000,0x00000000ec000000,0x00000000ec180000)
 ParOldGen       total 68608K, used 39039K [0x00000000c0000000, 0x00000000c4300000, 0x00000000eab00000)
  object space 68608K, 56% used [0x00000000c0000000,0x00000000c261fc88,0x00000000c4300000)
 Metaspace       used 60184K, committed 61568K, reserved 1114112K
  class space    used 6478K, committed 7104K, reserved 1048576K
}
Event: 25.944 GC heap before
{Heap before GC invocations=34 (full 3):
 PSYoungGen      total 20992K, used 20816K [0x00000000eab00000, 0x00000000ec300000, 0x0000000100000000)
  eden space 19456K, 99% used [0x00000000eab00000,0x00000000ebdfc938,0x00000000ebe00000)
  from space 1536K, 89% used [0x00000000ec180000,0x00000000ec2d7880,0x00000000ec300000)
  to   space 1536K, 0% used [0x00000000ec000000,0x00000000ec000000,0x00000000ec180000)
 ParOldGen       total 68608K, used 39039K [0x00000000c0000000, 0x00000000c4300000, 0x00000000eab00000)
  object space 68608K, 56% used [0x00000000c0000000,0x00000000c261fc88,0x00000000c4300000)
 Metaspace       used 61085K, committed 62528K, reserved 1114112K
  class space    used 6584K, committed 7232K, reserved 1048576K
}
Event: 25.949 GC heap after
{Heap after GC invocations=34 (full 3):
 PSYoungGen      total 20480K, used 947K [0x00000000eab00000, 0x00000000ec200000, 0x0000000100000000)
  eden space 19456K, 0% used [0x00000000eab00000,0x00000000eab00000,0x00000000ebe00000)
  from space 1024K, 92% used [0x00000000ec000000,0x00000000ec0ecdb0,0x00000000ec100000)
  to   space 1024K, 0% used [0x00000000ec100000,0x00000000ec100000,0x00000000ec200000)
 ParOldGen       total 68608K, used 40356K [0x00000000c0000000, 0x00000000c4300000, 0x00000000eab00000)
  object space 68608K, 58% used [0x00000000c0000000,0x00000000c2769140,0x00000000c4300000)
 Metaspace       used 61085K, committed 62528K, reserved 1114112K
  class space    used 6584K, committed 7232K, reserved 1048576K
}
Event: 26.309 GC heap before
{Heap before GC invocations=35 (full 3):
 PSYoungGen      total 20480K, used 20403K [0x00000000eab00000, 0x00000000ec200000, 0x0000000100000000)
  eden space 19456K, 100% used [0x00000000eab00000,0x00000000ebe00000,0x00000000ebe00000)
  from space 1024K, 92% used [0x00000000ec000000,0x00000000ec0ecdb0,0x00000000ec100000)
  to   space 1024K, 0% used [0x00000000ec100000,0x00000000ec100000,0x00000000ec200000)
 ParOldGen       total 68608K, used 40356K [0x00000000c0000000, 0x00000000c4300000, 0x00000000eab00000)
  object space 68608K, 58% used [0x00000000c0000000,0x00000000c2769140,0x00000000c4300000)
 Metaspace       used 62712K, committed 64192K, reserved 1114112K
  class space    used 6722K, committed 7360K, reserved 1048576K
}
Event: 26.311 GC heap after
{Heap after GC invocations=35 (full 3):
 PSYoungGen      total 19968K, used 1005K [0x00000000eab00000, 0x00000000ec500000, 0x0000000100000000)
  eden space 18944K, 0% used [0x00000000eab00000,0x00000000eab00000,0x00000000ebd80000)
  from space 1024K, 98% used [0x00000000ec100000,0x00000000ec1fb7b8,0x00000000ec200000)
  to   space 3584K, 0% used [0x00000000ebd80000,0x00000000ebd80000,0x00000000ec100000)
 ParOldGen       total 68608K, used 42333K [0x00000000c0000000, 0x00000000c4300000, 0x00000000eab00000)
  object space 68608K, 61% used [0x00000000c0000000,0x00000000c2957778,0x00000000c4300000)
 Metaspace       used 62712K, committed 64192K, reserved 1114112K
  class space    used 6722K, committed 7360K, reserved 1048576K
}
Event: 26.385 GC heap before
{Heap before GC invocations=36 (full 3):
 PSYoungGen      total 19968K, used 19842K [0x00000000eab00000, 0x00000000ec500000, 0x0000000100000000)
  eden space 18944K, 99% used [0x00000000eab00000,0x00000000ebd653a8,0x00000000ebd80000)
  from space 1024K, 98% used [0x00000000ec100000,0x00000000ec1fb7b8,0x00000000ec200000)
  to   space 3584K, 0% used [0x00000000ebd80000,0x00000000ebd80000,0x00000000ec100000)
 ParOldGen       total 68608K, used 42333K [0x00000000c0000000, 0x00000000c4300000, 0x00000000eab00000)
  object space 68608K, 61% used [0x00000000c0000000,0x00000000c2957778,0x00000000c4300000)
 Metaspace       used 62852K, committed 64256K, reserved 1114112K
  class space    used 6731K, committed 7360K, reserved 1048576K
}
Event: 26.388 GC heap after
{Heap after GC invocations=36 (full 3):
 PSYoungGen      total 20480K, used 1420K [0x00000000eab00000, 0x00000000ec180000, 0x0000000100000000)
  eden space 18944K, 0% used [0x00000000eab00000,0x00000000eab00000,0x00000000ebd80000)
  from space 1536K, 92% used [0x00000000ebd80000,0x00000000ebee32f0,0x00000000ebf00000)
  to   space 2048K, 0% used [0x00000000ebf80000,0x00000000ebf80000,0x00000000ec180000)
 ParOldGen       total 68608K, used 43322K [0x00000000c0000000, 0x00000000c4300000, 0x00000000eab00000)
  object space 68608K, 63% used [0x00000000c0000000,0x00000000c2a4ea20,0x00000000c4300000)
 Metaspace       used 62852K, committed 64256K, reserved 1114112K
  class space    used 6731K, committed 7360K, reserved 1048576K
}
Event: 26.501 GC heap before
{Heap before GC invocations=37 (full 3):
 PSYoungGen      total 20480K, used 20364K [0x00000000eab00000, 0x00000000ec180000, 0x0000000100000000)
  eden space 18944K, 100% used [0x00000000eab00000,0x00000000ebd80000,0x00000000ebd80000)
  from space 1536K, 92% used [0x00000000ebd80000,0x00000000ebee32f0,0x00000000ebf00000)
  to   space 2048K, 0% used [0x00000000ebf80000,0x00000000ebf80000,0x00000000ec180000)
 ParOldGen       total 68608K, used 43322K [0x00000000c0000000, 0x00000000c4300000, 0x00000000eab00000)
  object space 68608K, 63% used [0x00000000c0000000,0x00000000c2a4ea20,0x00000000c4300000)
 Metaspace       used 63766K, committed 65280K, reserved 1114112K
  class space    used 6818K, committed 7488K, reserved 1048576K
}
Event: 26.503 GC heap after
{Heap after GC invocations=37 (full 3):
 PSYoungGen      total 19456K, used 337K [0x00000000eab00000, 0x00000000ec000000, 0x0000000100000000)
  eden space 18944K, 0% used [0x00000000eab00000,0x00000000eab00000,0x00000000ebd80000)
  from space 512K, 65% used [0x00000000ebf80000,0x00000000ebfd4698,0x00000000ec000000)
  to   space 1024K, 0% used [0x00000000ebe00000,0x00000000ebe00000,0x00000000ebf00000)
 ParOldGen       total 68608K, used 43795K [0x00000000c0000000, 0x00000000c4300000, 0x00000000eab00000)
  object space 68608K, 63% used [0x00000000c0000000,0x00000000c2ac4dd8,0x00000000c4300000)
 Metaspace       used 63766K, committed 65280K, reserved 1114112K
  class space    used 6818K, committed 7488K, reserved 1048576K
}
Event: 26.831 GC heap before
{Heap before GC invocations=38 (full 3):
 PSYoungGen      total 19456K, used 19281K [0x00000000eab00000, 0x00000000ec000000, 0x0000000100000000)
  eden space 18944K, 100% used [0x00000000eab00000,0x00000000ebd80000,0x00000000ebd80000)
  from space 512K, 65% used [0x00000000ebf80000,0x00000000ebfd4698,0x00000000ec000000)
  to   space 1024K, 0% used [0x00000000ebe00000,0x00000000ebe00000,0x00000000ebf00000)
 ParOldGen       total 68608K, used 43795K [0x00000000c0000000, 0x00000000c4300000, 0x00000000eab00000)
  object space 68608K, 63% used [0x00000000c0000000,0x00000000c2ac4dd8,0x00000000c4300000)
 Metaspace       used 65898K, committed 67392K, reserved 1114112K
  class space    used 7054K, committed 7680K, reserved 1048576K
}
Event: 26.834 GC heap after
{Heap after GC invocations=38 (full 3):
 PSYoungGen      total 19968K, used 1009K [0x00000000eab00000, 0x00000000ec280000, 0x0000000100000000)
  eden space 18944K, 0% used [0x00000000eab00000,0x00000000eab00000,0x00000000ebd80000)
  from space 1024K, 98% used [0x00000000ebe00000,0x00000000ebefc748,0x00000000ebf00000)
  to   space 2560K, 0% used [0x00000000ec000000,0x00000000ec000000,0x00000000ec280000)
 ParOldGen       total 68608K, used 44692K [0x00000000c0000000, 0x00000000c4300000, 0x00000000eab00000)
  object space 68608K, 65% used [0x00000000c0000000,0x00000000c2ba50c0,0x00000000c4300000)
 Metaspace       used 65898K, committed 67392K, reserved 1114112K
  class space    used 7054K, committed 7680K, reserved 1048576K
}

Dll operation events (14 events):
Event: 0.010 Loaded shared library c:\Users\1\.vscode\extensions\redhat.java-1.40.0-win32-x64\jre\21.0.6-win32-x86_64\bin\java.dll
Event: 0.038 Loaded shared library c:\Users\1\.vscode\extensions\redhat.java-1.40.0-win32-x64\jre\21.0.6-win32-x86_64\bin\zip.dll
Event: 0.100 Loaded shared library C:\Users\1\.vscode\extensions\redhat.java-1.40.0-win32-x64\jre\21.0.6-win32-x86_64\bin\instrument.dll
Event: 0.104 Loaded shared library C:\Users\1\.vscode\extensions\redhat.java-1.40.0-win32-x64\jre\21.0.6-win32-x86_64\bin\net.dll
Event: 0.106 Loaded shared library C:\Users\1\.vscode\extensions\redhat.java-1.40.0-win32-x64\jre\21.0.6-win32-x86_64\bin\nio.dll
Event: 0.109 Loaded shared library C:\Users\1\.vscode\extensions\redhat.java-1.40.0-win32-x64\jre\21.0.6-win32-x86_64\bin\zip.dll
Event: 0.126 Loaded shared library C:\Users\1\.vscode\extensions\redhat.java-1.40.0-win32-x64\jre\21.0.6-win32-x86_64\bin\jimage.dll
Event: 0.236 Loaded shared library c:\Users\1\.vscode\extensions\redhat.java-1.40.0-win32-x64\jre\21.0.6-win32-x86_64\bin\verify.dll
Event: 3.791 Loaded shared library C:\Users\1\AppData\Roaming\Code\User\globalStorage\redhat.java\1.40.0\config_win\org.eclipse.equinox.launcher\org.eclipse.equinox.launcher.win32.win32.x86_64_1.2.1200.v20250212-0927\eclipse_11909.dll
Event: 9.917 Loaded shared library C:\Users\1\.vscode\extensions\redhat.java-1.40.0-win32-x64\jre\21.0.6-win32-x86_64\bin\management.dll
Event: 9.920 Loaded shared library C:\Users\1\.vscode\extensions\redhat.java-1.40.0-win32-x64\jre\21.0.6-win32-x86_64\bin\management_ext.dll
Event: 11.279 Loaded shared library C:\Users\1\AppData\Local\Temp\jna-49\jna14199838110681287411.dll
Event: 11.393 Loaded shared library C:\Users\1\.vscode\extensions\redhat.java-1.40.0-win32-x64\jre\21.0.6-win32-x86_64\bin\sunmscapi.dll
Event: 11.945 Loaded shared library C:\Users\1\.vscode\extensions\redhat.java-1.40.0-win32-x64\jre\21.0.6-win32-x86_64\bin\extnet.dll

Deoptimization events (20 events):
Event: 26.810 Thread 0x000002b00d57fc40 DEOPT PACKING pc=0x000002afbbec75a8 sp=0x000000b9478fdc80
Event: 26.810 Thread 0x000002b00d57fc40 DEOPT UNPACKING pc=0x000002afbb8e3aa2 sp=0x000000b9478fdbf0 mode 2
Event: 26.828 Thread 0x000002b00787e1a0 DEOPT PACKING pc=0x000002afb4951f02 sp=0x000000b9469fe720
Event: 26.828 Thread 0x000002b00787e1a0 DEOPT UNPACKING pc=0x000002afbb8e4242 sp=0x000000b9469fdb80 mode 0
Event: 26.838 Thread 0x000002b00d583750 Uncommon trap: trap_request=0xffffff45 fr.pc=0x000002afbc27b49c relative=0x00000000000009dc
Event: 26.838 Thread 0x000002b00d583750 Uncommon trap: reason=unstable_if action=reinterpret pc=0x000002afbc27b49c method=org.eclipse.jdt.internal.core.util.WeakHashSet.cleanupGarbageCollectedValues()V @ 140 c2
Event: 26.838 Thread 0x000002b00d583750 DEOPT PACKING pc=0x000002afbc27b49c sp=0x000000b9476fe060
Event: 26.838 Thread 0x000002b00d583750 DEOPT UNPACKING pc=0x000002afbb8e3aa2 sp=0x000000b9476fdf68 mode 2
Event: 26.866 Thread 0x000002b00787eec0 Uncommon trap: trap_request=0xffffffde fr.pc=0x000002afbc2d64ec relative=0x0000000000000bec
Event: 26.866 Thread 0x000002b00787eec0 Uncommon trap: reason=class_check action=maybe_recompile pc=0x000002afbc2d64ec method=org.eclipse.core.internal.dtree.DeltaDataTree.lookup(Lorg/eclipse/core/runtime/IPath;)Lorg/eclipse/core/internal/dtree/DataTreeLookup; @ 125 c2
Event: 26.866 Thread 0x000002b00787eec0 DEOPT PACKING pc=0x000002afbc2d64ec sp=0x000000b946dfeb50
Event: 26.866 Thread 0x000002b00787eec0 DEOPT UNPACKING pc=0x000002afbb8e3aa2 sp=0x000000b946dfea18 mode 2
Event: 26.866 Thread 0x000002b00787eec0 Uncommon trap: trap_request=0xffffffde fr.pc=0x000002afbc2d64ec relative=0x0000000000000bec
Event: 26.866 Thread 0x000002b00787eec0 Uncommon trap: reason=class_check action=maybe_recompile pc=0x000002afbc2d64ec method=org.eclipse.core.internal.dtree.DeltaDataTree.lookup(Lorg/eclipse/core/runtime/IPath;)Lorg/eclipse/core/internal/dtree/DataTreeLookup; @ 125 c2
Event: 26.866 Thread 0x000002b00787eec0 DEOPT PACKING pc=0x000002afbc2d64ec sp=0x000000b946dfeac0
Event: 26.866 Thread 0x000002b00787eec0 DEOPT UNPACKING pc=0x000002afbb8e3aa2 sp=0x000000b946dfe988 mode 2
Event: 26.866 Thread 0x000002b00787eec0 Uncommon trap: trap_request=0xffffffde fr.pc=0x000002afbc2d64ec relative=0x0000000000000bec
Event: 26.866 Thread 0x000002b00787eec0 Uncommon trap: reason=class_check action=maybe_recompile pc=0x000002afbc2d64ec method=org.eclipse.core.internal.dtree.DeltaDataTree.lookup(Lorg/eclipse/core/runtime/IPath;)Lorg/eclipse/core/internal/dtree/DataTreeLookup; @ 125 c2
Event: 26.866 Thread 0x000002b00787eec0 DEOPT PACKING pc=0x000002afbc2d64ec sp=0x000000b946dfed40
Event: 26.866 Thread 0x000002b00787eec0 DEOPT UNPACKING pc=0x000002afbb8e3aa2 sp=0x000000b946dfec08 mode 2

Classes loaded (20 events):
Event: 26.749 Loading class java/util/ArrayDeque$DeqSpliterator
Event: 26.750 Loading class java/util/ArrayDeque$DeqSpliterator done
Event: 26.783 Loading class org/xml/sax/SAXNotRecognizedException
Event: 26.783 Loading class org/xml/sax/SAXNotRecognizedException done
Event: 26.783 Loading class org/xml/sax/SAXNotSupportedException
Event: 26.783 Loading class org/xml/sax/SAXNotSupportedException done
Event: 26.784 Loading class com/sun/org/apache/xerces/internal/util/URI
Event: 26.784 Loading class java/util/concurrent/CompletableFuture$UniApply
Event: 26.785 Loading class java/util/concurrent/CompletableFuture$UniCompletion
Event: 26.785 Loading class java/util/concurrent/CompletableFuture$UniCompletion done
Event: 26.785 Loading class java/util/concurrent/CompletableFuture$UniApply done
Event: 26.785 Loading class com/sun/org/apache/xerces/internal/util/URI done
Event: 26.785 Loading class java/util/concurrent/CompletableFuture$UniAccept
Event: 26.785 Loading class java/util/concurrent/CompletableFuture$UniAccept done
Event: 26.785 Loading class java/util/concurrent/CompletableFuture$UniExceptionally
Event: 26.786 Loading class java/util/concurrent/CompletableFuture$UniExceptionally done
Event: 26.786 Loading class com/sun/org/apache/xerces/internal/xni/XNIException
Event: 26.786 Loading class com/sun/org/apache/xerces/internal/xni/XNIException done
Event: 26.786 Loading class com/sun/org/apache/xerces/internal/xni/parser/XMLParseException
Event: 26.786 Loading class com/sun/org/apache/xerces/internal/xni/parser/XMLParseException done

Classes unloaded (8 events):
Event: 10.532 Thread 0x000002afb121f2b0 Unloading class 0x000002afc719d800 'java/lang/invoke/LambdaForm$MH+0x000002afc719d800'
Event: 10.532 Thread 0x000002afb121f2b0 Unloading class 0x000002afc719d400 'java/lang/invoke/LambdaForm$MH+0x000002afc719d400'
Event: 10.532 Thread 0x000002afb121f2b0 Unloading class 0x000002afc719d000 'java/lang/invoke/LambdaForm$MH+0x000002afc719d000'
Event: 10.532 Thread 0x000002afb121f2b0 Unloading class 0x000002afc719cc00 'java/lang/invoke/LambdaForm$MH+0x000002afc719cc00'
Event: 10.532 Thread 0x000002afb121f2b0 Unloading class 0x000002afc719c800 'java/lang/invoke/LambdaForm$BMH+0x000002afc719c800'
Event: 10.532 Thread 0x000002afb121f2b0 Unloading class 0x000002afc719c400 'java/lang/invoke/LambdaForm$DMH+0x000002afc719c400'
Event: 10.532 Thread 0x000002afb121f2b0 Unloading class 0x000002afc719b400 'java/lang/invoke/LambdaForm$DMH+0x000002afc719b400'
Event: 11.726 Thread 0x000002afb121f2b0 Unloading class 0x000002afc733c000 'java/lang/invoke/LambdaForm$MH+0x000002afc733c000'

Classes redefined (0 events):
No events

Internal exceptions (20 events):
Event: 24.752 Thread 0x000002b00787fbe0 Exception <a 'java/lang/NoSuchMethodError'{0x00000000eb2d7740}: static Lorg/eclipse/m2e/core/internal/project/registry/MavenProjectFacade$MavenProjectConfiguration;.<clinit>()V> (0x00000000eb2d7740) 
thrown [s\src\hotspot\share\prims\jni.cpp, line 1111]
Event: 24.754 Thread 0x000002b00787fbe0 Exception <a 'java/lang/NoSuchMethodError'{0x00000000eb3cbdb8}: static [J.<clinit>()V> (0x00000000eb3cbdb8) 
thrown [s\src\hotspot\share\prims\jni.cpp, line 1111]
Event: 24.762 Thread 0x000002b00787fbe0 Exception <a 'sun/nio/fs/WindowsException'{0x00000000eb517768}> (0x00000000eb517768) 
thrown [s\src\hotspot\share\prims\jni.cpp, line 520]
Event: 24.762 Thread 0x000002b00787fbe0 Exception <a 'sun/nio/fs/WindowsException'{0x00000000eb51cbe0}> (0x00000000eb51cbe0) 
thrown [s\src\hotspot\share\prims\jni.cpp, line 520]
Event: 25.082 Thread 0x000002b00d583750 Exception <a 'sun/nio/fs/WindowsException'{0x00000000eab28e08}> (0x00000000eab28e08) 
thrown [s\src\hotspot\share\prims\jni.cpp, line 520]
Event: 25.082 Thread 0x000002b00d583750 Exception <a 'sun/nio/fs/WindowsException'{0x00000000eab29438}> (0x00000000eab29438) 
thrown [s\src\hotspot\share\prims\jni.cpp, line 520]
Event: 25.083 Thread 0x000002b00d583750 Exception <a 'sun/nio/fs/WindowsException'{0x00000000eab2c658}> (0x00000000eab2c658) 
thrown [s\src\hotspot\share\prims\jni.cpp, line 520]
Event: 25.083 Thread 0x000002b00d583750 Exception <a 'sun/nio/fs/WindowsException'{0x00000000eab2cf38}> (0x00000000eab2cf38) 
thrown [s\src\hotspot\share\prims\jni.cpp, line 520]
Event: 25.091 Thread 0x000002b00d583750 Exception <a 'java/lang/NoSuchMethodError'{0x00000000eb030ae8}: 'int java.lang.invoke.DirectMethodHandle$Holder.invokeStatic(java.lang.Object)'> (0x00000000eb030ae8) 
thrown [s\src\hotspot\share\interpreter\linkResolver.cpp, line 773]
Event: 26.581 Thread 0x000002b00d582a30 Exception <a 'java/lang/NoSuchMethodError'{0x00000000eb04a758}: 'void java.lang.invoke.DirectMethodHandle$Holder.invokeVirtual(java.lang.Object, java.lang.Object, java.lang.Object, java.lang.Object, java.lang.Object)'> (0x00000000eb04a758) 
thrown [s\src\hotspot\share\interpreter\linkResolver.cpp, line 773]
Event: 26.704 Thread 0x000002b00d583750 Exception <a 'java/lang/NoSuchMethodError'{0x00000000eb48a110}: 'java.lang.Object java.lang.invoke.DirectMethodHandle$Holder.newInvokeSpecial(java.lang.Object, java.lang.Object, int, int, java.lang.Object)'> (0x00000000eb48a110) 
thrown [s\src\hotspot\share\interpreter\linkResolver.cpp, line 773]
Event: 26.748 Thread 0x000002b00d583750 Exception <a 'sun/nio/fs/WindowsException'{0x00000000eb837578}> (0x00000000eb837578) 
thrown [s\src\hotspot\share\prims\jni.cpp, line 520]
Event: 26.748 Thread 0x000002b00d583750 Exception <a 'sun/nio/fs/WindowsException'{0x00000000eb837ba8}> (0x00000000eb837ba8) 
thrown [s\src\hotspot\share\prims\jni.cpp, line 520]
Event: 26.760 Thread 0x000002b00d583750 Exception <a 'java/lang/NoSuchMethodError'{0x00000000eb8798d0}: 'java.lang.Object java.lang.invoke.DirectMethodHandle$Holder.invokeStatic(java.lang.Object, java.lang.Object, int, java.lang.Object)'> (0x00000000eb8798d0) 
thrown [s\src\hotspot\share\interpreter\linkResolver.cpp, line 773]
Event: 26.760 Thread 0x000002b00d57fc40 Exception <a 'sun/nio/fs/WindowsException'{0x00000000eb88ae60}> (0x00000000eb88ae60) 
thrown [s\src\hotspot\share\prims\jni.cpp, line 520]
Event: 26.761 Thread 0x000002b00d57fc40 Exception <a 'sun/nio/fs/WindowsException'{0x00000000eb88b490}> (0x00000000eb88b490) 
thrown [s\src\hotspot\share\prims\jni.cpp, line 520]
Event: 26.768 Thread 0x000002b00d57fc40 Exception <a 'sun/nio/fs/WindowsException'{0x00000000eb88e5b8}> (0x00000000eb88e5b8) 
thrown [s\src\hotspot\share\prims\jni.cpp, line 520]
Event: 26.768 Thread 0x000002b00d57fc40 Exception <a 'sun/nio/fs/WindowsException'{0x00000000eb88ebe8}> (0x00000000eb88ebe8) 
thrown [s\src\hotspot\share\prims\jni.cpp, line 520]
Event: 26.784 Thread 0x000002b00d57fc40 Exception <a 'java/lang/IncompatibleClassChangeError'{0x00000000eb99aa68}: Found class java.lang.Object, but interface was expected> (0x00000000eb99aa68) 
thrown [s\src\hotspot\share\interpreter\linkResolver.cpp, line 840]
Event: 26.812 Thread 0x000002b00d57fc40 Exception <a 'java/lang/IncompatibleClassChangeError'{0x00000000ebb45f38}: Found class java.lang.Object, but interface was expected> (0x00000000ebb45f38) 
thrown [s\src\hotspot\share\interpreter\linkResolver.cpp, line 840]

ZGC Phase Switch (0 events):
No events

VM Operations (20 events):
Event: 25.385 Executing VM operation: ParallelGCFailedAllocation (Allocation Failure)
Event: 25.388 Executing VM operation: ParallelGCFailedAllocation (Allocation Failure) done
Event: 25.451 Executing VM operation: HandshakeAllThreads (Deoptimize)
Event: 25.453 Executing VM operation: HandshakeAllThreads (Deoptimize) done
Event: 25.455 Executing VM operation: HandshakeAllThreads (Deoptimize)
Event: 25.456 Executing VM operation: HandshakeAllThreads (Deoptimize) done
Event: 25.944 Executing VM operation: ParallelGCFailedAllocation (Allocation Failure)
Event: 25.949 Executing VM operation: ParallelGCFailedAllocation (Allocation Failure) done
Event: 26.160 Executing VM operation: HandshakeAllThreads (Deoptimize)
Event: 26.162 Executing VM operation: HandshakeAllThreads (Deoptimize) done
Event: 26.295 Executing VM operation: ParallelGCFailedAllocation (Allocation Failure)
Event: 26.311 Executing VM operation: ParallelGCFailedAllocation (Allocation Failure) done
Event: 26.385 Executing VM operation: ParallelGCFailedAllocation (Allocation Failure)
Event: 26.388 Executing VM operation: ParallelGCFailedAllocation (Allocation Failure) done
Event: 26.487 Executing VM operation: ParallelGCFailedAllocation (Allocation Failure)
Event: 26.503 Executing VM operation: ParallelGCFailedAllocation (Allocation Failure) done
Event: 26.818 Executing VM operation: ICBufferFull
Event: 26.818 Executing VM operation: ICBufferFull done
Event: 26.831 Executing VM operation: ParallelGCFailedAllocation (Allocation Failure)
Event: 26.834 Executing VM operation: ParallelGCFailedAllocation (Allocation Failure) done

Memory protections (0 events):
No events

Nmethod flushes (20 events):
Event: 24.857 Thread 0x000002afb121f2b0 flushing  nmethod 0x000002afb4b8b790
Event: 24.857 Thread 0x000002afb121f2b0 flushing  nmethod 0x000002afb4b8c190
Event: 24.857 Thread 0x000002afb121f2b0 flushing  nmethod 0x000002afb4b95610
Event: 24.857 Thread 0x000002afb121f2b0 flushing  nmethod 0x000002afb4ba0790
Event: 24.857 Thread 0x000002afb121f2b0 flushing  nmethod 0x000002afb4baee10
Event: 24.857 Thread 0x000002afb121f2b0 flushing  nmethod 0x000002afb4bb2790
Event: 24.857 Thread 0x000002afb121f2b0 flushing  nmethod 0x000002afb4bb5c90
Event: 24.857 Thread 0x000002afb121f2b0 flushing  nmethod 0x000002afb4bb6b90
Event: 24.857 Thread 0x000002afb121f2b0 flushing  nmethod 0x000002afb4bb8690
Event: 24.857 Thread 0x000002afb121f2b0 flushing  nmethod 0x000002afb4bb9190
Event: 24.857 Thread 0x000002afb121f2b0 flushing  nmethod 0x000002afb4bb9790
Event: 24.857 Thread 0x000002afb121f2b0 flushing  nmethod 0x000002afb4bbb490
Event: 24.857 Thread 0x000002afb121f2b0 flushing  nmethod 0x000002afb4bdfd90
Event: 24.857 Thread 0x000002afb121f2b0 flushing  nmethod 0x000002afb4c3c990
Event: 24.857 Thread 0x000002afb121f2b0 flushing  nmethod 0x000002afb4c40110
Event: 24.857 Thread 0x000002afb121f2b0 flushing  nmethod 0x000002afb4c65b10
Event: 24.857 Thread 0x000002afb121f2b0 flushing  nmethod 0x000002afb4c66e90
Event: 24.857 Thread 0x000002afb121f2b0 flushing  nmethod 0x000002afb4c88590
Event: 24.857 Thread 0x000002afb121f2b0 flushing  nmethod 0x000002afb4c88990
Event: 24.857 Thread 0x000002afb121f2b0 flushing  nmethod 0x000002afb4c9ec90

Events (20 events):
Event: 22.588 Thread 0x000002afc54a19e0 Thread added: 0x000002b0078b4ff0
Event: 22.932 Thread 0x000002b00d583750 Thread added: 0x000002b00d580ff0
Event: 22.932 Thread 0x000002b00d583750 Thread added: 0x000002b00d581d10
Event: 22.933 Thread 0x000002b00d583750 Thread added: 0x000002b00d5823a0
Event: 22.933 Thread 0x000002b00d583750 Thread added: 0x000002b00d582a30
Event: 22.933 Thread 0x000002b00d583750 Thread added: 0x000002b00d5802d0
Event: 23.092 Thread 0x000002b00d582a30 Thread exited: 0x000002b00d582a30
Event: 23.093 Thread 0x000002b00d5823a0 Thread exited: 0x000002b00d5823a0
Event: 23.093 Thread 0x000002b00d580ff0 Thread exited: 0x000002b00d580ff0
Event: 23.093 Thread 0x000002b00d5802d0 Thread exited: 0x000002b00d5802d0
Event: 23.093 Thread 0x000002b00d581d10 Thread exited: 0x000002b00d581d10
Event: 24.684 Thread 0x000002b00787fbe0 Thread added: 0x000002b00d581d10
Event: 24.723 Thread 0x000002b00d581d10 Thread exited: 0x000002b00d581d10
Event: 24.914 Thread 0x000002b00d583750 Thread added: 0x000002b00d586540
Event: 25.305 Thread 0x000002b00d583750 Thread added: 0x000002b00d584470
Event: 25.305 Thread 0x000002b00d583750 Thread added: 0x000002b00d585820
Event: 26.459 Thread 0x000002b00d583750 Thread added: 0x000002b00d582a30
Event: 26.704 Thread 0x000002b00d583750 Thread added: 0x000002b00d5802d0
Event: 26.739 Thread 0x000002b00d583750 Thread added: 0x000002b00d584b00
Event: 26.785 Thread 0x000002b00d57fc40 Thread added: 0x000002b00d581d10


Dynamic libraries:
0x00007ff7b5fa0000 - 0x00007ff7b5fae000 	c:\Users\1\.vscode\extensions\redhat.java-1.40.0-win32-x64\jre\21.0.6-win32-x86_64\bin\java.exe
0x00007fffe1130000 - 0x00007fffe1328000 	C:\WINDOWS\SYSTEM32\ntdll.dll
0x00007fffdf570000 - 0x00007fffdf632000 	C:\WINDOWS\System32\KERNEL32.DLL
0x00007fffde920000 - 0x00007fffdec1f000 	C:\WINDOWS\System32\KERNELBASE.dll
0x00007fffdef90000 - 0x00007fffdf090000 	C:\WINDOWS\System32\ucrtbase.dll
0x00007fffdb820000 - 0x00007fffdb838000 	c:\Users\1\.vscode\extensions\redhat.java-1.40.0-win32-x64\jre\21.0.6-win32-x86_64\bin\jli.dll
0x00007fffdf750000 - 0x00007fffdf8ed000 	C:\WINDOWS\System32\USER32.dll
0x00007fffdf090000 - 0x00007fffdf0b2000 	C:\WINDOWS\System32\win32u.dll
0x00007fffdf150000 - 0x00007fffdf17b000 	C:\WINDOWS\System32\GDI32.dll
0x00007fffdee70000 - 0x00007fffdef8a000 	C:\WINDOWS\System32\gdi32full.dll
0x00007fffdec20000 - 0x00007fffdecbd000 	C:\WINDOWS\System32\msvcp_win.dll
0x00007fffdb880000 - 0x00007fffdb89e000 	c:\Users\1\.vscode\extensions\redhat.java-1.40.0-win32-x64\jre\21.0.6-win32-x86_64\bin\VCRUNTIME140.dll
0x00007fffd2a70000 - 0x00007fffd2d0a000 	C:\WINDOWS\WinSxS\amd64_microsoft.windows.common-controls_6595b64144ccf1df_6.0.19041.4355_none_60b8b9eb71f62e16\COMCTL32.dll
0x00007fffdf4b0000 - 0x00007fffdf54e000 	C:\WINDOWS\System32\msvcrt.dll
0x00007fffe0290000 - 0x00007fffe02bf000 	C:\WINDOWS\System32\IMM32.DLL
0x00007fffdb140000 - 0x00007fffdb14c000 	c:\Users\1\.vscode\extensions\redhat.java-1.40.0-win32-x64\jre\21.0.6-win32-x86_64\bin\vcruntime140_1.dll
0x00007fffd13b0000 - 0x00007fffd143d000 	c:\Users\1\.vscode\extensions\redhat.java-1.40.0-win32-x64\jre\21.0.6-win32-x86_64\bin\msvcp140.dll
0x00007fff8d500000 - 0x00007fff8e290000 	c:\Users\1\.vscode\extensions\redhat.java-1.40.0-win32-x64\jre\21.0.6-win32-x86_64\bin\server\jvm.dll
0x00007fffdfa20000 - 0x00007fffdfacf000 	C:\WINDOWS\System32\ADVAPI32.dll
0x00007fffe0730000 - 0x00007fffe07cf000 	C:\WINDOWS\System32\sechost.dll
0x00007fffdf8f0000 - 0x00007fffdfa13000 	C:\WINDOWS\System32\RPCRT4.dll
0x00007fffde7d0000 - 0x00007fffde7f7000 	C:\WINDOWS\System32\bcrypt.dll
0x00007fffdf6e0000 - 0x00007fffdf74b000 	C:\WINDOWS\System32\WS2_32.dll
0x00007fffde580000 - 0x00007fffde5cb000 	C:\WINDOWS\SYSTEM32\POWRPROF.dll
0x00007fffd0f90000 - 0x00007fffd0fb7000 	C:\WINDOWS\SYSTEM32\WINMM.dll
0x00007fffd4360000 - 0x00007fffd436a000 	C:\WINDOWS\SYSTEM32\VERSION.dll
0x00007fffde560000 - 0x00007fffde572000 	C:\WINDOWS\SYSTEM32\UMPDC.dll
0x00007fffdc670000 - 0x00007fffdc682000 	C:\WINDOWS\SYSTEM32\kernel.appcore.dll
0x00007fffda7a0000 - 0x00007fffda7aa000 	c:\Users\1\.vscode\extensions\redhat.java-1.40.0-win32-x64\jre\21.0.6-win32-x86_64\bin\jimage.dll
0x00007fffcde20000 - 0x00007fffce004000 	C:\WINDOWS\SYSTEM32\DBGHELP.DLL
0x00007fffcd910000 - 0x00007fffcd944000 	C:\WINDOWS\SYSTEM32\dbgcore.DLL
0x00007fffdf0c0000 - 0x00007fffdf142000 	C:\WINDOWS\System32\bcryptPrimitives.dll
0x00007fffda790000 - 0x00007fffda79f000 	c:\Users\1\.vscode\extensions\redhat.java-1.40.0-win32-x64\jre\21.0.6-win32-x86_64\bin\instrument.dll
0x00007fffd77a0000 - 0x00007fffd77bf000 	c:\Users\1\.vscode\extensions\redhat.java-1.40.0-win32-x64\jre\21.0.6-win32-x86_64\bin\java.dll
0x00007fffe07d0000 - 0x00007fffe0f3d000 	C:\WINDOWS\System32\SHELL32.dll
0x00007fffdc870000 - 0x00007fffdd014000 	C:\WINDOWS\SYSTEM32\windows.storage.dll
0x00007fffe03d0000 - 0x00007fffe0725000 	C:\WINDOWS\System32\combase.dll
0x00007fffde130000 - 0x00007fffde15f000 	C:\WINDOWS\SYSTEM32\Wldp.dll
0x00007fffe1020000 - 0x00007fffe10ed000 	C:\WINDOWS\System32\OLEAUT32.dll
0x00007fffe02c0000 - 0x00007fffe036d000 	C:\WINDOWS\System32\SHCORE.dll
0x00007fffe0160000 - 0x00007fffe01b5000 	C:\WINDOWS\System32\shlwapi.dll
0x00007fffde700000 - 0x00007fffde724000 	C:\WINDOWS\SYSTEM32\profapi.dll
0x00007fffd70b0000 - 0x00007fffd70c8000 	c:\Users\1\.vscode\extensions\redhat.java-1.40.0-win32-x64\jre\21.0.6-win32-x86_64\bin\zip.dll
0x00007fffda770000 - 0x00007fffda780000 	C:\Users\1\.vscode\extensions\redhat.java-1.40.0-win32-x64\jre\21.0.6-win32-x86_64\bin\net.dll
0x00007fffd78b0000 - 0x00007fffd79ba000 	C:\WINDOWS\SYSTEM32\WINHTTP.dll
0x00007fffdde90000 - 0x00007fffddefc000 	C:\WINDOWS\system32\mswsock.dll
0x00007fffd6170000 - 0x00007fffd6186000 	C:\Users\1\.vscode\extensions\redhat.java-1.40.0-win32-x64\jre\21.0.6-win32-x86_64\bin\nio.dll
0x00007fffd61d0000 - 0x00007fffd61e0000 	c:\Users\1\.vscode\extensions\redhat.java-1.40.0-win32-x64\jre\21.0.6-win32-x86_64\bin\verify.dll
0x00007fffd14d0000 - 0x00007fffd1515000 	C:\Users\1\AppData\Roaming\Code\User\globalStorage\redhat.java\1.40.0\config_win\org.eclipse.equinox.launcher\org.eclipse.equinox.launcher.win32.win32.x86_64_1.2.1200.v20250212-0927\eclipse_11909.dll
0x00007fffdf1e0000 - 0x00007fffdf30b000 	C:\WINDOWS\System32\ole32.dll
0x00007fffd5140000 - 0x00007fffd514a000 	C:\Users\1\.vscode\extensions\redhat.java-1.40.0-win32-x64\jre\21.0.6-win32-x86_64\bin\management.dll
0x00007fffd3d20000 - 0x00007fffd3d2b000 	C:\Users\1\.vscode\extensions\redhat.java-1.40.0-win32-x64\jre\21.0.6-win32-x86_64\bin\management_ext.dll
0x00007fffe01c0000 - 0x00007fffe01c8000 	C:\WINDOWS\System32\PSAPI.DLL
0x00007fffde080000 - 0x00007fffde098000 	C:\WINDOWS\SYSTEM32\CRYPTSP.dll
0x00007fffdd7b0000 - 0x00007fffdd7e4000 	C:\WINDOWS\system32\rsaenh.dll
0x00007fffde680000 - 0x00007fffde6ae000 	C:\WINDOWS\SYSTEM32\USERENV.dll
0x00007fffde0a0000 - 0x00007fffde0ac000 	C:\WINDOWS\SYSTEM32\CRYPTBASE.dll
0x00007fffddb70000 - 0x00007fffddbab000 	C:\WINDOWS\SYSTEM32\IPHLPAPI.DLL
0x00007fffdf640000 - 0x00007fffdf648000 	C:\WINDOWS\System32\NSI.dll
0x00007fffd1360000 - 0x00007fffd13a9000 	C:\Users\1\AppData\Local\Temp\jna-49\jna14199838110681287411.dll
0x00007fffd8520000 - 0x00007fffd8537000 	C:\WINDOWS\SYSTEM32\dhcpcsvc6.DLL
0x00007fffd8ad0000 - 0x00007fffd8aed000 	C:\WINDOWS\SYSTEM32\dhcpcsvc.DLL
0x00007fffd3d10000 - 0x00007fffd3d1e000 	C:\Users\1\.vscode\extensions\redhat.java-1.40.0-win32-x64\jre\21.0.6-win32-x86_64\bin\sunmscapi.dll
0x00007fffded10000 - 0x00007fffdee6c000 	C:\WINDOWS\System32\CRYPT32.dll
0x00007fffde1a0000 - 0x00007fffde1c7000 	C:\WINDOWS\SYSTEM32\ncrypt.dll
0x00007fffde160000 - 0x00007fffde19b000 	C:\WINDOWS\SYSTEM32\NTASN1.dll
0x00007fffddbb0000 - 0x00007fffddc7a000 	C:\WINDOWS\SYSTEM32\DNSAPI.dll
0x00007fffd5d80000 - 0x00007fffd5d8a000 	C:\Windows\System32\rasadhlp.dll
0x00007fffd4eb0000 - 0x00007fffd4f30000 	C:\WINDOWS\System32\fwpuclnt.dll
0x00007fffd3c70000 - 0x00007fffd3c79000 	C:\Users\1\.vscode\extensions\redhat.java-1.40.0-win32-x64\jre\21.0.6-win32-x86_64\bin\extnet.dll

dbghelp: loaded successfully - version: 4.0.5 - missing functions: none
symbol engine: initialized successfully - sym options: 0x614 - pdb path: .;c:\Users\1\.vscode\extensions\redhat.java-1.40.0-win32-x64\jre\21.0.6-win32-x86_64\bin;C:\WINDOWS\SYSTEM32;C:\WINDOWS\WinSxS\amd64_microsoft.windows.common-controls_6595b64144ccf1df_6.0.19041.4355_none_60b8b9eb71f62e16;c:\Users\1\.vscode\extensions\redhat.java-1.40.0-win32-x64\jre\21.0.6-win32-x86_64\bin\server;C:\Users\1\AppData\Roaming\Code\User\globalStorage\redhat.java\1.40.0\config_win\org.eclipse.equinox.launcher\org.eclipse.equinox.launcher.win32.win32.x86_64_1.2.1200.v20250212-0927;C:\Users\1\AppData\Local\Temp\jna-49

VM Arguments:
jvm_args: --add-modules=ALL-SYSTEM --add-opens=java.base/java.util=ALL-UNNAMED --add-opens=java.base/java.lang=ALL-UNNAMED --add-opens=java.base/sun.nio.fs=ALL-UNNAMED -Declipse.application=org.eclipse.jdt.ls.core.id1 -Dosgi.bundles.defaultStartLevel=4 -Declipse.product=org.eclipse.jdt.ls.core.product -Djava.import.generatesMetadataFilesAtProjectRoot=false -DDetectVMInstallationsJob.disabled=true -Dfile.encoding=utf8 -XX:+UseParallelGC -XX:GCTimeRatio=4 -XX:AdaptiveSizePolicyWeight=90 -Dsun.zip.disableMemoryMapping=true -Xmx1G -Xms100m -Xlog:disable -javaagent:c:\Users\1\.vscode\extensions\redhat.java-1.40.0-win32-x64\lombok\lombok-1.18.36.jar -XX:+HeapDumpOnOutOfMemoryError -XX:HeapDumpPath=c:\Users\1\AppData\Roaming\Code\User\workspaceStorage\b045f5d33f511c6176c922133368f7d6\redhat.java -Daether.dependencyCollector.impl=bf 
java_command: c:\Users\1\.vscode\extensions\redhat.java-1.40.0-win32-x64\server\plugins\org.eclipse.equinox.launcher_1.6.1000.v20250131-0606.jar -configuration c:\Users\1\AppData\Roaming\Code\User\globalStorage\redhat.java\1.40.0\config_win -data c:\Users\1\AppData\Roaming\Code\User\workspaceStorage\b045f5d33f511c6176c922133368f7d6\redhat.java\jdt_ws --pipe=\\.\pipe\lsp-fe56cbab6d186f2cbaf96bb614976ede-sock
java_class_path (initial): c:\Users\1\.vscode\extensions\redhat.java-1.40.0-win32-x64\server\plugins\org.eclipse.equinox.launcher_1.6.1000.v20250131-0606.jar
Launcher Type: SUN_STANDARD

[Global flags]
    uintx AdaptiveSizePolicyWeight                 = 90                                        {product} {command line}
     intx CICompilerCount                          = 3                                         {product} {ergonomic}
    uintx GCTimeRatio                              = 4                                         {product} {command line}
     bool HeapDumpOnOutOfMemoryError               = true                                   {manageable} {command line}
    ccstr HeapDumpPath                             = c:\Users\1\AppData\Roaming\Code\User\workspaceStorage\b045f5d33f511c6176c922133368f7d6\redhat.java         {manageable} {command line}
   size_t InitialHeapSize                          = 104857600                                 {product} {command line}
   size_t MaxHeapSize                              = 1073741824                                {product} {command line}
   size_t MaxNewSize                               = 357564416                                 {product} {ergonomic}
   size_t MinHeapDeltaBytes                        = 524288                                    {product} {ergonomic}
   size_t MinHeapSize                              = 104857600                                 {product} {command line}
   size_t NewSize                                  = 34603008                                  {product} {ergonomic}
    uintx NonNMethodCodeHeapSize                   = 5832780                                {pd product} {ergonomic}
    uintx NonProfiledCodeHeapSize                  = 122912730                              {pd product} {ergonomic}
   size_t OldSize                                  = 70254592                                  {product} {ergonomic}
    uintx ProfiledCodeHeapSize                     = 122912730                              {pd product} {ergonomic}
    uintx ReservedCodeCacheSize                    = 251658240                              {pd product} {ergonomic}
     bool SegmentedCodeCache                       = true                                      {product} {ergonomic}
   size_t SoftMaxHeapSize                          = 1073741824                             {manageable} {ergonomic}
     bool UseCompressedOops                        = true                           {product lp64_product} {ergonomic}
     bool UseLargePagesIndividualAllocation        = false                                  {pd product} {ergonomic}
     bool UseParallelGC                            = true                                      {product} {command line}

Logging:
Log output configuration:
 #0: stdout all=off uptime,level,tags foldmultilines=false
 #1: stderr all=off uptime,level,tags foldmultilines=false

Environment Variables:
JAVA_HOME=C:\Program Files\Java\jdk-19
PATH=C:\Program Files\Common Files\Oracle\Java\javapath;C:\WINDOWS\system32;C:\WINDOWS;C:\WINDOWS\System32\Wbem;C:\WINDOWS\System32\WindowsPowerShell\v1.0\;C:\WINDOWS\System32\OpenSSH\;C:\Program Files\Git\cmd;C:\ProgramData\chocolatey\bin;C:\Program Files\nodejs\;C:\Users\1\AppData\Local\Programs\Python\Python311\Scripts\;C:\Users\1\AppData\Local\Programs\Python\Python311\;C:\Program Files\MySQL\MySQL Shell 8.0\bin\;C:\Users\1\AppData\Local\Microsoft\WindowsApps;C:\Users\1\AppData\Local\Programs\Microsoft VS Code\bin;C:\Users\1\AppData\Roaming\npm;
USERNAME=1
OS=Windows_NT
PROCESSOR_IDENTIFIER=Intel64 Family 6 Model 60 Stepping 3, GenuineIntel
TMP=C:\Users\1\AppData\Local\Temp
TEMP=C:\Users\1\AppData\Local\Temp




Periodic native trim disabled

---------------  S Y S T E M  ---------------

OS:
 Windows 10 , 64 bit Build 19041 (10.0.19041.5438)
OS uptime: 13 days 6:15 hours

CPU: total 4 (initial active 4) (4 cores per cpu, 1 threads per core) family 6 model 60 stepping 3 microcode 0x27, cx8, cmov, fxsr, mmx, sse, sse2, sse3, ssse3, sse4.1, sse4.2, popcnt, lzcnt, tsc, tscinvbit, avx, avx2, aes, erms, clmul, bmi1, bmi2, fma, vzeroupper, clflush, rdtscp, f16c
Processor Information for the first 4 processors :
  Max Mhz: 3301, Current Mhz: 3301, Mhz Limit: 3301

Memory: 4k page, system-wide physical 8082M (1606M free)
TotalPageFile size 10130M (AvailPageFile size 3M)
current process WorkingSet (physical memory assigned to process): 282M, peak: 285M
current process commit charge ("private bytes"): 330M, peak: 333M

vm_info: OpenJDK 64-Bit Server VM (21.0.6+7-LTS) for windows-amd64 JRE (21.0.6+7-LTS), built on 2025-01-21T00:00:00Z by "admin" with MS VC++ 17.7 (VS2022)

END.
