#
# There is insufficient memory for the Java Runtime Environment to continue.
# Native memory allocation (malloc) failed to allocate 134816 bytes. Error detail: Chunk::new
# Possible reasons:
#   The system is out of physical RAM or swap space
#   This process is running with CompressedOops enabled, and the Java Heap may be blocking the growth of the native heap
# Possible solutions:
#   Reduce memory load on the system
#   Increase physical memory or swap space
#   Check if swap backing store is full
#   Decrease Java heap size (-Xmx/-Xms)
#   Decrease number of Java threads
#   Decrease Java thread stack sizes (-Xss)
#   Set larger code cache with -XX:ReservedCodeCacheSize=
#   JVM is running with Unscaled Compressed Oops mode in which the Java heap is
#     placed in the first 4GB address space. The Java Heap base address is the
#     maximum limit for the native heap growth. Please use -XX:HeapBaseMinAddress
#     to set the Java Heap base and to place the Java Heap above 4GB virtual address.
# This output file may be truncated or incomplete.
#
#  Out of Memory Error (arena.cpp:168), pid=14120, tid=7460
#
# JRE version: OpenJDK Runtime Environment Temurin-21.0.6+7 (21.0.6+7) (build 21.0.6+7-LTS)
# Java VM: OpenJDK 64-Bit Server VM Temurin-21.0.6+7 (21.0.6+7-LTS, mixed mode, sharing, tiered, compressed oops, compressed class ptrs, parallel gc, windows-amd64)
# No core dump will be written. Minidumps are not enabled by default on client versions of Windows
#

---------------  S U M M A R Y ------------

Command Line: --add-modules=ALL-SYSTEM --add-opens=java.base/java.util=ALL-UNNAMED --add-opens=java.base/java.lang=ALL-UNNAMED --add-opens=java.base/sun.nio.fs=ALL-UNNAMED -Declipse.application=org.eclipse.jdt.ls.core.id1 -Dosgi.bundles.defaultStartLevel=4 -Declipse.product=org.eclipse.jdt.ls.core.product -Djava.import.generatesMetadataFilesAtProjectRoot=false -DDetectVMInstallationsJob.disabled=true -Dfile.encoding=utf8 -XX:+UseParallelGC -XX:GCTimeRatio=4 -XX:AdaptiveSizePolicyWeight=90 -Dsun.zip.disableMemoryMapping=true -Xmx1G -Xms100m -Xlog:disable -javaagent:c:\Users\1\.vscode\extensions\redhat.java-1.40.0-win32-x64\lombok\lombok-1.18.36.jar -XX:+HeapDumpOnOutOfMemoryError -XX:HeapDumpPath=c:\Users\1\AppData\Roaming\Code\User\workspaceStorage\b045f5d33f511c6176c922133368f7d6\redhat.java -Daether.dependencyCollector.impl=bf c:\Users\1\.vscode\extensions\redhat.java-1.40.0-win32-x64\server\plugins\org.eclipse.equinox.launcher_1.6.1000.v20250131-0606.jar -configuration c:\Users\1\AppData\Roaming\Code\User\globalStorage\redhat.java\1.40.0\config_win -data c:\Users\1\AppData\Roaming\Code\User\workspaceStorage\b045f5d33f511c6176c922133368f7d6\redhat.java\jdt_ws --pipe=\\.\pipe\lsp-07ab5582d747158a9ba6dd862e1c77f6-sock

Host: Intel(R) Core(TM) i5-4590 CPU @ 3.30GHz, 4 cores, 7G,  Windows 10 , 64 bit Build 19041 (10.0.19041.5438)
Time: Sun Mar  2 16:37:26 2025 Hora est. Pacífico, Sudamérica elapsed time: 0.427468 seconds (0d 0h 0m 0s)

---------------  T H R E A D  ---------------

Current thread (0x00000174632e8eb0):  JavaThread "C2 CompilerThread1" daemon [_thread_in_native, id=7460, stack(0x000000727ca00000,0x000000727cb00000) (1024K)]


Current CompileTask:
C2:427  632       4       lombok.patcher.PatchScript::classMatches (41 bytes)

Stack: [0x000000727ca00000,0x000000727cb00000]
Native frames: (J=compiled Java code, j=interpreted, Vv=VM code, C=native code)
V  [jvm.dll+0x6cdee9]
V  [jvm.dll+0x8a83d1]
V  [jvm.dll+0x8aa8fe]
V  [jvm.dll+0x8aafe3]
V  [jvm.dll+0x27f706]
V  [jvm.dll+0xc500d]
V  [jvm.dll+0xc5543]
V  [jvm.dll+0x2f2acd]
V  [jvm.dll+0x5f6a2a]
V  [jvm.dll+0x250bb2]
V  [jvm.dll+0x249526]
V  [jvm.dll+0x246ec4]
V  [jvm.dll+0x1c75ee]
V  [jvm.dll+0x25685a]
V  [jvm.dll+0x254dfa]
V  [jvm.dll+0x3f0256]
V  [jvm.dll+0x851f8b]
V  [jvm.dll+0x6cc5ed]
C  [ucrtbase.dll+0x21bb2]
C  [KERNEL32.DLL+0x17374]
C  [ntdll.dll+0x4cc91]


---------------  P R O C E S S  ---------------

Threads class SMR info:
_java_thread_list=0x00000174632835e0, length=12, elements={
0x0000017408c62e90, 0x000001745e123370, 0x000001745e1278a0, 0x000001745e1287b0,
0x000001745e12a0b0, 0x000001745e12dc20, 0x000001745e12e8f0, 0x000001745e130110,
0x000001745e1604a0, 0x000001745e1fe500, 0x000001746335b3b0, 0x00000174632e8eb0
}

Java Threads: ( => current thread )
  0x0000017408c62e90 JavaThread "main"                              [_thread_in_vm, id=10116, stack(0x000000727bc00000,0x000000727bd00000) (1024K)]
  0x000001745e123370 JavaThread "Reference Handler"          daemon [_thread_blocked, id=7884, stack(0x000000727c000000,0x000000727c100000) (1024K)]
  0x000001745e1278a0 JavaThread "Finalizer"                  daemon [_thread_blocked, id=8208, stack(0x000000727c100000,0x000000727c200000) (1024K)]
  0x000001745e1287b0 JavaThread "Signal Dispatcher"          daemon [_thread_blocked, id=5260, stack(0x000000727c200000,0x000000727c300000) (1024K)]
  0x000001745e12a0b0 JavaThread "Attach Listener"            daemon [_thread_blocked, id=8060, stack(0x000000727c300000,0x000000727c400000) (1024K)]
  0x000001745e12dc20 JavaThread "Service Thread"             daemon [_thread_blocked, id=16316, stack(0x000000727c400000,0x000000727c500000) (1024K)]
  0x000001745e12e8f0 JavaThread "Monitor Deflation Thread"   daemon [_thread_blocked, id=2020, stack(0x000000727c500000,0x000000727c600000) (1024K)]
  0x000001745e130110 JavaThread "C2 CompilerThread0"         daemon [_thread_in_native, id=2960, stack(0x000000727c600000,0x000000727c700000) (1024K)]
  0x000001745e1604a0 JavaThread "C1 CompilerThread0"         daemon [_thread_blocked, id=3992, stack(0x000000727c700000,0x000000727c800000) (1024K)]
  0x000001745e1fe500 JavaThread "Common-Cleaner"             daemon [_thread_blocked, id=17996, stack(0x000000727c800000,0x000000727c900000) (1024K)]
  0x000001746335b3b0 JavaThread "Notification Thread"        daemon [_thread_blocked, id=5680, stack(0x000000727c900000,0x000000727ca00000) (1024K)]
=>0x00000174632e8eb0 JavaThread "C2 CompilerThread1"         daemon [_thread_in_native, id=7460, stack(0x000000727ca00000,0x000000727cb00000) (1024K)]
Total: 12

Other Threads:
  0x0000017408d1f230 VMThread "VM Thread"                           [id=11756, stack(0x000000727bf00000,0x000000727c000000) (1024K)]
  0x0000017408ccc730 WatcherThread "VM Periodic Task Thread"        [id=8732, stack(0x000000727be00000,0x000000727bf00000) (1024K)]
  0x0000017408c7fcb0 WorkerThread "GC Thread#0"                     [id=14400, stack(0x000000727bd00000,0x000000727be00000) (1024K)]
Total: 3

Threads with active compile tasks:
C2 CompilerThread0  446  649       4       java.lang.StringLatin1::newString (24 bytes)
C2 CompilerThread1  446  632       4       lombok.patcher.PatchScript::classMatches (41 bytes)
Total: 2

VM state: not at safepoint (normal execution)

VM Mutex/Monitor currently owned by a thread:  ([mutex/lock_event])
[0x00007fff898ac300] Metaspace_lock - owner thread: 0x0000017408c62e90

Heap address: 0x00000000c0000000, size: 1024 MB, Compressed Oops mode: 32-bit

CDS archive(s) mapped at: [0x000001741d000000-0x000001741dba0000-0x000001741dba0000), size 12189696, SharedBaseAddress: 0x000001741d000000, ArchiveRelocationMode: 1.
Compressed class space mapped at: 0x000001741e000000-0x000001745e000000, reserved size: 1073741824
Narrow klass base: 0x000001741d000000, Narrow klass shift: 0, Narrow klass range: 0x100000000

GC Precious Log:
 CardTable entry size: 512
 CPUs: 4 total, 4 available
 Memory: 8082M
 Large Page Support: Disabled
 NUMA Support: Disabled
 Compressed Oops: Enabled (32-bit)
 Alignments: Space 512K, Generation 512K, Heap 2M
 Heap Min Capacity: 100M
 Heap Initial Capacity: 100M
 Heap Max Capacity: 1G
 Pre-touch: Disabled
 Parallel Workers: 4

Heap:
 PSYoungGen      total 29696K, used 12843K [0x00000000eab00000, 0x00000000ecc00000, 0x0000000100000000)
  eden space 25600K, 50% used [0x00000000eab00000,0x00000000eb78ac98,0x00000000ec400000)
  from space 4096K, 0% used [0x00000000ec800000,0x00000000ec800000,0x00000000ecc00000)
  to   space 4096K, 0% used [0x00000000ec400000,0x00000000ec400000,0x00000000ec800000)
 ParOldGen       total 68608K, used 0K [0x00000000c0000000, 0x00000000c4300000, 0x00000000eab00000)
  object space 68608K, 0% used [0x00000000c0000000,0x00000000c0000000,0x00000000c4300000)
 Metaspace       used 2259K, committed 2432K, reserved 1114112K
  class space    used 224K, committed 320K, reserved 1048576K

Card table byte_map: [0x0000017408610000,0x0000017408820000] _byte_map_base: 0x0000017408010000

Marking Bits: (ParMarkBitMap*) 0x00007fff898b3260
 Begin Bits: [0x000001741ae60000, 0x000001741be60000)
 End Bits:   [0x000001741be60000, 0x000001741ce60000)

Polling page: 0x0000017406ad0000

Metaspace:

Usage:
  Non-class:      1.99 MB used.
      Class:    224.05 KB used.
       Both:      2.21 MB used.

Virtual space:
  Non-class space:       64.00 MB reserved,       2.06 MB (  3%) committed,  1 nodes.
      Class space:        1.00 GB reserved,     320.00 KB ( <1%) committed,  1 nodes.
             Both:        1.06 GB reserved,       2.38 MB ( <1%) committed. 

Chunk freelists:
   Non-Class:  11.65 MB
       Class:  15.67 MB
        Both:  27.32 MB

MaxMetaspaceSize: unlimited
CompressedClassSpaceSize: 1.00 GB
Initial GC threshold: 21.00 MB
Current GC threshold: 21.00 MB
CDS: on
 - commit_granule_bytes: 65536.
 - commit_granule_words: 8192.
 - virtual_space_node_default_size: 8388608.
 - enlarge_chunks_in_place: 1.
 - use_allocation_guard: 0.


Internal statistics:

num_allocs_failed_limit: 0.
num_arena_births: 80.
num_arena_deaths: 0.
num_vsnodes_births: 2.
num_vsnodes_deaths: 0.
num_space_committed: 38.
num_space_uncommitted: 0.
num_chunks_returned_to_freelist: 0.
num_chunks_taken_from_freelist: 102.
num_chunk_merges: 0.
num_chunk_splits: 71.
num_chunks_enlarged: 46.
num_inconsistent_stats: 0.

CodeHeap 'non-profiled nmethods': size=120000Kb used=243Kb max_used=243Kb free=119756Kb
 bounds [0x0000017413930000, 0x0000017413ba0000, 0x000001741ae60000]
CodeHeap 'profiled nmethods': size=120000Kb used=958Kb max_used=958Kb free=119041Kb
 bounds [0x000001740be60000, 0x000001740c0d0000, 0x0000017413390000]
CodeHeap 'non-nmethods': size=5760Kb used=1172Kb max_used=1187Kb free=4587Kb
 bounds [0x0000017413390000, 0x0000017413600000, 0x0000017413930000]
 total_blobs=1084 nmethods=656 adapters=335
 compilation: enabled
              stopped_count=0, restarted_count=0
 full_count=0

Compilation events (20 events):
Event: 0.416 Thread 0x000001745e1604a0 nmethod 634 0x000001740bf46110 code [0x000001740bf462c0, 0x000001740bf465f0]
Event: 0.416 Thread 0x000001745e1604a0  635       3       java.lang.StringLatin1::toLowerCase (186 bytes)
Event: 0.416 Thread 0x000001745e1604a0 nmethod 635 0x000001740bf46790 code [0x000001740bf46a20, 0x000001740bf474a8]
Event: 0.418 Thread 0x000001745e1604a0  639       3       java.io.ByteArrayOutputStream::ensureCapacity (32 bytes)
Event: 0.418 Thread 0x000001745e1604a0 nmethod 639 0x000001740bf47910 code [0x000001740bf47ae0, 0x000001740bf47e38]
Event: 0.418 Thread 0x00000174632e8eb0  632       4       lombok.patcher.PatchScript::classMatches (41 bytes)
Event: 0.420 Thread 0x000001745e130110 nmethod 629 0x0000017413968190 code [0x00000174139683a0, 0x0000017413968ac0]
Event: 0.420 Thread 0x000001745e130110  636       4       java.lang.CharacterData::of (136 bytes)
Event: 0.420 Thread 0x000001745e130110 nmethod 636 0x0000017413968f90 code [0x0000017413969120, 0x00000174139691b8]
Event: 0.420 Thread 0x000001745e130110  637       4       java.lang.CharacterDataLatin1::digit (32 bytes)
Event: 0.421 Thread 0x000001745e130110 nmethod 637 0x0000017413969290 code [0x0000017413969420, 0x0000017413969540]
Event: 0.421 Thread 0x000001745e130110  638       4       java.util.Arrays::checkLength (38 bytes)
Event: 0.421 Thread 0x000001745e130110 nmethod 638 0x0000017413969690 code [0x0000017413969820, 0x00000174139698a8]
Event: 0.422 Thread 0x000001745e130110  640       4       java.lang.Character::digit (6 bytes)
Event: 0.423 Thread 0x000001745e130110 nmethod 640 0x0000017413969990 code [0x0000017413969b20, 0x0000017413969c48]
Event: 0.423 Thread 0x000001745e1604a0  641       3       java.math.BigInteger::<init> (404 bytes)
Event: 0.423 Thread 0x000001745e130110  643       4       java.math.BigInteger::destructiveMulAdd (150 bytes)
Event: 0.425 Thread 0x000001745e1604a0 nmethod 641 0x000001740bf47f90 code [0x000001740bf48460, 0x000001740bf4a4b8]
Event: 0.425 Thread 0x000001745e1604a0  642       3       java.math.BigInteger::getInt (63 bytes)
Event: 0.425 Thread 0x000001745e1604a0 nmethod 642 0x000001740bf4b310 code [0x000001740bf4b500, 0x000001740bf4b8c8]

GC Heap History (0 events):
No events

Dll operation events (8 events):
Event: 0.007 Loaded shared library c:\Users\1\.vscode\extensions\redhat.java-1.40.0-win32-x64\jre\21.0.6-win32-x86_64\bin\java.dll
Event: 0.036 Loaded shared library c:\Users\1\.vscode\extensions\redhat.java-1.40.0-win32-x64\jre\21.0.6-win32-x86_64\bin\zip.dll
Event: 0.107 Loaded shared library C:\Users\1\.vscode\extensions\redhat.java-1.40.0-win32-x64\jre\21.0.6-win32-x86_64\bin\instrument.dll
Event: 0.112 Loaded shared library C:\Users\1\.vscode\extensions\redhat.java-1.40.0-win32-x64\jre\21.0.6-win32-x86_64\bin\net.dll
Event: 0.114 Loaded shared library C:\Users\1\.vscode\extensions\redhat.java-1.40.0-win32-x64\jre\21.0.6-win32-x86_64\bin\nio.dll
Event: 0.117 Loaded shared library C:\Users\1\.vscode\extensions\redhat.java-1.40.0-win32-x64\jre\21.0.6-win32-x86_64\bin\zip.dll
Event: 0.134 Loaded shared library C:\Users\1\.vscode\extensions\redhat.java-1.40.0-win32-x64\jre\21.0.6-win32-x86_64\bin\jimage.dll
Event: 0.198 Loaded shared library c:\Users\1\.vscode\extensions\redhat.java-1.40.0-win32-x64\jre\21.0.6-win32-x86_64\bin\verify.dll

Deoptimization events (20 events):
Event: 0.374 Thread 0x0000017408c62e90 Uncommon trap: trap_request=0xffffffde fr.pc=0x0000017413963344 relative=0x0000000000000124
Event: 0.374 Thread 0x0000017408c62e90 Uncommon trap: reason=class_check action=maybe_recompile pc=0x0000017413963344 method=jdk.internal.misc.Unsafe.allocateUninitializedArray(Ljava/lang/Class;I)Ljava/lang/Object; @ 51 c2
Event: 0.374 Thread 0x0000017408c62e90 DEOPT PACKING pc=0x0000017413963344 sp=0x000000727bcfbb70
Event: 0.374 Thread 0x0000017408c62e90 DEOPT UNPACKING pc=0x00000174133e3aa2 sp=0x000000727bcfbae8 mode 2
Event: 0.374 Thread 0x0000017408c62e90 Uncommon trap: trap_request=0xffffffde fr.pc=0x0000017413963344 relative=0x0000000000000124
Event: 0.374 Thread 0x0000017408c62e90 Uncommon trap: reason=class_check action=maybe_recompile pc=0x0000017413963344 method=jdk.internal.misc.Unsafe.allocateUninitializedArray(Ljava/lang/Class;I)Ljava/lang/Object; @ 51 c2
Event: 0.374 Thread 0x0000017408c62e90 DEOPT PACKING pc=0x0000017413963344 sp=0x000000727bcfb970
Event: 0.374 Thread 0x0000017408c62e90 DEOPT UNPACKING pc=0x00000174133e3aa2 sp=0x000000727bcfb8e8 mode 2
Event: 0.374 Thread 0x0000017408c62e90 Uncommon trap: trap_request=0xffffffde fr.pc=0x0000017413963344 relative=0x0000000000000124
Event: 0.374 Thread 0x0000017408c62e90 Uncommon trap: reason=class_check action=maybe_recompile pc=0x0000017413963344 method=jdk.internal.misc.Unsafe.allocateUninitializedArray(Ljava/lang/Class;I)Ljava/lang/Object; @ 51 c2
Event: 0.374 Thread 0x0000017408c62e90 DEOPT PACKING pc=0x0000017413963344 sp=0x000000727bcfba00
Event: 0.374 Thread 0x0000017408c62e90 DEOPT UNPACKING pc=0x00000174133e3aa2 sp=0x000000727bcfb978 mode 2
Event: 0.375 Thread 0x0000017408c62e90 Uncommon trap: trap_request=0xffffffde fr.pc=0x0000017413963344 relative=0x0000000000000124
Event: 0.375 Thread 0x0000017408c62e90 Uncommon trap: reason=class_check action=maybe_recompile pc=0x0000017413963344 method=jdk.internal.misc.Unsafe.allocateUninitializedArray(Ljava/lang/Class;I)Ljava/lang/Object; @ 51 c2
Event: 0.375 Thread 0x0000017408c62e90 DEOPT PACKING pc=0x0000017413963344 sp=0x000000727bcfc490
Event: 0.375 Thread 0x0000017408c62e90 DEOPT UNPACKING pc=0x00000174133e3aa2 sp=0x000000727bcfc408 mode 2
Event: 0.390 Thread 0x0000017408c62e90 Uncommon trap: trap_request=0xffffff45 fr.pc=0x0000017413953374 relative=0x00000000000000d4
Event: 0.390 Thread 0x0000017408c62e90 Uncommon trap: reason=unstable_if action=reinterpret pc=0x0000017413953374 method=java.net.URI.match(CJJ)Z @ 45 c2
Event: 0.390 Thread 0x0000017408c62e90 DEOPT PACKING pc=0x0000017413953374 sp=0x000000727bcfd210
Event: 0.390 Thread 0x0000017408c62e90 DEOPT UNPACKING pc=0x00000174133e3aa2 sp=0x000000727bcfd178 mode 2

Classes loaded (20 events):
Event: 0.408 Loading class sun/security/util/AbstractAlgorithmConstraints$1
Event: 0.408 Loading class sun/security/util/AbstractAlgorithmConstraints$1 done
Event: 0.410 Loading class sun/security/util/DisabledAlgorithmConstraints$Constraints
Event: 0.410 Loading class sun/security/util/DisabledAlgorithmConstraints$Constraints done
Event: 0.410 Loading class sun/security/util/CurveDB
Event: 0.411 Loading class sun/security/util/CurveDB done
Event: 0.412 Loading class java/security/spec/ECFieldFp
Event: 0.412 Loading class java/security/spec/ECField
Event: 0.412 Loading class java/security/spec/ECField done
Event: 0.412 Loading class java/security/spec/ECFieldFp done
Event: 0.412 Loading class java/security/spec/EllipticCurve
Event: 0.413 Loading class java/security/spec/EllipticCurve done
Event: 0.413 Loading class java/security/spec/ECPoint
Event: 0.414 Loading class java/security/spec/ECPoint done
Event: 0.414 Loading class sun/security/util/NamedCurve
Event: 0.414 Loading class java/security/spec/ECParameterSpec
Event: 0.414 Loading class java/security/spec/ECParameterSpec done
Event: 0.414 Loading class sun/security/util/NamedCurve done
Event: 0.417 Loading class java/security/spec/ECFieldF2m
Event: 0.417 Loading class java/security/spec/ECFieldF2m done

Classes unloaded (0 events):
No events

Classes redefined (0 events):
No events

Internal exceptions (12 events):
Event: 0.082 Thread 0x0000017408c62e90 Exception <a 'java/lang/NoSuchMethodError'{0x00000000ead1f590}: 'void java.lang.invoke.DirectMethodHandle$Holder.invokeStatic(java.lang.Object, java.lang.Object, java.lang.Object)'> (0x00000000ead1f590) 
thrown [s\src\hotspot\share\interpreter\linkResolver.cpp, line 773]
Event: 0.128 Thread 0x0000017408c62e90 Exception <a 'java/lang/NoSuchMethodError'{0x00000000eae87c60}: 'java.lang.Object java.lang.invoke.Invokers$Holder.invokeExact_MT(java.lang.Object, java.lang.Object, java.lang.Object, java.lang.Object, java.lang.Object)'> (0x00000000eae87c60) 
thrown [s\src\hotspot\share\interpreter\linkResolver.cpp, line 773]
Event: 0.164 Thread 0x0000017408c62e90 Exception <a 'java/lang/NoSuchMethodError'{0x00000000eaf40728}: 'int java.lang.invoke.DirectMethodHandle$Holder.invokeSpecial(java.lang.Object, java.lang.Object, java.lang.Object, int)'> (0x00000000eaf40728) 
thrown [s\src\hotspot\share\interpreter\linkResolver.cpp, line 773]
Event: 0.166 Thread 0x0000017408c62e90 Exception <a 'java/lang/NoSuchMethodError'{0x00000000eaf53110}: 'java.lang.Object java.lang.invoke.DirectMethodHandle$Holder.invokeStatic(java.lang.Object, java.lang.Object, java.lang.Object, java.lang.Object, int)'> (0x00000000eaf53110) 
thrown [s\src\hotspot\share\interpreter\linkResolver.cpp, line 773]
Event: 0.167 Thread 0x0000017408c62e90 Exception <a 'java/lang/NoSuchMethodError'{0x00000000eaf5e550}: 'void java.lang.invoke.DelegatingMethodHandle$Holder.reinvoke_L(java.lang.Object, java.lang.Object, java.lang.Object, int, java.lang.Object)'> (0x00000000eaf5e550) 
thrown [s\src\hotspot\share\interpreter\linkResolver.cpp, line 773]
Event: 0.167 Thread 0x0000017408c62e90 Exception <a 'java/lang/NoSuchMethodError'{0x00000000eaf61f88}: 'int java.lang.invoke.DirectMethodHandle$Holder.invokeSpecial(java.lang.Object, java.lang.Object, java.lang.Object)'> (0x00000000eaf61f88) 
thrown [s\src\hotspot\share\interpreter\linkResolver.cpp, line 773]
Event: 0.171 Thread 0x0000017408c62e90 Exception <a 'java/lang/NoSuchMethodError'{0x00000000eaf7ae20}: 'java.lang.Object java.lang.invoke.DirectMethodHandle$Holder.invokeStatic(java.lang.Object, java.lang.Object, int)'> (0x00000000eaf7ae20) 
thrown [s\src\hotspot\share\interpreter\linkResolver.cpp, line 773]
Event: 0.171 Thread 0x0000017408c62e90 Exception <a 'java/lang/NoSuchMethodError'{0x00000000eaf7f770}: 'void java.lang.invoke.DirectMethodHandle$Holder.invokeStatic(java.lang.Object, java.lang.Object, int, java.lang.Object)'> (0x00000000eaf7f770) 
thrown [s\src\hotspot\share\interpreter\linkResolver.cpp, line 773]
Event: 0.172 Thread 0x0000017408c62e90 Exception <a 'java/lang/NoSuchMethodError'{0x00000000eaf83300}: 'void java.lang.invoke.DirectMethodHandle$Holder.invokeSpecial(java.lang.Object, java.lang.Object, java.lang.Object, int, java.lang.Object)'> (0x00000000eaf83300) 
thrown [s\src\hotspot\share\interpreter\linkResolver.cpp, line 773]
Event: 0.172 Thread 0x0000017408c62e90 Exception <a 'java/lang/NoSuchMethodError'{0x00000000eaf86770}: 'void java.lang.invoke.DelegatingMethodHandle$Holder.delegate(java.lang.Object, java.lang.Object, int, java.lang.Object)'> (0x00000000eaf86770) 
thrown [s\src\hotspot\share\interpreter\linkResolver.cpp, line 773]
Event: 0.224 Thread 0x0000017408c62e90 Exception <a 'java/lang/NoSuchMethodError'{0x00000000eb142768}: 'void java.lang.invoke.DelegatingMethodHandle$Holder.reinvoke_L(java.lang.Object, java.lang.Object, java.lang.Object, int)'> (0x00000000eb142768) 
thrown [s\src\hotspot\share\interpreter\linkResolver.cpp, line 773]
Event: 0.374 Thread 0x0000017408c62e90 Exception <a 'java/lang/NoSuchMethodError'{0x00000000eb5cf448}: 'void java.lang.invoke.DirectMethodHandle$Holder.invokeVirtual(java.lang.Object, java.lang.Object)'> (0x00000000eb5cf448) 
thrown [s\src\hotspot\share\interpreter\linkResolver.cpp, line 773]

ZGC Phase Switch (0 events):
No events

VM Operations (4 events):
Event: 0.084 Executing VM operation: HandshakeAllThreads (Deoptimize)
Event: 0.084 Executing VM operation: HandshakeAllThreads (Deoptimize) done
Event: 0.145 Executing VM operation: HandshakeAllThreads (Deoptimize)
Event: 0.145 Executing VM operation: HandshakeAllThreads (Deoptimize) done

Memory protections (0 events):
No events

Nmethod flushes (0 events):
No events

Events (12 events):
Event: 0.024 Thread 0x0000017408c62e90 Thread added: 0x0000017408c62e90
Event: 0.037 Thread 0x0000017408c62e90 Thread added: 0x000001745e123370
Event: 0.037 Thread 0x0000017408c62e90 Thread added: 0x000001745e1278a0
Event: 0.038 Thread 0x0000017408c62e90 Thread added: 0x000001745e1287b0
Event: 0.038 Thread 0x0000017408c62e90 Thread added: 0x000001745e12a0b0
Event: 0.038 Thread 0x0000017408c62e90 Thread added: 0x000001745e12dc20
Event: 0.038 Thread 0x0000017408c62e90 Thread added: 0x000001745e12e8f0
Event: 0.038 Thread 0x0000017408c62e90 Thread added: 0x000001745e130110
Event: 0.043 Thread 0x0000017408c62e90 Thread added: 0x000001745e1604a0
Event: 0.074 Thread 0x0000017408c62e90 Thread added: 0x000001745e1fe500
Event: 0.305 Thread 0x0000017408c62e90 Thread added: 0x000001746335b3b0
Event: 0.418 Thread 0x000001745e1604a0 Thread added: 0x00000174632e8eb0


Dynamic libraries:
0x00007ff7b5fa0000 - 0x00007ff7b5fae000 	c:\Users\1\.vscode\extensions\redhat.java-1.40.0-win32-x64\jre\21.0.6-win32-x86_64\bin\java.exe
0x00007fffe1130000 - 0x00007fffe1328000 	C:\WINDOWS\SYSTEM32\ntdll.dll
0x00007fffdf570000 - 0x00007fffdf632000 	C:\WINDOWS\System32\KERNEL32.DLL
0x00007fffde920000 - 0x00007fffdec1f000 	C:\WINDOWS\System32\KERNELBASE.dll
0x00007fffdef90000 - 0x00007fffdf090000 	C:\WINDOWS\System32\ucrtbase.dll
0x00007fffd3690000 - 0x00007fffd36a8000 	c:\Users\1\.vscode\extensions\redhat.java-1.40.0-win32-x64\jre\21.0.6-win32-x86_64\bin\jli.dll
0x00007fffdf750000 - 0x00007fffdf8ed000 	C:\WINDOWS\System32\USER32.dll
0x00007fffdf090000 - 0x00007fffdf0b2000 	C:\WINDOWS\System32\win32u.dll
0x00007fffdf150000 - 0x00007fffdf17b000 	C:\WINDOWS\System32\GDI32.dll
0x00007fffdee70000 - 0x00007fffdef8a000 	C:\WINDOWS\System32\gdi32full.dll
0x00007fffdec20000 - 0x00007fffdecbd000 	C:\WINDOWS\System32\msvcp_win.dll
0x00007fffd3670000 - 0x00007fffd368e000 	c:\Users\1\.vscode\extensions\redhat.java-1.40.0-win32-x64\jre\21.0.6-win32-x86_64\bin\VCRUNTIME140.dll
0x00007fffd2a70000 - 0x00007fffd2d0a000 	C:\WINDOWS\WinSxS\amd64_microsoft.windows.common-controls_6595b64144ccf1df_6.0.19041.4355_none_60b8b9eb71f62e16\COMCTL32.dll
0x00007fffdf4b0000 - 0x00007fffdf54e000 	C:\WINDOWS\System32\msvcrt.dll
0x00007fffe0290000 - 0x00007fffe02bf000 	C:\WINDOWS\System32\IMM32.DLL
0x00007fffdb820000 - 0x00007fffdb82c000 	c:\Users\1\.vscode\extensions\redhat.java-1.40.0-win32-x64\jre\21.0.6-win32-x86_64\bin\vcruntime140_1.dll
0x00007fffd35e0000 - 0x00007fffd366d000 	c:\Users\1\.vscode\extensions\redhat.java-1.40.0-win32-x64\jre\21.0.6-win32-x86_64\bin\msvcp140.dll
0x00007fff88c00000 - 0x00007fff89990000 	c:\Users\1\.vscode\extensions\redhat.java-1.40.0-win32-x64\jre\21.0.6-win32-x86_64\bin\server\jvm.dll
0x00007fffdfa20000 - 0x00007fffdfacf000 	C:\WINDOWS\System32\ADVAPI32.dll
0x00007fffe0730000 - 0x00007fffe07cf000 	C:\WINDOWS\System32\sechost.dll
0x00007fffdf8f0000 - 0x00007fffdfa13000 	C:\WINDOWS\System32\RPCRT4.dll
0x00007fffde7d0000 - 0x00007fffde7f7000 	C:\WINDOWS\System32\bcrypt.dll
0x00007fffdf6e0000 - 0x00007fffdf74b000 	C:\WINDOWS\System32\WS2_32.dll
0x00007fffde580000 - 0x00007fffde5cb000 	C:\WINDOWS\SYSTEM32\POWRPROF.dll
0x00007fffd0f90000 - 0x00007fffd0fb7000 	C:\WINDOWS\SYSTEM32\WINMM.dll
0x00007fffd4360000 - 0x00007fffd436a000 	C:\WINDOWS\SYSTEM32\VERSION.dll
0x00007fffde560000 - 0x00007fffde572000 	C:\WINDOWS\SYSTEM32\UMPDC.dll
0x00007fffdc670000 - 0x00007fffdc682000 	C:\WINDOWS\SYSTEM32\kernel.appcore.dll
0x00007fffd3c70000 - 0x00007fffd3c7a000 	c:\Users\1\.vscode\extensions\redhat.java-1.40.0-win32-x64\jre\21.0.6-win32-x86_64\bin\jimage.dll
0x00007fffcde20000 - 0x00007fffce004000 	C:\WINDOWS\SYSTEM32\DBGHELP.DLL
0x00007fffcd910000 - 0x00007fffcd944000 	C:\WINDOWS\SYSTEM32\dbgcore.DLL
0x00007fffdf0c0000 - 0x00007fffdf142000 	C:\WINDOWS\System32\bcryptPrimitives.dll
0x00007fffd35d0000 - 0x00007fffd35df000 	c:\Users\1\.vscode\extensions\redhat.java-1.40.0-win32-x64\jre\21.0.6-win32-x86_64\bin\instrument.dll
0x00007fffd34b0000 - 0x00007fffd34cf000 	c:\Users\1\.vscode\extensions\redhat.java-1.40.0-win32-x64\jre\21.0.6-win32-x86_64\bin\java.dll
0x00007fffe07d0000 - 0x00007fffe0f3d000 	C:\WINDOWS\System32\SHELL32.dll
0x00007fffdc870000 - 0x00007fffdd014000 	C:\WINDOWS\SYSTEM32\windows.storage.dll
0x00007fffe03d0000 - 0x00007fffe0725000 	C:\WINDOWS\System32\combase.dll
0x00007fffde130000 - 0x00007fffde15f000 	C:\WINDOWS\SYSTEM32\Wldp.dll
0x00007fffe1020000 - 0x00007fffe10ed000 	C:\WINDOWS\System32\OLEAUT32.dll
0x00007fffe02c0000 - 0x00007fffe036d000 	C:\WINDOWS\System32\SHCORE.dll
0x00007fffe0160000 - 0x00007fffe01b5000 	C:\WINDOWS\System32\shlwapi.dll
0x00007fffde700000 - 0x00007fffde724000 	C:\WINDOWS\SYSTEM32\profapi.dll
0x00007fffd3490000 - 0x00007fffd34a8000 	c:\Users\1\.vscode\extensions\redhat.java-1.40.0-win32-x64\jre\21.0.6-win32-x86_64\bin\zip.dll
0x00007fffd3350000 - 0x00007fffd3360000 	C:\Users\1\.vscode\extensions\redhat.java-1.40.0-win32-x64\jre\21.0.6-win32-x86_64\bin\net.dll
0x00007fffd78b0000 - 0x00007fffd79ba000 	C:\WINDOWS\SYSTEM32\WINHTTP.dll
0x00007fffdde90000 - 0x00007fffddefc000 	C:\WINDOWS\system32\mswsock.dll
0x00007fffd3330000 - 0x00007fffd3346000 	C:\Users\1\.vscode\extensions\redhat.java-1.40.0-win32-x64\jre\21.0.6-win32-x86_64\bin\nio.dll
0x00007fffd3320000 - 0x00007fffd3330000 	c:\Users\1\.vscode\extensions\redhat.java-1.40.0-win32-x64\jre\21.0.6-win32-x86_64\bin\verify.dll

dbghelp: loaded successfully - version: 4.0.5 - missing functions: none
symbol engine: initialized successfully - sym options: 0x614 - pdb path: .;c:\Users\1\.vscode\extensions\redhat.java-1.40.0-win32-x64\jre\21.0.6-win32-x86_64\bin;C:\WINDOWS\SYSTEM32;C:\WINDOWS\WinSxS\amd64_microsoft.windows.common-controls_6595b64144ccf1df_6.0.19041.4355_none_60b8b9eb71f62e16;c:\Users\1\.vscode\extensions\redhat.java-1.40.0-win32-x64\jre\21.0.6-win32-x86_64\bin\server

VM Arguments:
jvm_args: --add-modules=ALL-SYSTEM --add-opens=java.base/java.util=ALL-UNNAMED --add-opens=java.base/java.lang=ALL-UNNAMED --add-opens=java.base/sun.nio.fs=ALL-UNNAMED -Declipse.application=org.eclipse.jdt.ls.core.id1 -Dosgi.bundles.defaultStartLevel=4 -Declipse.product=org.eclipse.jdt.ls.core.product -Djava.import.generatesMetadataFilesAtProjectRoot=false -DDetectVMInstallationsJob.disabled=true -Dfile.encoding=utf8 -XX:+UseParallelGC -XX:GCTimeRatio=4 -XX:AdaptiveSizePolicyWeight=90 -Dsun.zip.disableMemoryMapping=true -Xmx1G -Xms100m -Xlog:disable -javaagent:c:\Users\1\.vscode\extensions\redhat.java-1.40.0-win32-x64\lombok\lombok-1.18.36.jar -XX:+HeapDumpOnOutOfMemoryError -XX:HeapDumpPath=c:\Users\1\AppData\Roaming\Code\User\workspaceStorage\b045f5d33f511c6176c922133368f7d6\redhat.java -Daether.dependencyCollector.impl=bf 
java_command: c:\Users\1\.vscode\extensions\redhat.java-1.40.0-win32-x64\server\plugins\org.eclipse.equinox.launcher_1.6.1000.v20250131-0606.jar -configuration c:\Users\1\AppData\Roaming\Code\User\globalStorage\redhat.java\1.40.0\config_win -data c:\Users\1\AppData\Roaming\Code\User\workspaceStorage\b045f5d33f511c6176c922133368f7d6\redhat.java\jdt_ws --pipe=\\.\pipe\lsp-07ab5582d747158a9ba6dd862e1c77f6-sock
java_class_path (initial): c:\Users\1\.vscode\extensions\redhat.java-1.40.0-win32-x64\server\plugins\org.eclipse.equinox.launcher_1.6.1000.v20250131-0606.jar
Launcher Type: SUN_STANDARD

[Global flags]
    uintx AdaptiveSizePolicyWeight                 = 90                                        {product} {command line}
     intx CICompilerCount                          = 3                                         {product} {ergonomic}
    uintx GCTimeRatio                              = 4                                         {product} {command line}
     bool HeapDumpOnOutOfMemoryError               = true                                   {manageable} {command line}
    ccstr HeapDumpPath                             = c:\Users\1\AppData\Roaming\Code\User\workspaceStorage\b045f5d33f511c6176c922133368f7d6\redhat.java         {manageable} {command line}
   size_t InitialHeapSize                          = 104857600                                 {product} {command line}
   size_t MaxHeapSize                              = 1073741824                                {product} {command line}
   size_t MaxNewSize                               = 357564416                                 {product} {ergonomic}
   size_t MinHeapDeltaBytes                        = 524288                                    {product} {ergonomic}
   size_t MinHeapSize                              = 104857600                                 {product} {command line}
   size_t NewSize                                  = 34603008                                  {product} {ergonomic}
    uintx NonNMethodCodeHeapSize                   = 5832780                                {pd product} {ergonomic}
    uintx NonProfiledCodeHeapSize                  = 122912730                              {pd product} {ergonomic}
   size_t OldSize                                  = 70254592                                  {product} {ergonomic}
    uintx ProfiledCodeHeapSize                     = 122912730                              {pd product} {ergonomic}
    uintx ReservedCodeCacheSize                    = 251658240                              {pd product} {ergonomic}
     bool SegmentedCodeCache                       = true                                      {product} {ergonomic}
   size_t SoftMaxHeapSize                          = 1073741824                             {manageable} {ergonomic}
     bool UseCompressedOops                        = true                           {product lp64_product} {ergonomic}
     bool UseLargePagesIndividualAllocation        = false                                  {pd product} {ergonomic}
     bool UseParallelGC                            = true                                      {product} {command line}

Logging:
Log output configuration:
 #0: stdout all=off uptime,level,tags foldmultilines=false
 #1: stderr all=off uptime,level,tags foldmultilines=false

Environment Variables:
JAVA_HOME=C:\Program Files\Java\jdk-19
PATH=C:\Program Files\Common Files\Oracle\Java\javapath;C:\WINDOWS\system32;C:\WINDOWS;C:\WINDOWS\System32\Wbem;C:\WINDOWS\System32\WindowsPowerShell\v1.0\;C:\WINDOWS\System32\OpenSSH\;C:\Program Files\Git\cmd;C:\ProgramData\chocolatey\bin;C:\Program Files\nodejs\;C:\Users\1\AppData\Local\Programs\Python\Python311\Scripts\;C:\Users\1\AppData\Local\Programs\Python\Python311\;C:\Program Files\MySQL\MySQL Shell 8.0\bin\;C:\Users\1\AppData\Local\Microsoft\WindowsApps;C:\Users\1\AppData\Local\Programs\Microsoft VS Code\bin;C:\Users\1\AppData\Roaming\npm;
USERNAME=1
OS=Windows_NT
PROCESSOR_IDENTIFIER=Intel64 Family 6 Model 60 Stepping 3, GenuineIntel
TMP=C:\Users\1\AppData\Local\Temp
TEMP=C:\Users\1\AppData\Local\Temp




Periodic native trim disabled

---------------  S Y S T E M  ---------------

OS:
 Windows 10 , 64 bit Build 19041 (10.0.19041.5438)
OS uptime: 13 days 5:49 hours

CPU: total 4 (initial active 4) (4 cores per cpu, 1 threads per core) family 6 model 60 stepping 3 microcode 0x27, cx8, cmov, fxsr, mmx, sse, sse2, sse3, ssse3, sse4.1, sse4.2, popcnt, lzcnt, tsc, tscinvbit, avx, avx2, aes, erms, clmul, bmi1, bmi2, fma, vzeroupper, clflush, rdtscp, f16c
Processor Information for the first 4 processors :
  Max Mhz: 3301, Current Mhz: 3301, Mhz Limit: 3301

Memory: 4k page, system-wide physical 8082M (1756M free)
TotalPageFile size 10130M (AvailPageFile size 2M)
current process WorkingSet (physical memory assigned to process): 52M, peak: 52M
current process commit charge ("private bytes"): 179M, peak: 180M

vm_info: OpenJDK 64-Bit Server VM (21.0.6+7-LTS) for windows-amd64 JRE (21.0.6+7-LTS), built on 2025-01-21T00:00:00Z by "admin" with MS VC++ 17.7 (VS2022)

END.
